#
# A fatal error has been detected by the Java Runtime Environment:
#
#  EXCEPTION_ACCESS_VIOLATION (0xc0000005) at pc=0x00007ff8376979d2, pid=15756, tid=7780
#
# JRE version: Java(TM) SE Runtime Environment (21.0.1+12) (build 21.0.1+12-LTS-29)
# Java VM: Java HotSpot(TM) 64-Bit Server VM (21.0.1+12-LTS-29, mixed mode, sharing, tiered, compressed oops, compressed class ptrs, g1 gc, windows-amd64)
# Problematic frame:
# V  [jvm.dll+0x4479d2]
#
# No core dump will be written. Minidumps are not enabled by default on client versions of Windows
#
# If you would like to submit a bug report, please visit:
#   https://bugreport.java.com/bugreport/crash.jsp
#

---------------  S U M M A R Y ------------

Command Line: --module-path=lib --add-modules=javafx.controls,javafx.fxml,javafx.graphics target/segurin-1.0-SNAPSHOT-jar-with-dependencies.jar

Host: AMD Ryzen 5 5500                               , 12 cores, 15G,  Windows 11 , 64 bit Build 22621 (10.0.22621.3374)
Time: Fri May 10 11:00:55 2024 Hora de verano romance elapsed time: 0.289731 seconds (0d 0h 0m 0s)

---------------  T H R E A D  ---------------

Current thread (0x000002a9642f1430):  JavaThread "WindowsNativeRunloopThread"        [_thread_in_vm, id=7780, stack(0x000000dcbe600000,0x000000dcbe700000) (1024K)]

Stack: [0x000000dcbe600000,0x000000dcbe700000],  sp=0x000000dcbe6ff2c0,  free space=1020k
Native frames: (J=compiled Java code, j=interpreted, Vv=VM code, C=native code)
V  [jvm.dll+0x4479d2]
C  [glass.dll+0x50fc]

Java frames: (J=compiled Java code, j=interpreted, Vv=VM code)
j  com.sun.glass.ui.win.WinApplication._runLoop(Ljava/lang/Runnable;)V+0 javafx.graphics@21.0.3
j  com.sun.glass.ui.win.WinApplication.lambda$runLoop$3(ILjava/lang/Runnable;)V+8 javafx.graphics@21.0.3
j  com.sun.glass.ui.win.WinApplication$$Lambda+0x000002a91f033cf8.run()V+12 javafx.graphics@21.0.3
j  java.lang.Thread.runWith(Ljava/lang/Object;Ljava/lang/Runnable;)V+5 java.base@21.0.1
j  java.lang.Thread.run()V+19 java.base@21.0.1
v  ~StubRoutines::call_stub 0x000002a90f8c100d

siginfo: EXCEPTION_ACCESS_VIOLATION (0xc0000005), reading address 0x0000000000000000


Registers:
RAX=0x0000000000000000, RBX=0x000002a9642f1430, RCX=0x000002a9642f17e8, RDX=0x000000dcbe6ff4a8
RSP=0x000000dcbe6ff2c0, RBP=0x000000dcbe6ff3c8, RSI=0x0000000000000000, RDI=0x000002a9642f17e8
R8 =0x0000000000000000, R9 =0x000000dcbe6ff3c8, R10=0x0000000000000000, R11=0x0000000000000246
R12=0x0000000000000000, R13=0x000002a95f4f97e0, R14=0x000000dcbe6ff4a8, R15=0x000002a9642f1430
RIP=0x00007ff8376979d2, EFLAGS=0x0000000000010246


Register to memory mapping:

RAX=0x0 is null
RBX=0x000002a9642f1430 is a thread
RCX=0x000002a9642f17e8 points into unknown readable memory: 0x00007ff837e0c600 | 00 c6 e0 37 f8 7f 00 00
RDX=0x000000dcbe6ff4a8 is pointing into the stack for thread: 0x000002a9642f1430
RSP=0x000000dcbe6ff2c0 is pointing into the stack for thread: 0x000002a9642f1430
RBP=0x000000dcbe6ff3c8 is pointing into the stack for thread: 0x000002a9642f1430
RSI=0x0 is null
RDI=0x000002a9642f17e8 points into unknown readable memory: 0x00007ff837e0c600 | 00 c6 e0 37 f8 7f 00 00
R8 =0x0 is null
R9 =0x000000dcbe6ff3c8 is pointing into the stack for thread: 0x000002a9642f1430
R10=0x0 is null
R11=0x0000000000000246 is an unknown value
R12=0x0 is null
R13={method} {0x000002a95f4f97e8} '_runLoop' '(Ljava/lang/Runnable;)V' in 'com/sun/glass/ui/win/WinApplication'
R14=0x000000dcbe6ff4a8 is pointing into the stack for thread: 0x000002a9642f1430
R15=0x000002a9642f1430 is a thread

Top of Stack: (sp=0x000000dcbe6ff2c0)
0x000000dcbe6ff2c0:   0000000000000006 00007ff8378bf18c
0x000000dcbe6ff2d0:   000002a900000000 000000dcbe6ff2e8
0x000000dcbe6ff2e0:   0000b908ce2b262c 0000000000320030
0x000000dcbe6ff2f0:   00007ff8d9751f00 00007ff8d8f10e81
0x000000dcbe6ff300:   000000dcbe6ff3b8 0000000000000000
0x000000dcbe6ff310:   000002a9642f1430 0000000000000000
0x000000dcbe6ff320:   0000000000000000 00007ff8d97772f0
0x000000dcbe6ff330:   000002a9642f3920 00007ff8da18548f
0x000000dcbe6ff340:   0000000000180016 00007ff8d9751e58
0x000000dcbe6ff350:   000000dcbe6ff340 0000000000000000
0x000000dcbe6ff360:   000002a9642f1430 000000dcbe6ff4b0
0x000000dcbe6ff370:   000002a9642f17e8 00007ff8c62350fc
0x000000dcbe6ff380:   0000000000000000 000000dcbe6ff488
0x000000dcbe6ff390:   000000dcbe6ff4a8 000002a9642f17e8
0x000000dcbe6ff3a0:   000000dcbe6ff4a8 00007ff8c623a936
0x000000dcbe6ff3b0:   000002a95f4f97e0 000000dc00000000
0x000000dcbe6ff3c0:   0000000000000000 0000000000000000
0x000000dcbe6ff3d0:   000002a90f8c8924 000002a90f8ccc7c
0x000000dcbe6ff3e0:   000002a95f4f97e0 000002a95f4f97e0
0x000000dcbe6ff3f0:   000002a95f4f97e0 000000dcbe6ff4b0
0x000000dcbe6ff400:   000002a90f8c8924 000002a90f8cce0b
0x000000dcbe6ff410:   000002a95f4f97e0 000000dcbe6ffae0
0x000000dcbe6ff420:   3ff0000000000000 000002a9642f1430
0x000000dcbe6ff430:   000000dcbe6ffae0 000002a90f8cca9f
0x000000dcbe6ff440:   000000dcbe6ff440 000002a95f4f97e0
0x000000dcbe6ff450:   0000000000000005 000002a95f520898
0x000000dcbe6ff460:   0000000000000000 0000000710b27a28
0x000000dcbe6ff470:   000002a95f4f97e0 0000000000000000
0x000000dcbe6ff480:   000000dcbe6ff4a8 000000dcbe6ff500
0x000000dcbe6ff490:   000002a90f8c8846 0000000000000000
0x000000dcbe6ff4a0:   000002a90f8ca397 00000007108000f8
0x000000dcbe6ff4b0:   0000000710bc26d8 000000dcbe6ff4b8 

Instructions: (pc=0x00007ff8376979d2)
0x00007ff8376978d2:   48 8b 4b 08 48 8b 43 18 48 89 41 18 48 8b 4b 08
0x00007ff8376978e2:   48 8b 43 20 48 89 41 20 48 8d 8f 98 03 00 00 e8
0x00007ff8376978f2:   fa f3 ec ff 90 c7 87 4c 04 00 00 04 00 00 00 48
0x00007ff837697902:   81 c4 b8 00 00 00 41 5f 41 5e 5f 5e 5d 5b c3 cc
0x00007ff837697912:   cc cc cc cc cc cc cc cc cc cc cc cc cc cc 48 89
0x00007ff837697922:   5c 24 08 48 89 6c 24 10 48 89 74 24 18 57 41 56
0x00007ff837697932:   41 57 48 81 ec a0 00 00 00 8b 81 b8 00 00 00 48
0x00007ff837697942:   8d 99 48 fc ff ff 05 53 21 ff ff 49 8b e9 49 8b
0x00007ff837697952:   f0 4c 8b f2 48 8b f9 83 f8 01 77 08 48 8b cb e8
0x00007ff837697962:   ea 42 fa ff 80 3d f4 ab 7d 00 00 c7 83 4c 04 00
0x00007ff837697972:   00 06 00 00 00 75 06 e8 42 23 27 00 90 48 8b 83
0x00007ff837697982:   50 04 00 00 a8 01 74 0d 45 33 c0 b2 01 48 8b cb
0x00007ff837697992:   e8 49 1f 2e 00 8b 83 48 04 00 00 a8 0c 74 08 48
0x00007ff8376979a2:   8b cb e8 57 58 fa ff c7 83 4c 04 00 00 06 00 00
0x00007ff8376979b2:   00 48 83 7b 08 00 48 89 5c 24 50 48 c7 44 24 58
0x00007ff8376979c2:   00 00 00 00 74 0a 48 8d 4c 24 50 e8 0e e9 2a 00
0x00007ff8376979d2:   48 8b 16 48 8d 4c 24 70 c7 44 24 40 0e 00 00 00
0x00007ff8376979e2:   e8 39 74 00 00 48 8d 44 24 70 48 89 5c 24 30 48
0x00007ff8376979f2:   89 44 24 28 4c 8d 3d c3 24 5a 00 41 b9 01 00 00
0x00007ff837697a02:   00 48 89 74 24 20 4d 8b c6 4c 89 7c 24 70 48 8d
0x00007ff837697a12:   54 24 40 48 89 ac 24 98 00 00 00 48 8b cf e8 8b
0x00007ff837697a22:   81 00 00 48 83 7c 24 58 00 4c 89 7c 24 70 48 c7
0x00007ff837697a32:   84 24 98 00 00 00 00 00 00 00 74 0a 48 8d 4c 24
0x00007ff837697a42:   50 e8 18 e9 2a 00 48 8b bb 98 01 00 00 48 8b 47
0x00007ff837697a52:   10 48 83 38 00 74 08 48 8b cf e8 df 6f f5 ff 48
0x00007ff837697a62:   8b 4f 08 48 8b 47 10 48 89 41 10 48 8b 4f 08 48
0x00007ff837697a72:   8b 47 18 48 89 41 18 48 8b 4f 08 48 8b 47 20 48
0x00007ff837697a82:   89 41 20 48 8d 8b 98 03 00 00 e8 5f f2 ec ff 4c
0x00007ff837697a92:   8d 9c 24 a0 00 00 00 90 49 8b 6b 28 49 8b 73 30
0x00007ff837697aa2:   c7 83 4c 04 00 00 04 00 00 00 49 8b 5b 20 49 8b
0x00007ff837697ab2:   e3 41 5f 41 5e 5f c3 cc cc cc cc cc cc cc 48 89
0x00007ff837697ac2:   5c 24 08 48 89 6c 24 10 48 89 74 24 18 48 89 7c 


Stack slot to memory mapping:

stack at sp + 0 slots: 0x0000000000000006 is an unknown value
stack at sp + 1 slots: 0x00007ff8378bf18c jvm.dll
stack at sp + 2 slots: 0x000002a900000000 points into unknown readable memory: 0x00010000cafedada | da da fe ca 00 00 01 00
stack at sp + 3 slots: 0x000000dcbe6ff2e8 is pointing into the stack for thread: 0x000002a9642f1430
stack at sp + 4 slots: 0x0000b908ce2b262c is an unknown value
stack at sp + 5 slots: 0x0000000000320030 is an unknown value
stack at sp + 6 slots: 0x00007ff8d9751f00 ole32.dll
stack at sp + 7 slots: 0x00007ff8d8f10e81 KERNELBASE.dll


---------------  P R O C E S S  ---------------

Threads class SMR info:
_java_thread_list=0x000002a964293440, length=16, elements={
0x000002a97e16f6d0, 0x000002a91d829e50, 0x000002a91d82ad70, 0x000002a91d82cd50,
0x000002a91d82f7c0, 0x000002a91d831230, 0x000002a91d833f60, 0x000002a91d840610,
0x000002a91d8434c0, 0x000002a91da96960, 0x000002a91db83610, 0x000002a91dcbfbe0,
0x000002a96352ce10, 0x000002a963e36a30, 0x000002a9641b1f90, 0x000002a9642f1430
}

Java Threads: ( => current thread )
  0x000002a97e16f6d0 JavaThread "main"                              [_thread_blocked, id=6328, stack(0x000000dcbcf00000,0x000000dcbd000000) (1024K)]
  0x000002a91d829e50 JavaThread "Reference Handler"          daemon [_thread_blocked, id=1404, stack(0x000000dcbd700000,0x000000dcbd800000) (1024K)]
  0x000002a91d82ad70 JavaThread "Finalizer"                  daemon [_thread_blocked, id=3056, stack(0x000000dcbd800000,0x000000dcbd900000) (1024K)]
  0x000002a91d82cd50 JavaThread "Signal Dispatcher"          daemon [_thread_blocked, id=19612, stack(0x000000dcbd900000,0x000000dcbda00000) (1024K)]
  0x000002a91d82f7c0 JavaThread "Attach Listener"            daemon [_thread_blocked, id=20196, stack(0x000000dcbda00000,0x000000dcbdb00000) (1024K)]
  0x000002a91d831230 JavaThread "Service Thread"             daemon [_thread_blocked, id=14524, stack(0x000000dcbdb00000,0x000000dcbdc00000) (1024K)]
  0x000002a91d833f60 JavaThread "Monitor Deflation Thread"   daemon [_thread_blocked, id=8224, stack(0x000000dcbdc00000,0x000000dcbdd00000) (1024K)]
  0x000002a91d840610 JavaThread "C2 CompilerThread0"         daemon [_thread_blocked, id=19504, stack(0x000000dcbdd00000,0x000000dcbde00000) (1024K)]
  0x000002a91d8434c0 JavaThread "C1 CompilerThread0"         daemon [_thread_blocked, id=20524, stack(0x000000dcbde00000,0x000000dcbdf00000) (1024K)]
  0x000002a91da96960 JavaThread "Common-Cleaner"             daemon [_thread_blocked, id=20884, stack(0x000000dcbdf00000,0x000000dcbe000000) (1024K)]
  0x000002a91db83610 JavaThread "C2 CompilerThread1"         daemon [_thread_blocked, id=14724, stack(0x000000dcbe000000,0x000000dcbe100000) (1024K)]
  0x000002a91dcbfbe0 JavaThread "C2 CompilerThread2"         daemon [_thread_blocked, id=20380, stack(0x000000dcbe100000,0x000000dcbe200000) (1024K)]
  0x000002a96352ce10 JavaThread "Notification Thread"        daemon [_thread_blocked, id=6532, stack(0x000000dcbe200000,0x000000dcbe300000) (1024K)]
  0x000002a963e36a30 JavaThread "QuantumRenderer-0"          daemon [_thread_blocked, id=20688, stack(0x000000dcbe300000,0x000000dcbe400000) (1024K)]
  0x000002a9641b1f90 JavaThread "InvokeLaterDispatcher"      daemon [_thread_blocked, id=12812, stack(0x000000dcbe500000,0x000000dcbe600000) (1024K)]
=>0x000002a9642f1430 JavaThread "WindowsNativeRunloopThread"        [_thread_in_vm, id=7780, stack(0x000000dcbe600000,0x000000dcbe700000) (1024K)]
Total: 16

Other Threads:
  0x000002a91d80b220 VMThread "VM Thread"                           [id=4956, stack(0x000000dcbd600000,0x000000dcbd700000) (1024K)]
  0x000002a91d7f1ed0 WatcherThread "VM Periodic Task Thread"        [id=11548, stack(0x000000dcbd500000,0x000000dcbd600000) (1024K)]
  0x000002a97e1d1710 WorkerThread "GC Thread#0"                     [id=14720, stack(0x000000dcbd000000,0x000000dcbd100000) (1024K)]
  0x000002a97e1e2e10 ConcurrentGCThread "G1 Main Marker"            [id=5480, stack(0x000000dcbd100000,0x000000dcbd200000) (1024K)]
  0x000002a97e1e3820 WorkerThread "G1 Conc#0"                       [id=20544, stack(0x000000dcbd200000,0x000000dcbd300000) (1024K)]
  0x000002a91d6b2580 ConcurrentGCThread "G1 Refine#0"               [id=9468, stack(0x000000dcbd300000,0x000000dcbd400000) (1024K)]
  0x000002a91d6b2f00 ConcurrentGCThread "G1 Service"                [id=20532, stack(0x000000dcbd400000,0x000000dcbd500000) (1024K)]
Total: 7

Threads with active compile tasks:
Total: 0

VM state: not at safepoint (normal execution)

VM Mutex/Monitor currently owned by a thread: None

Heap address: 0x0000000701a00000, size: 4070 MB, Compressed Oops mode: Zero based, Oop shift amount: 3

CDS archive(s) mapped at: [0x000002a91e000000-0x000002a91ec90000-0x000002a91ec90000), size 13172736, SharedBaseAddress: 0x000002a91e000000, ArchiveRelocationMode: 1.
Compressed class space mapped at: 0x000002a91f000000-0x000002a95f000000, reserved size: 1073741824
Narrow klass base: 0x000002a91e000000, Narrow klass shift: 0, Narrow klass range: 0x100000000

GC Precious Log:
 CardTable entry size: 512
 Card Set container configuration: InlinePtr #cards 4 size 8 Array Of Cards #cards 16 size 48 Howl #buckets 8 coarsen threshold 3686 Howl Bitmap #cards 512 size 80 coarsen threshold 460 Card regions per heap region 1 cards per card region 4096
 CPUs: 12 total, 12 available
 Memory: 16273M
 Large Page Support: Disabled
 NUMA Support: Disabled
 Compressed Oops: Enabled (Zero based)
 Heap Region Size: 2M
 Heap Min Capacity: 8M
 Heap Initial Capacity: 256M
 Heap Max Capacity: 4070M
 Pre-touch: Disabled
 Parallel Workers: 10
 Concurrent Workers: 3
 Concurrent Refinement Workers: 10
 Periodic GC: Disabled

Heap:
 garbage-first heap   total 262144K, used 28672K [0x0000000701a00000, 0x0000000800000000)
  region size 2048K, 9 young (18432K), 0 survivors (0K)
 Metaspace       used 2537K, committed 2752K, reserved 1114112K
  class space    used 268K, committed 384K, reserved 1048576K

Heap Regions: E=young(eden), S=young(survivor), O=old, HS=humongous(starts), HC=humongous(continues), CS=collection set, F=free, TAMS=top-at-mark-start, PB=parsable bottom
|   0|0x0000000701a00000, 0x0000000701c00000, 0x0000000701c00000|100%|HS|  |TAMS 0x0000000701a00000| PB 0x0000000701a00000| Complete 
|   1|0x0000000701c00000, 0x0000000701e00000, 0x0000000701e00000|100%|HC|  |TAMS 0x0000000701c00000| PB 0x0000000701c00000| Complete 
|   2|0x0000000701e00000, 0x0000000702000000, 0x0000000702000000|100%|HS|  |TAMS 0x0000000701e00000| PB 0x0000000701e00000| Complete 
|   3|0x0000000702000000, 0x0000000702200000, 0x0000000702200000|100%|HC|  |TAMS 0x0000000702000000| PB 0x0000000702000000| Complete 
|   4|0x0000000702200000, 0x0000000702400000, 0x0000000702400000|100%|HS|  |TAMS 0x0000000702200000| PB 0x0000000702200000| Complete 
|   5|0x0000000702400000, 0x0000000702600000, 0x0000000702600000|100%|HC|  |TAMS 0x0000000702400000| PB 0x0000000702400000| Complete 
|   6|0x0000000702600000, 0x0000000702600000, 0x0000000702800000|  0%| F|  |TAMS 0x0000000702600000| PB 0x0000000702600000| Untracked 
|   7|0x0000000702800000, 0x0000000702800000, 0x0000000702a00000|  0%| F|  |TAMS 0x0000000702800000| PB 0x0000000702800000| Untracked 
|   8|0x0000000702a00000, 0x0000000702a00000, 0x0000000702c00000|  0%| F|  |TAMS 0x0000000702a00000| PB 0x0000000702a00000| Untracked 
|   9|0x0000000702c00000, 0x0000000702c00000, 0x0000000702e00000|  0%| F|  |TAMS 0x0000000702c00000| PB 0x0000000702c00000| Untracked 
|  10|0x0000000702e00000, 0x0000000702e00000, 0x0000000703000000|  0%| F|  |TAMS 0x0000000702e00000| PB 0x0000000702e00000| Untracked 
|  11|0x0000000703000000, 0x0000000703000000, 0x0000000703200000|  0%| F|  |TAMS 0x0000000703000000| PB 0x0000000703000000| Untracked 
|  12|0x0000000703200000, 0x0000000703200000, 0x0000000703400000|  0%| F|  |TAMS 0x0000000703200000| PB 0x0000000703200000| Untracked 
|  13|0x0000000703400000, 0x0000000703400000, 0x0000000703600000|  0%| F|  |TAMS 0x0000000703400000| PB 0x0000000703400000| Untracked 
|  14|0x0000000703600000, 0x0000000703600000, 0x0000000703800000|  0%| F|  |TAMS 0x0000000703600000| PB 0x0000000703600000| Untracked 
|  15|0x0000000703800000, 0x0000000703800000, 0x0000000703a00000|  0%| F|  |TAMS 0x0000000703800000| PB 0x0000000703800000| Untracked 
|  16|0x0000000703a00000, 0x0000000703a00000, 0x0000000703c00000|  0%| F|  |TAMS 0x0000000703a00000| PB 0x0000000703a00000| Untracked 
|  17|0x0000000703c00000, 0x0000000703c00000, 0x0000000703e00000|  0%| F|  |TAMS 0x0000000703c00000| PB 0x0000000703c00000| Untracked 
|  18|0x0000000703e00000, 0x0000000703e00000, 0x0000000704000000|  0%| F|  |TAMS 0x0000000703e00000| PB 0x0000000703e00000| Untracked 
|  19|0x0000000704000000, 0x0000000704000000, 0x0000000704200000|  0%| F|  |TAMS 0x0000000704000000| PB 0x0000000704000000| Untracked 
|  20|0x0000000704200000, 0x0000000704200000, 0x0000000704400000|  0%| F|  |TAMS 0x0000000704200000| PB 0x0000000704200000| Untracked 
|  21|0x0000000704400000, 0x0000000704400000, 0x0000000704600000|  0%| F|  |TAMS 0x0000000704400000| PB 0x0000000704400000| Untracked 
|  22|0x0000000704600000, 0x0000000704600000, 0x0000000704800000|  0%| F|  |TAMS 0x0000000704600000| PB 0x0000000704600000| Untracked 
|  23|0x0000000704800000, 0x0000000704800000, 0x0000000704a00000|  0%| F|  |TAMS 0x0000000704800000| PB 0x0000000704800000| Untracked 
|  24|0x0000000704a00000, 0x0000000704a00000, 0x0000000704c00000|  0%| F|  |TAMS 0x0000000704a00000| PB 0x0000000704a00000| Untracked 
|  25|0x0000000704c00000, 0x0000000704c00000, 0x0000000704e00000|  0%| F|  |TAMS 0x0000000704c00000| PB 0x0000000704c00000| Untracked 
|  26|0x0000000704e00000, 0x0000000704e00000, 0x0000000705000000|  0%| F|  |TAMS 0x0000000704e00000| PB 0x0000000704e00000| Untracked 
|  27|0x0000000705000000, 0x0000000705000000, 0x0000000705200000|  0%| F|  |TAMS 0x0000000705000000| PB 0x0000000705000000| Untracked 
|  28|0x0000000705200000, 0x0000000705200000, 0x0000000705400000|  0%| F|  |TAMS 0x0000000705200000| PB 0x0000000705200000| Untracked 
|  29|0x0000000705400000, 0x0000000705400000, 0x0000000705600000|  0%| F|  |TAMS 0x0000000705400000| PB 0x0000000705400000| Untracked 
|  30|0x0000000705600000, 0x0000000705600000, 0x0000000705800000|  0%| F|  |TAMS 0x0000000705600000| PB 0x0000000705600000| Untracked 
|  31|0x0000000705800000, 0x0000000705800000, 0x0000000705a00000|  0%| F|  |TAMS 0x0000000705800000| PB 0x0000000705800000| Untracked 
|  32|0x0000000705a00000, 0x0000000705a00000, 0x0000000705c00000|  0%| F|  |TAMS 0x0000000705a00000| PB 0x0000000705a00000| Untracked 
|  33|0x0000000705c00000, 0x0000000705c00000, 0x0000000705e00000|  0%| F|  |TAMS 0x0000000705c00000| PB 0x0000000705c00000| Untracked 
|  34|0x0000000705e00000, 0x0000000705e00000, 0x0000000706000000|  0%| F|  |TAMS 0x0000000705e00000| PB 0x0000000705e00000| Untracked 
|  35|0x0000000706000000, 0x0000000706000000, 0x0000000706200000|  0%| F|  |TAMS 0x0000000706000000| PB 0x0000000706000000| Untracked 
|  36|0x0000000706200000, 0x0000000706200000, 0x0000000706400000|  0%| F|  |TAMS 0x0000000706200000| PB 0x0000000706200000| Untracked 
|  37|0x0000000706400000, 0x0000000706400000, 0x0000000706600000|  0%| F|  |TAMS 0x0000000706400000| PB 0x0000000706400000| Untracked 
|  38|0x0000000706600000, 0x0000000706600000, 0x0000000706800000|  0%| F|  |TAMS 0x0000000706600000| PB 0x0000000706600000| Untracked 
|  39|0x0000000706800000, 0x0000000706800000, 0x0000000706a00000|  0%| F|  |TAMS 0x0000000706800000| PB 0x0000000706800000| Untracked 
|  40|0x0000000706a00000, 0x0000000706a00000, 0x0000000706c00000|  0%| F|  |TAMS 0x0000000706a00000| PB 0x0000000706a00000| Untracked 
|  41|0x0000000706c00000, 0x0000000706c00000, 0x0000000706e00000|  0%| F|  |TAMS 0x0000000706c00000| PB 0x0000000706c00000| Untracked 
|  42|0x0000000706e00000, 0x0000000706e00000, 0x0000000707000000|  0%| F|  |TAMS 0x0000000706e00000| PB 0x0000000706e00000| Untracked 
|  43|0x0000000707000000, 0x0000000707000000, 0x0000000707200000|  0%| F|  |TAMS 0x0000000707000000| PB 0x0000000707000000| Untracked 
|  44|0x0000000707200000, 0x0000000707200000, 0x0000000707400000|  0%| F|  |TAMS 0x0000000707200000| PB 0x0000000707200000| Untracked 
|  45|0x0000000707400000, 0x0000000707400000, 0x0000000707600000|  0%| F|  |TAMS 0x0000000707400000| PB 0x0000000707400000| Untracked 
|  46|0x0000000707600000, 0x0000000707600000, 0x0000000707800000|  0%| F|  |TAMS 0x0000000707600000| PB 0x0000000707600000| Untracked 
|  47|0x0000000707800000, 0x0000000707800000, 0x0000000707a00000|  0%| F|  |TAMS 0x0000000707800000| PB 0x0000000707800000| Untracked 
|  48|0x0000000707a00000, 0x0000000707a00000, 0x0000000707c00000|  0%| F|  |TAMS 0x0000000707a00000| PB 0x0000000707a00000| Untracked 
|  49|0x0000000707c00000, 0x0000000707c00000, 0x0000000707e00000|  0%| F|  |TAMS 0x0000000707c00000| PB 0x0000000707c00000| Untracked 
|  50|0x0000000707e00000, 0x0000000707e00000, 0x0000000708000000|  0%| F|  |TAMS 0x0000000707e00000| PB 0x0000000707e00000| Untracked 
|  51|0x0000000708000000, 0x0000000708000000, 0x0000000708200000|  0%| F|  |TAMS 0x0000000708000000| PB 0x0000000708000000| Untracked 
|  52|0x0000000708200000, 0x0000000708200000, 0x0000000708400000|  0%| F|  |TAMS 0x0000000708200000| PB 0x0000000708200000| Untracked 
|  53|0x0000000708400000, 0x0000000708400000, 0x0000000708600000|  0%| F|  |TAMS 0x0000000708400000| PB 0x0000000708400000| Untracked 
|  54|0x0000000708600000, 0x0000000708600000, 0x0000000708800000|  0%| F|  |TAMS 0x0000000708600000| PB 0x0000000708600000| Untracked 
|  55|0x0000000708800000, 0x0000000708800000, 0x0000000708a00000|  0%| F|  |TAMS 0x0000000708800000| PB 0x0000000708800000| Untracked 
|  56|0x0000000708a00000, 0x0000000708a00000, 0x0000000708c00000|  0%| F|  |TAMS 0x0000000708a00000| PB 0x0000000708a00000| Untracked 
|  57|0x0000000708c00000, 0x0000000708c00000, 0x0000000708e00000|  0%| F|  |TAMS 0x0000000708c00000| PB 0x0000000708c00000| Untracked 
|  58|0x0000000708e00000, 0x0000000708e00000, 0x0000000709000000|  0%| F|  |TAMS 0x0000000708e00000| PB 0x0000000708e00000| Untracked 
|  59|0x0000000709000000, 0x0000000709000000, 0x0000000709200000|  0%| F|  |TAMS 0x0000000709000000| PB 0x0000000709000000| Untracked 
|  60|0x0000000709200000, 0x0000000709200000, 0x0000000709400000|  0%| F|  |TAMS 0x0000000709200000| PB 0x0000000709200000| Untracked 
|  61|0x0000000709400000, 0x0000000709400000, 0x0000000709600000|  0%| F|  |TAMS 0x0000000709400000| PB 0x0000000709400000| Untracked 
|  62|0x0000000709600000, 0x0000000709600000, 0x0000000709800000|  0%| F|  |TAMS 0x0000000709600000| PB 0x0000000709600000| Untracked 
|  63|0x0000000709800000, 0x0000000709800000, 0x0000000709a00000|  0%| F|  |TAMS 0x0000000709800000| PB 0x0000000709800000| Untracked 
|  64|0x0000000709a00000, 0x0000000709a00000, 0x0000000709c00000|  0%| F|  |TAMS 0x0000000709a00000| PB 0x0000000709a00000| Untracked 
|  65|0x0000000709c00000, 0x0000000709c00000, 0x0000000709e00000|  0%| F|  |TAMS 0x0000000709c00000| PB 0x0000000709c00000| Untracked 
|  66|0x0000000709e00000, 0x0000000709e00000, 0x000000070a000000|  0%| F|  |TAMS 0x0000000709e00000| PB 0x0000000709e00000| Untracked 
|  67|0x000000070a000000, 0x000000070a000000, 0x000000070a200000|  0%| F|  |TAMS 0x000000070a000000| PB 0x000000070a000000| Untracked 
|  68|0x000000070a200000, 0x000000070a200000, 0x000000070a400000|  0%| F|  |TAMS 0x000000070a200000| PB 0x000000070a200000| Untracked 
|  69|0x000000070a400000, 0x000000070a400000, 0x000000070a600000|  0%| F|  |TAMS 0x000000070a400000| PB 0x000000070a400000| Untracked 
|  70|0x000000070a600000, 0x000000070a600000, 0x000000070a800000|  0%| F|  |TAMS 0x000000070a600000| PB 0x000000070a600000| Untracked 
|  71|0x000000070a800000, 0x000000070a800000, 0x000000070aa00000|  0%| F|  |TAMS 0x000000070a800000| PB 0x000000070a800000| Untracked 
|  72|0x000000070aa00000, 0x000000070aa00000, 0x000000070ac00000|  0%| F|  |TAMS 0x000000070aa00000| PB 0x000000070aa00000| Untracked 
|  73|0x000000070ac00000, 0x000000070ac00000, 0x000000070ae00000|  0%| F|  |TAMS 0x000000070ac00000| PB 0x000000070ac00000| Untracked 
|  74|0x000000070ae00000, 0x000000070ae00000, 0x000000070b000000|  0%| F|  |TAMS 0x000000070ae00000| PB 0x000000070ae00000| Untracked 
|  75|0x000000070b000000, 0x000000070b000000, 0x000000070b200000|  0%| F|  |TAMS 0x000000070b000000| PB 0x000000070b000000| Untracked 
|  76|0x000000070b200000, 0x000000070b200000, 0x000000070b400000|  0%| F|  |TAMS 0x000000070b200000| PB 0x000000070b200000| Untracked 
|  77|0x000000070b400000, 0x000000070b400000, 0x000000070b600000|  0%| F|  |TAMS 0x000000070b400000| PB 0x000000070b400000| Untracked 
|  78|0x000000070b600000, 0x000000070b600000, 0x000000070b800000|  0%| F|  |TAMS 0x000000070b600000| PB 0x000000070b600000| Untracked 
|  79|0x000000070b800000, 0x000000070b800000, 0x000000070ba00000|  0%| F|  |TAMS 0x000000070b800000| PB 0x000000070b800000| Untracked 
|  80|0x000000070ba00000, 0x000000070ba00000, 0x000000070bc00000|  0%| F|  |TAMS 0x000000070ba00000| PB 0x000000070ba00000| Untracked 
|  81|0x000000070bc00000, 0x000000070bc00000, 0x000000070be00000|  0%| F|  |TAMS 0x000000070bc00000| PB 0x000000070bc00000| Untracked 
|  82|0x000000070be00000, 0x000000070be00000, 0x000000070c000000|  0%| F|  |TAMS 0x000000070be00000| PB 0x000000070be00000| Untracked 
|  83|0x000000070c000000, 0x000000070c000000, 0x000000070c200000|  0%| F|  |TAMS 0x000000070c000000| PB 0x000000070c000000| Untracked 
|  84|0x000000070c200000, 0x000000070c200000, 0x000000070c400000|  0%| F|  |TAMS 0x000000070c200000| PB 0x000000070c200000| Untracked 
|  85|0x000000070c400000, 0x000000070c400000, 0x000000070c600000|  0%| F|  |TAMS 0x000000070c400000| PB 0x000000070c400000| Untracked 
|  86|0x000000070c600000, 0x000000070c600000, 0x000000070c800000|  0%| F|  |TAMS 0x000000070c600000| PB 0x000000070c600000| Untracked 
|  87|0x000000070c800000, 0x000000070c800000, 0x000000070ca00000|  0%| F|  |TAMS 0x000000070c800000| PB 0x000000070c800000| Untracked 
|  88|0x000000070ca00000, 0x000000070ca00000, 0x000000070cc00000|  0%| F|  |TAMS 0x000000070ca00000| PB 0x000000070ca00000| Untracked 
|  89|0x000000070cc00000, 0x000000070cc00000, 0x000000070ce00000|  0%| F|  |TAMS 0x000000070cc00000| PB 0x000000070cc00000| Untracked 
|  90|0x000000070ce00000, 0x000000070ce00000, 0x000000070d000000|  0%| F|  |TAMS 0x000000070ce00000| PB 0x000000070ce00000| Untracked 
|  91|0x000000070d000000, 0x000000070d000000, 0x000000070d200000|  0%| F|  |TAMS 0x000000070d000000| PB 0x000000070d000000| Untracked 
|  92|0x000000070d200000, 0x000000070d200000, 0x000000070d400000|  0%| F|  |TAMS 0x000000070d200000| PB 0x000000070d200000| Untracked 
|  93|0x000000070d400000, 0x000000070d400000, 0x000000070d600000|  0%| F|  |TAMS 0x000000070d400000| PB 0x000000070d400000| Untracked 
|  94|0x000000070d600000, 0x000000070d600000, 0x000000070d800000|  0%| F|  |TAMS 0x000000070d600000| PB 0x000000070d600000| Untracked 
|  95|0x000000070d800000, 0x000000070d800000, 0x000000070da00000|  0%| F|  |TAMS 0x000000070d800000| PB 0x000000070d800000| Untracked 
|  96|0x000000070da00000, 0x000000070da00000, 0x000000070dc00000|  0%| F|  |TAMS 0x000000070da00000| PB 0x000000070da00000| Untracked 
|  97|0x000000070dc00000, 0x000000070dc00000, 0x000000070de00000|  0%| F|  |TAMS 0x000000070dc00000| PB 0x000000070dc00000| Untracked 
|  98|0x000000070de00000, 0x000000070de00000, 0x000000070e000000|  0%| F|  |TAMS 0x000000070de00000| PB 0x000000070de00000| Untracked 
|  99|0x000000070e000000, 0x000000070e000000, 0x000000070e200000|  0%| F|  |TAMS 0x000000070e000000| PB 0x000000070e000000| Untracked 
| 100|0x000000070e200000, 0x000000070e200000, 0x000000070e400000|  0%| F|  |TAMS 0x000000070e200000| PB 0x000000070e200000| Untracked 
| 101|0x000000070e400000, 0x000000070e400000, 0x000000070e600000|  0%| F|  |TAMS 0x000000070e400000| PB 0x000000070e400000| Untracked 
| 102|0x000000070e600000, 0x000000070e600000, 0x000000070e800000|  0%| F|  |TAMS 0x000000070e600000| PB 0x000000070e600000| Untracked 
| 103|0x000000070e800000, 0x000000070e800000, 0x000000070ea00000|  0%| F|  |TAMS 0x000000070e800000| PB 0x000000070e800000| Untracked 
| 104|0x000000070ea00000, 0x000000070ea00000, 0x000000070ec00000|  0%| F|  |TAMS 0x000000070ea00000| PB 0x000000070ea00000| Untracked 
| 105|0x000000070ec00000, 0x000000070ec00000, 0x000000070ee00000|  0%| F|  |TAMS 0x000000070ec00000| PB 0x000000070ec00000| Untracked 
| 106|0x000000070ee00000, 0x000000070ee00000, 0x000000070f000000|  0%| F|  |TAMS 0x000000070ee00000| PB 0x000000070ee00000| Untracked 
| 107|0x000000070f000000, 0x000000070f000000, 0x000000070f200000|  0%| F|  |TAMS 0x000000070f000000| PB 0x000000070f000000| Untracked 
| 108|0x000000070f200000, 0x000000070f200000, 0x000000070f400000|  0%| F|  |TAMS 0x000000070f200000| PB 0x000000070f200000| Untracked 
| 109|0x000000070f400000, 0x000000070f400000, 0x000000070f600000|  0%| F|  |TAMS 0x000000070f400000| PB 0x000000070f400000| Untracked 
| 110|0x000000070f600000, 0x000000070f600000, 0x000000070f800000|  0%| F|  |TAMS 0x000000070f600000| PB 0x000000070f600000| Untracked 
| 111|0x000000070f800000, 0x000000070f800000, 0x000000070fa00000|  0%| F|  |TAMS 0x000000070f800000| PB 0x000000070f800000| Untracked 
| 112|0x000000070fa00000, 0x000000070fa00000, 0x000000070fc00000|  0%| F|  |TAMS 0x000000070fa00000| PB 0x000000070fa00000| Untracked 
| 113|0x000000070fc00000, 0x000000070fc00000, 0x000000070fe00000|  0%| F|  |TAMS 0x000000070fc00000| PB 0x000000070fc00000| Untracked 
| 114|0x000000070fe00000, 0x000000070fe00000, 0x0000000710000000|  0%| F|  |TAMS 0x000000070fe00000| PB 0x000000070fe00000| Untracked 
| 115|0x0000000710000000, 0x0000000710000000, 0x0000000710200000|  0%| F|  |TAMS 0x0000000710000000| PB 0x0000000710000000| Untracked 
| 116|0x0000000710200000, 0x0000000710200000, 0x0000000710400000|  0%| F|  |TAMS 0x0000000710200000| PB 0x0000000710200000| Untracked 
| 117|0x0000000710400000, 0x0000000710400000, 0x0000000710600000|  0%| F|  |TAMS 0x0000000710400000| PB 0x0000000710400000| Untracked 
| 118|0x0000000710600000, 0x0000000710600000, 0x0000000710800000|  0%| F|  |TAMS 0x0000000710600000| PB 0x0000000710600000| Untracked 
| 119|0x0000000710800000, 0x00000007108e1cc8, 0x0000000710a00000| 44%| E|  |TAMS 0x0000000710800000| PB 0x0000000710800000| Complete 
| 120|0x0000000710a00000, 0x0000000710c00000, 0x0000000710c00000|100%| E|CS|TAMS 0x0000000710a00000| PB 0x0000000710a00000| Complete 
| 121|0x0000000710c00000, 0x0000000710e00000, 0x0000000710e00000|100%| E|CS|TAMS 0x0000000710c00000| PB 0x0000000710c00000| Complete 
| 122|0x0000000710e00000, 0x0000000711000000, 0x0000000711000000|100%| E|CS|TAMS 0x0000000710e00000| PB 0x0000000710e00000| Complete 
| 123|0x0000000711000000, 0x0000000711200000, 0x0000000711200000|100%| E|CS|TAMS 0x0000000711000000| PB 0x0000000711000000| Complete 
| 124|0x0000000711200000, 0x0000000711400000, 0x0000000711400000|100%| E|CS|TAMS 0x0000000711200000| PB 0x0000000711200000| Complete 
| 125|0x0000000711400000, 0x0000000711600000, 0x0000000711600000|100%| E|CS|TAMS 0x0000000711400000| PB 0x0000000711400000| Complete 
| 126|0x0000000711600000, 0x0000000711800000, 0x0000000711800000|100%| E|CS|TAMS 0x0000000711600000| PB 0x0000000711600000| Complete 
| 127|0x0000000711800000, 0x0000000711a00000, 0x0000000711a00000|100%| E|CS|TAMS 0x0000000711800000| PB 0x0000000711800000| Complete 

Card table byte_map: [0x000002a97ef80000,0x000002a97f780000] _byte_map_base: 0x000002a97b773000

Marking Bits: (CMBitMap*) 0x000002a97e1d1d20
 Bits: [0x000002a917390000, 0x000002a91b328000)

Polling page: 0x000002a97c150000

Metaspace:

Usage:
  Non-class:      2.22 MB used.
      Class:    268.20 KB used.
       Both:      2.48 MB used.

Virtual space:
  Non-class space:       64.00 MB reserved,       2.31 MB (  4%) committed,  1 nodes.
      Class space:        1.00 GB reserved,     384.00 KB ( <1%) committed,  1 nodes.
             Both:        1.06 GB reserved,       2.69 MB ( <1%) committed. 

Chunk freelists:
   Non-Class:  10.82 MB
       Class:  15.54 MB
        Both:  26.36 MB

MaxMetaspaceSize: unlimited
CompressedClassSpaceSize: 1.00 GB
Initial GC threshold: 21.00 MB
Current GC threshold: 21.00 MB
CDS: on
 - commit_granule_bytes: 65536.
 - commit_granule_words: 8192.
 - virtual_space_node_default_size: 8388608.
 - enlarge_chunks_in_place: 1.
 - use_allocation_guard: 0.


Internal statistics:

num_allocs_failed_limit: 0.
num_arena_births: 124.
num_arena_deaths: 0.
num_vsnodes_births: 2.
num_vsnodes_deaths: 0.
num_space_committed: 43.
num_space_uncommitted: 0.
num_chunks_returned_to_freelist: 0.
num_chunks_taken_from_freelist: 196.
num_chunk_merges: 0.
num_chunk_splits: 130.
num_chunks_enlarged: 79.
num_inconsistent_stats: 0.

CodeHeap 'non-profiled nmethods': size=120000Kb used=303Kb max_used=303Kb free=119696Kb
 bounds [0x000002a90fe60000, 0x000002a9100d0000, 0x000002a917390000]
CodeHeap 'profiled nmethods': size=120000Kb used=1086Kb max_used=1086Kb free=118913Kb
 bounds [0x000002a908390000, 0x000002a908600000, 0x000002a90f8c0000]
CodeHeap 'non-nmethods': size=5760Kb used=1358Kb max_used=1424Kb free=4401Kb
 bounds [0x000002a90f8c0000, 0x000002a90fb30000, 0x000002a90fe60000]
 total_blobs=1224 nmethods=760 adapters=369
 compilation: enabled
              stopped_count=0, restarted_count=0
 full_count=0

Compilation events (20 events):
Event: 0.279 Thread 0x000002a91dcbfbe0 nmethod 731 0x000002a90fea6810 code [0x000002a90fea6a60, 0x000002a90fea75b8]
Event: 0.279 Thread 0x000002a91d8434c0 nmethod 750 0x000002a90849ad90 code [0x000002a90849af40, 0x000002a90849b0a8]
Event: 0.279 Thread 0x000002a91dcbfbe0  749       4       jdk.internal.util.ArraysSupport::mismatch (103 bytes)
Event: 0.279 Thread 0x000002a91d8434c0  752       3       java.lang.invoke.MemberName::checkForTypeAlias (172 bytes)
Event: 0.280 Thread 0x000002a91d8434c0 nmethod 752 0x000002a90849b190 code [0x000002a90849b5e0, 0x000002a90849d270]
Event: 0.280 Thread 0x000002a91d8434c0  753       3       sun.invoke.util.BytecodeDescriptor::unparse (24 bytes)
Event: 0.280 Thread 0x000002a91d8434c0 nmethod 753 0x000002a90849da90 code [0x000002a90849dc60, 0x000002a90849de70]
Event: 0.280 Thread 0x000002a91d8434c0  758       3       jdk.internal.org.objectweb.asm.AnnotationWriter::putAnnotations (67 bytes)
Event: 0.280 Thread 0x000002a91d8434c0 nmethod 758 0x000002a90849df10 code [0x000002a90849e140, 0x000002a90849e558]
Event: 0.280 Thread 0x000002a91d8434c0  760       3       sun.invoke.util.Wrapper::forBasicType (103 bytes)
Event: 0.281 Thread 0x000002a91d8434c0 nmethod 760 0x000002a90849e810 code [0x000002a90849ea20, 0x000002a90849ef40]
Event: 0.281 Thread 0x000002a91d8434c0  761       3       sun.invoke.util.BytecodeDescriptor::unparseSig (49 bytes)
Event: 0.281 Thread 0x000002a91dcbfbe0 nmethod 749 0x000002a90fea8f90 code [0x000002a90fea9120, 0x000002a90fea93a0]
Event: 0.281 Thread 0x000002a91dcbfbe0  739       4       java.lang.ref.Reference::reachabilityFence (1 bytes)
Event: 0.281 Thread 0x000002a91d8434c0 nmethod 761 0x000002a90849f010 code [0x000002a90849f240, 0x000002a90849f6c0]
Event: 0.281 Thread 0x000002a91dcbfbe0 nmethod 739 0x000002a90fea9590 code [0x000002a90fea9700, 0x000002a90fea9768]
Event: 0.281 Thread 0x000002a91dcbfbe0  740       4       java.lang.String::toString (2 bytes)
Event: 0.281 Thread 0x000002a91dcbfbe0 nmethod 740 0x000002a90fea9890 code [0x000002a90fea9a20, 0x000002a90fea9aa8]
Event: 0.284 Thread 0x000002a91d840610 nmethod 724 0x000002a90fea9b90 code [0x000002a90fea9de0, 0x000002a90feab2c8]
Event: 0.285 Thread 0x000002a91db83610 


GC Heap History (0 events):
No events

Dll operation events (20 events):
Event: 0.187 Loaded shared library C:\Program Files\Java\jdk-21\bin\api-ms-win-crt-filesystem-l1-1-0.dll
Event: 0.188 Loaded shared library C:\Program Files\Java\jdk-21\bin\api-ms-win-crt-heap-l1-1-0.dll
Event: 0.189 Loaded shared library C:\Program Files\Java\jdk-21\bin\api-ms-win-crt-locale-l1-1-0.dll
Event: 0.190 Loaded shared library C:\Program Files\Java\jdk-21\bin\api-ms-win-crt-math-l1-1-0.dll
Event: 0.190 Loaded shared library C:\Program Files\Java\jdk-21\bin\api-ms-win-crt-multibyte-l1-1-0.dll
Event: 0.191 Loaded shared library C:\Program Files\Java\jdk-21\bin\api-ms-win-crt-private-l1-1-0.dll
Event: 0.192 Loaded shared library C:\Program Files\Java\jdk-21\bin\api-ms-win-crt-process-l1-1-0.dll
Event: 0.193 Loaded shared library C:\Program Files\Java\jdk-21\bin\api-ms-win-crt-runtime-l1-1-0.dll
Event: 0.194 Loaded shared library C:\Program Files\Java\jdk-21\bin\api-ms-win-crt-stdio-l1-1-0.dll
Event: 0.195 Loaded shared library C:\Program Files\Java\jdk-21\bin\api-ms-win-crt-string-l1-1-0.dll
Event: 0.196 Loaded shared library C:\Program Files\Java\jdk-21\bin\api-ms-win-crt-time-l1-1-0.dll
Event: 0.197 Loaded shared library C:\Program Files\Java\jdk-21\bin\api-ms-win-crt-utility-l1-1-0.dll
Event: 0.198 Loaded shared library C:\Program Files\Java\jdk-21\bin\ucrtbase.dll
Event: 0.198 Loaded shared library C:\Program Files\Java\jdk-21\bin\vcruntime140.dll
Event: 0.199 Loaded shared library C:\Program Files\Java\jdk-21\bin\vcruntime140_1.dll
Event: 0.200 Loaded shared library C:\Program Files\Java\jdk-21\bin\msvcp140.dll
Event: 0.200 Loaded shared library C:\Windows\System32\msvcp140_1.dll
Event: 0.201 Loaded shared library C:\Windows\System32\msvcp140_2.dll
Event: 0.223 Loaded shared library C:\java\javafx-sdk-22\bin\prism_d3d.dll
Event: 0.274 Loaded shared library C:\java\javafx-sdk-22\bin\glass.dll

Deoptimization events (20 events):
Event: 0.164 Thread 0x000002a97e16f6d0 Uncommon trap: trap_request=0xffffff45 fr.pc=0x000002a90fe72d88 relative=0x0000000000000708
Event: 0.164 Thread 0x000002a97e16f6d0 Uncommon trap: reason=unstable_if action=reinterpret pc=0x000002a90fe72d88 method=jdk.internal.module.Checks.isJavaIdentifier(Ljava/lang/String;)Z @ 4 c2
Event: 0.164 Thread 0x000002a97e16f6d0 DEOPT PACKING pc=0x000002a90fe72d88 sp=0x000000dcbcffec70
Event: 0.164 Thread 0x000002a97e16f6d0 DEOPT UNPACKING pc=0x000002a90f9146a2 sp=0x000000dcbcffec18 mode 2
Event: 0.270 Thread 0x000002a97e16f6d0 Uncommon trap: trap_request=0xffffffc6 fr.pc=0x000002a90fe88b70 relative=0x0000000000000bf0
Event: 0.270 Thread 0x000002a97e16f6d0 Uncommon trap: reason=bimorphic_or_optimized_type_check action=maybe_recompile pc=0x000002a90fe88b70 method=java.util.HashMap.putVal(ILjava/lang/Object;Ljava/lang/Object;ZZ)Ljava/lang/Object; @ 56 c2
Event: 0.270 Thread 0x000002a97e16f6d0 DEOPT PACKING pc=0x000002a90fe88b70 sp=0x000000dcbcffd7c0
Event: 0.270 Thread 0x000002a97e16f6d0 DEOPT UNPACKING pc=0x000002a90f9146a2 sp=0x000000dcbcffd6f0 mode 2
Event: 0.270 Thread 0x000002a97e16f6d0 Uncommon trap: trap_request=0xffffffc6 fr.pc=0x000002a90fe88b70 relative=0x0000000000000bf0
Event: 0.270 Thread 0x000002a97e16f6d0 Uncommon trap: reason=bimorphic_or_optimized_type_check action=maybe_recompile pc=0x000002a90fe88b70 method=java.util.HashMap.putVal(ILjava/lang/Object;Ljava/lang/Object;ZZ)Ljava/lang/Object; @ 56 c2
Event: 0.270 Thread 0x000002a97e16f6d0 DEOPT PACKING pc=0x000002a90fe88b70 sp=0x000000dcbcffd7c0
Event: 0.270 Thread 0x000002a97e16f6d0 DEOPT UNPACKING pc=0x000002a90f9146a2 sp=0x000000dcbcffd6f0 mode 2
Event: 0.270 Thread 0x000002a97e16f6d0 Uncommon trap: trap_request=0xffffffc6 fr.pc=0x000002a90fe88b70 relative=0x0000000000000bf0
Event: 0.270 Thread 0x000002a97e16f6d0 Uncommon trap: reason=bimorphic_or_optimized_type_check action=maybe_recompile pc=0x000002a90fe88b70 method=java.util.HashMap.putVal(ILjava/lang/Object;Ljava/lang/Object;ZZ)Ljava/lang/Object; @ 56 c2
Event: 0.270 Thread 0x000002a97e16f6d0 DEOPT PACKING pc=0x000002a90fe88b70 sp=0x000000dcbcffd7c0
Event: 0.270 Thread 0x000002a97e16f6d0 DEOPT UNPACKING pc=0x000002a90f9146a2 sp=0x000000dcbcffd6f0 mode 2
Event: 0.270 Thread 0x000002a97e16f6d0 Uncommon trap: trap_request=0xffffffc6 fr.pc=0x000002a90fe88b70 relative=0x0000000000000bf0
Event: 0.270 Thread 0x000002a97e16f6d0 Uncommon trap: reason=bimorphic_or_optimized_type_check action=maybe_recompile pc=0x000002a90fe88b70 method=java.util.HashMap.putVal(ILjava/lang/Object;Ljava/lang/Object;ZZ)Ljava/lang/Object; @ 56 c2
Event: 0.270 Thread 0x000002a97e16f6d0 DEOPT PACKING pc=0x000002a90fe88b70 sp=0x000000dcbcffd7c0
Event: 0.270 Thread 0x000002a97e16f6d0 DEOPT UNPACKING pc=0x000002a90f9146a2 sp=0x000000dcbcffd6f0 mode 2

Classes loaded (20 events):
Event: 0.270 Loading class java/lang/ProcessEnvironment$EntryComparator
Event: 0.270 Loading class java/lang/ProcessEnvironment$EntryComparator done
Event: 0.270 Loading class java/lang/ProcessEnvironment$CheckedEntrySet
Event: 0.270 Loading class java/lang/ProcessEnvironment$CheckedEntrySet done
Event: 0.270 Loading class java/lang/ProcessEnvironment$CheckedEntrySet$1
Event: 0.270 Loading class java/lang/ProcessEnvironment$CheckedEntrySet$1 done
Event: 0.270 Loading class java/lang/ProcessEnvironment$CheckedEntry
Event: 0.270 Loading class java/lang/ProcessEnvironment$CheckedEntry done
Event: 0.275 Loading class java/lang/Throwable$WrappedPrintStream
Event: 0.275 Loading class java/lang/Throwable$PrintStreamOrWriter
Event: 0.275 Loading class java/lang/Throwable$PrintStreamOrWriter done
Event: 0.275 Loading class java/lang/Throwable$WrappedPrintStream done
Event: 0.275 Loading class java/lang/StackTraceElement$HashedModules
Event: 0.275 Loading class java/lang/StackTraceElement$HashedModules done
Event: 0.277 Loading class java/util/concurrent/BlockingDeque
Event: 0.278 Loading class java/util/concurrent/BlockingDeque done
Event: 0.278 Loading class java/util/concurrent/LinkedBlockingDeque
Event: 0.278 Loading class java/util/concurrent/LinkedBlockingDeque done
Event: 0.282 Loading class java/lang/NumberFormatException
Event: 0.282 Loading class java/lang/NumberFormatException done

Classes unloaded (0 events):
No events

Classes redefined (0 events):
No events

Internal exceptions (11 events):
Event: 0.052 Thread 0x000002a97e16f6d0 Exception <a 'sun/nio/fs/WindowsException'{0x0000000711677dd8}> (0x0000000711677dd8) 
thrown [s\open\src\hotspot\share\prims\jni.cpp, line 520]
Event: 0.123 Thread 0x000002a97e16f6d0 Exception <a 'java/lang/NoSuchMethodError'{0x0000000711115378}: 'void java.lang.invoke.DirectMethodHandle$Holder.invokeStatic(java.lang.Object, java.lang.Object, java.lang.Object, java.lang.Object)'> (0x0000000711115378) 
thrown [s\open\src\hotspot\share\interpreter\linkResolver.cpp, line 773]
Event: 0.123 Thread 0x000002a97e16f6d0 Exception <a 'java/lang/NoSuchMethodError'{0x00000007111190b0}: 'void java.lang.invoke.DirectMethodHandle$Holder.invokeSpecial(java.lang.Object, java.lang.Object, java.lang.Object, java.lang.Object, java.lang.Object)'> (0x00000007111190b0) 
thrown [s\open\src\hotspot\share\interpreter\linkResolver.cpp, line 773]
Event: 0.126 Thread 0x000002a97e16f6d0 Exception <a 'java/lang/NoSuchMethodError'{0x00000007111301d8}: 'java.lang.Object java.lang.invoke.Invokers$Holder.invokeExact_MT(java.lang.Object, java.lang.Object, java.lang.Object, java.lang.Object, java.lang.Object, java.lang.Object)'> (0x00000007111301d8) 
thrown [s\open\src\hotspot\share\interpreter\linkResolver.cpp, line 773]
Event: 0.138 Thread 0x000002a97e16f6d0 Exception <a 'java/lang/NoSuchMethodError'{0x00000007111c2440}: 'void java.lang.invoke.DirectMethodHandle$Holder.invokeStatic(java.lang.Object, java.lang.Object)'> (0x00000007111c2440) 
thrown [s\open\src\hotspot\share\interpreter\linkResolver.cpp, line 773]
Event: 0.213 Thread 0x000002a97e16f6d0 Exception <a 'java/lang/NoSuchMethodError'{0x0000000710daecf8}: 'void java.lang.invoke.DirectMethodHandle$Holder.invokeSpecial(java.lang.Object, java.lang.Object, java.lang.Object)'> (0x0000000710daecf8) 
thrown [s\open\src\hotspot\share\interpreter\linkResolver.cpp, line 773]
Event: 0.218 Thread 0x000002a97e16f6d0 Exception <a 'java/lang/NoSuchMethodError'{0x0000000710de3928}: 'void java.lang.invoke.DirectMethodHandle$Holder.invokeStatic(java.lang.Object, java.lang.Object, java.lang.Object)'> (0x0000000710de3928) 
thrown [s\open\src\hotspot\share\interpreter\linkResolver.cpp, line 773]
Event: 0.264 Thread 0x000002a97e16f6d0 Exception <a 'java/lang/NoSuchMethodError'{0x0000000710aebeb8}: 'int java.lang.invoke.DirectMethodHandle$Holder.invokeStaticInit(java.lang.Object, java.lang.Object, java.lang.Object)'> (0x0000000710aebeb8) 
thrown [s\open\src\hotspot\share\interpreter\linkResolver.cpp, line 773]
Event: 0.274 Thread 0x000002a97e16f6d0 Exception <a 'java/lang/NoSuchMethodError'{0x0000000710bbe360}: notifyPreferencesChanged> (0x0000000710bbe360) 
thrown [s\open\src\hotspot\share\prims\jni.cpp, line 1072]
Event: 0.279 Thread 0x000002a97e16f6d0 Exception <a 'java/lang/NoSuchMethodError'{0x0000000710807860}: 'java.lang.Object java.lang.invoke.DirectMethodHandle$Holder.newInvokeSpecial(java.lang.Object, java.lang.Object, int, java.lang.Object)'> (0x0000000710807860) 
thrown [s\open\src\hotspot\share\interpreter\linkResolver.cpp, line 773]
Event: 0.280 Thread 0x000002a97e16f6d0 Exception <a 'java/lang/NoSuchMethodError'{0x000000071080b9b8}: 'java.lang.Object java.lang.invoke.DirectMethodHandle$Holder.invokeSpecial(java.lang.Object, java.lang.Object, java.lang.Object, int, java.lang.Object)'> (0x000000071080b9b8) 
thrown [s\open\src\hotspot\share\interpreter\linkResolver.cpp, line 773]

ZGC Phase Switch (0 events):
No events

VM Operations (6 events):
Event: 0.056 Executing VM operation: HandshakeAllThreads (Deoptimize)
Event: 0.056 Executing VM operation: HandshakeAllThreads (Deoptimize) done
Event: 0.098 Executing VM operation: HandshakeAllThreads (Deoptimize)
Event: 0.098 Executing VM operation: HandshakeAllThreads (Deoptimize) done
Event: 0.270 Executing VM operation: HandshakeAllThreads (Deoptimize)
Event: 0.270 Executing VM operation: HandshakeAllThreads (Deoptimize) done

Events (16 events):
Event: 0.015 Thread 0x000002a97e16f6d0 Thread added: 0x000002a97e16f6d0
Event: 0.028 Thread 0x000002a91d829e50 Thread added: 0x000002a91d829e50
Event: 0.028 Thread 0x000002a91d82ad70 Thread added: 0x000002a91d82ad70
Event: 0.028 Thread 0x000002a91d82cd50 Thread added: 0x000002a91d82cd50
Event: 0.028 Thread 0x000002a91d82f7c0 Thread added: 0x000002a91d82f7c0
Event: 0.028 Thread 0x000002a91d831230 Thread added: 0x000002a91d831230
Event: 0.028 Thread 0x000002a91d833f60 Thread added: 0x000002a91d833f60
Event: 0.028 Thread 0x000002a91d840610 Thread added: 0x000002a91d840610
Event: 0.028 Thread 0x000002a91d8434c0 Thread added: 0x000002a91d8434c0
Event: 0.044 Thread 0x000002a91da96960 Thread added: 0x000002a91da96960
Event: 0.078 Thread 0x000002a91db83610 Thread added: 0x000002a91db83610
Event: 0.078 Thread 0x000002a91dcbfbe0 Thread added: 0x000002a91dcbfbe0
Event: 0.104 Thread 0x000002a96352ce10 Thread added: 0x000002a96352ce10
Event: 0.219 Thread 0x000002a963e36a30 Thread added: 0x000002a963e36a30
Event: 0.278 Thread 0x000002a9641b1f90 Thread added: 0x000002a9641b1f90
Event: 0.281 Thread 0x000002a9642f1430 Thread added: 0x000002a9642f1430


Dynamic libraries:
0x00007ff73cfb0000 - 0x00007ff73cfc0000 	C:\Program Files\Java\jdk-21\bin\java.exe
0x00007ff8db930000 - 0x00007ff8dbb46000 	C:\Windows\SYSTEM32\ntdll.dll
0x00007ff8d9fc0000 - 0x00007ff8da084000 	C:\Windows\System32\KERNEL32.DLL
0x00007ff8d8eb0000 - 0x00007ff8d9257000 	C:\Windows\System32\KERNELBASE.dll
0x00007ff8d92e0000 - 0x00007ff8d93f1000 	C:\Windows\System32\ucrtbase.dll
0x00007ff8626e0000 - 0x00007ff8626fb000 	C:\Program Files\Java\jdk-21\bin\VCRUNTIME140.dll
0x00007ff8d1db0000 - 0x00007ff8d1dc9000 	C:\Program Files\Java\jdk-21\bin\jli.dll
0x00007ff8dad40000 - 0x00007ff8dadf2000 	C:\Windows\System32\ADVAPI32.dll
0x00007ff8d99e0000 - 0x00007ff8d9a87000 	C:\Windows\System32\msvcrt.dll
0x00007ff8dae00000 - 0x00007ff8daea8000 	C:\Windows\System32\sechost.dll
0x00007ff8d95c0000 - 0x00007ff8d95e8000 	C:\Windows\System32\bcrypt.dll
0x00007ff8da9c0000 - 0x00007ff8daad5000 	C:\Windows\System32\RPCRT4.dll
0x00007ff8dab00000 - 0x00007ff8dacae000 	C:\Windows\System32\USER32.dll
0x00007ff8d8c50000 - 0x00007ff8d8c76000 	C:\Windows\System32\win32u.dll
0x00007ff8cec90000 - 0x00007ff8cef23000 	C:\Windows\WinSxS\amd64_microsoft.windows.common-controls_6595b64144ccf1df_6.0.22621.3235_none_270f74e173860f98\COMCTL32.dll
0x00007ff8db7c0000 - 0x00007ff8db7e9000 	C:\Windows\System32\GDI32.dll
0x00007ff8d94a0000 - 0x00007ff8d95b9000 	C:\Windows\System32\gdi32full.dll
0x00007ff8d9400000 - 0x00007ff8d949a000 	C:\Windows\System32\msvcp_win.dll
0x00007ff8d1d20000 - 0x00007ff8d1d2a000 	C:\Windows\SYSTEM32\VERSION.dll
0x00007ff8da420000 - 0x00007ff8da451000 	C:\Windows\System32\IMM32.DLL
0x00007ff86ffd0000 - 0x00007ff86ffdc000 	C:\Program Files\Java\jdk-21\bin\vcruntime140_1.dll
0x00007ff8381c0000 - 0x00007ff83824e000 	C:\Program Files\Java\jdk-21\bin\msvcp140.dll
0x00007ff837250000 - 0x00007ff837f65000 	C:\Program Files\Java\jdk-21\bin\server\jvm.dll
0x00007ff8d9cf0000 - 0x00007ff8d9d61000 	C:\Windows\System32\WS2_32.dll
0x00007ff8d7af0000 - 0x00007ff8d7b3d000 	C:\Windows\SYSTEM32\POWRPROF.dll
0x00007ff8cc5b0000 - 0x00007ff8cc5e4000 	C:\Windows\SYSTEM32\WINMM.dll
0x00007ff8d7ad0000 - 0x00007ff8d7ae3000 	C:\Windows\SYSTEM32\UMPDC.dll
0x00007ff8d7d80000 - 0x00007ff8d7d98000 	C:\Windows\SYSTEM32\kernel.appcore.dll
0x00007ff838390000 - 0x00007ff83839a000 	C:\Program Files\Java\jdk-21\bin\jimage.dll
0x00007ff8cbaf0000 - 0x00007ff8cbd23000 	C:\Windows\SYSTEM32\DBGHELP.DLL
0x00007ff8da090000 - 0x00007ff8da418000 	C:\Windows\System32\combase.dll
0x00007ff8da8e0000 - 0x00007ff8da9b7000 	C:\Windows\System32\OLEAUT32.dll
0x00007ff8c67a0000 - 0x00007ff8c67d2000 	C:\Windows\SYSTEM32\dbgcore.DLL
0x00007ff8d9260000 - 0x00007ff8d92d9000 	C:\Windows\System32\bcryptPrimitives.dll
0x00007ff8383a0000 - 0x00007ff8383bf000 	C:\Program Files\Java\jdk-21\bin\java.dll
0x00007ff8daf60000 - 0x00007ff8db7bc000 	C:\Windows\System32\SHELL32.dll
0x00007ff8d6bc0000 - 0x00007ff8d74b9000 	C:\Windows\SYSTEM32\windows.storage.dll
0x00007ff8d6a80000 - 0x00007ff8d6bbe000 	C:\Windows\SYSTEM32\wintypes.dll
0x00007ff8db7f0000 - 0x00007ff8db8e3000 	C:\Windows\System32\SHCORE.dll
0x00007ff8d9c00000 - 0x00007ff8d9c5e000 	C:\Windows\System32\shlwapi.dll
0x00007ff8d8b80000 - 0x00007ff8d8ba1000 	C:\Windows\SYSTEM32\profapi.dll
0x00007ff838290000 - 0x00007ff838367000 	C:\Program Files\Java\jdk-21\bin\jsvml.dll
0x00007ff838380000 - 0x00007ff838390000 	C:\Program Files\Java\jdk-21\bin\net.dll
0x00007ff8d3500000 - 0x00007ff8d3636000 	C:\Windows\SYSTEM32\WINHTTP.dll
0x00007ff8d81f0000 - 0x00007ff8d8259000 	C:\Windows\system32\mswsock.dll
0x00007ff838270000 - 0x00007ff838286000 	C:\Program Files\Java\jdk-21\bin\nio.dll
0x00007ff838250000 - 0x00007ff838268000 	C:\Program Files\Java\jdk-21\bin\zip.dll
0x000002a91df10000 - 0x000002a91df13000 	C:\Program Files\Java\jdk-21\bin\api-ms-win-core-console-l1-1-0.dll
0x000002a91ddd0000 - 0x000002a91ddd3000 	C:\Program Files\Java\jdk-21\bin\api-ms-win-core-console-l1-2-0.dll
0x000002a91dde0000 - 0x000002a91dde3000 	C:\Program Files\Java\jdk-21\bin\api-ms-win-core-datetime-l1-1-0.dll
0x000002a91ddf0000 - 0x000002a91ddf3000 	C:\Program Files\Java\jdk-21\bin\api-ms-win-core-debug-l1-1-0.dll
0x000002a91de00000 - 0x000002a91de03000 	C:\Program Files\Java\jdk-21\bin\api-ms-win-core-errorhandling-l1-1-0.dll
0x000002a91de10000 - 0x000002a91de14000 	C:\Program Files\Java\jdk-21\bin\api-ms-win-core-file-l1-1-0.dll
0x000002a91de20000 - 0x000002a91de23000 	C:\Program Files\Java\jdk-21\bin\api-ms-win-core-file-l1-2-0.dll
0x000002a91de30000 - 0x000002a91de33000 	C:\Program Files\Java\jdk-21\bin\api-ms-win-core-file-l2-1-0.dll
0x000002a91de40000 - 0x000002a91de43000 	C:\Program Files\Java\jdk-21\bin\api-ms-win-core-handle-l1-1-0.dll
0x000002a91de50000 - 0x000002a91de53000 	C:\Program Files\Java\jdk-21\bin\api-ms-win-core-heap-l1-1-0.dll
0x000002a91de60000 - 0x000002a91de63000 	C:\Program Files\Java\jdk-21\bin\api-ms-win-core-interlocked-l1-1-0.dll
0x000002a91de70000 - 0x000002a91de73000 	C:\Program Files\Java\jdk-21\bin\api-ms-win-core-libraryloader-l1-1-0.dll
0x000002a91de80000 - 0x000002a91de83000 	C:\Program Files\Java\jdk-21\bin\api-ms-win-core-localization-l1-2-0.dll
0x000002a91de90000 - 0x000002a91de93000 	C:\Program Files\Java\jdk-21\bin\api-ms-win-core-memory-l1-1-0.dll
0x000002a91dea0000 - 0x000002a91dea3000 	C:\Program Files\Java\jdk-21\bin\api-ms-win-core-namedpipe-l1-1-0.dll
0x000002a91deb0000 - 0x000002a91deb3000 	C:\Program Files\Java\jdk-21\bin\api-ms-win-core-processenvironment-l1-1-0.dll
0x000002a91dec0000 - 0x000002a91dec3000 	C:\Program Files\Java\jdk-21\bin\api-ms-win-core-processthreads-l1-1-0.dll
0x000002a91ded0000 - 0x000002a91ded3000 	C:\Program Files\Java\jdk-21\bin\api-ms-win-core-processthreads-l1-1-1.dll
0x000002a91dee0000 - 0x000002a91dee3000 	C:\Program Files\Java\jdk-21\bin\api-ms-win-core-profile-l1-1-0.dll
0x000002a91def0000 - 0x000002a91def3000 	C:\Program Files\Java\jdk-21\bin\api-ms-win-core-rtlsupport-l1-1-0.dll
0x000002a91df00000 - 0x000002a91df03000 	C:\Program Files\Java\jdk-21\bin\api-ms-win-core-string-l1-1-0.dll
0x000002a91df20000 - 0x000002a91df23000 	C:\Program Files\Java\jdk-21\bin\api-ms-win-core-synch-l1-1-0.dll
0x000002a91df30000 - 0x000002a91df33000 	C:\Program Files\Java\jdk-21\bin\api-ms-win-core-synch-l1-2-0.dll
0x000002a91df40000 - 0x000002a91df43000 	C:\Program Files\Java\jdk-21\bin\api-ms-win-core-sysinfo-l1-1-0.dll
0x000002a91df50000 - 0x000002a91df53000 	C:\Program Files\Java\jdk-21\bin\api-ms-win-core-timezone-l1-1-0.dll
0x000002a91df60000 - 0x000002a91df63000 	C:\Program Files\Java\jdk-21\bin\api-ms-win-core-util-l1-1-0.dll
0x000002a91df70000 - 0x000002a91df73000 	C:\Program Files\Java\jdk-21\bin\api-ms-win-crt-conio-l1-1-0.dll
0x000002a91df80000 - 0x000002a91df84000 	C:\Program Files\Java\jdk-21\bin\api-ms-win-crt-convert-l1-1-0.dll
0x000002a91df90000 - 0x000002a91df93000 	C:\Program Files\Java\jdk-21\bin\api-ms-win-crt-environment-l1-1-0.dll
0x000002a91dfa0000 - 0x000002a91dfa3000 	C:\Program Files\Java\jdk-21\bin\api-ms-win-crt-filesystem-l1-1-0.dll
0x000002a91dfb0000 - 0x000002a91dfb3000 	C:\Program Files\Java\jdk-21\bin\api-ms-win-crt-heap-l1-1-0.dll
0x000002a91dfc0000 - 0x000002a91dfc3000 	C:\Program Files\Java\jdk-21\bin\api-ms-win-crt-locale-l1-1-0.dll
0x000002a91dfd0000 - 0x000002a91dfd5000 	C:\Program Files\Java\jdk-21\bin\api-ms-win-crt-math-l1-1-0.dll
0x000002a91dfe0000 - 0x000002a91dfe5000 	C:\Program Files\Java\jdk-21\bin\api-ms-win-crt-multibyte-l1-1-0.dll
0x000002a91dff0000 - 0x000002a91e000000 	C:\Program Files\Java\jdk-21\bin\api-ms-win-crt-private-l1-1-0.dll
0x000002a964b50000 - 0x000002a964b53000 	C:\Program Files\Java\jdk-21\bin\api-ms-win-crt-process-l1-1-0.dll
0x000002a964b60000 - 0x000002a964b64000 	C:\Program Files\Java\jdk-21\bin\api-ms-win-crt-runtime-l1-1-0.dll
0x000002a964b70000 - 0x000002a964b74000 	C:\Program Files\Java\jdk-21\bin\api-ms-win-crt-stdio-l1-1-0.dll
0x000002a964b80000 - 0x000002a964b84000 	C:\Program Files\Java\jdk-21\bin\api-ms-win-crt-string-l1-1-0.dll
0x000002a964b90000 - 0x000002a964b93000 	C:\Program Files\Java\jdk-21\bin\api-ms-win-crt-time-l1-1-0.dll
0x000002a964ba0000 - 0x000002a964ba3000 	C:\Program Files\Java\jdk-21\bin\api-ms-win-crt-utility-l1-1-0.dll
0x00007ff8a3fe0000 - 0x00007ff8a40e0000 	C:\Program Files\Java\jdk-21\bin\ucrtbase.dll
0x00007ff8d57f0000 - 0x00007ff8d57f9000 	C:\Windows\System32\msvcp140_1.dll
0x00007ff8c8970000 - 0x00007ff8c89b1000 	C:\Windows\System32\msvcp140_2.dll
0x00007ff8d3e10000 - 0x00007ff8d3e40000 	C:\java\javafx-sdk-22\bin\prism_d3d.dll
0x00007ff89fac0000 - 0x00007ff89fc69000 	C:\Windows\system32\d3d9.dll
0x00007ff8d6420000 - 0x00007ff8d644b000 	C:\Windows\SYSTEM32\dwmapi.dll
0x00007ff8d62d0000 - 0x00007ff8d6309000 	C:\Windows\SYSTEM32\dxcore.dll
0x00007ff8d61c0000 - 0x00007ff8d626b000 	C:\Windows\system32\uxtheme.dll
0x00007ff8cf960000 - 0x00007ff8cfa1c000 	C:\Windows\System32\DriverStore\FileRepository\nvmdui.inf_amd64_cf0ff083306d6565\nvldumdx.dll
0x00007ff8d88f0000 - 0x00007ff8d8902000 	C:\Windows\SYSTEM32\msasn1.dll
0x00007ff8d1cc0000 - 0x00007ff8d1cf2000 	C:\Windows\SYSTEM32\cryptnet.dll
0x00007ff8d8c80000 - 0x00007ff8d8de7000 	C:\Windows\System32\CRYPT32.dll
0x00007ff8d1a10000 - 0x00007ff8d1b68000 	C:\Windows\SYSTEM32\drvstore.dll
0x00007ff8d8910000 - 0x00007ff8d893c000 	C:\Windows\SYSTEM32\devobj.dll
0x00007ff8d8940000 - 0x00007ff8d898e000 	C:\Windows\SYSTEM32\cfgmgr32.dll
0x00007ff8d8500000 - 0x00007ff8d8548000 	C:\Windows\SYSTEM32\wldp.dll
0x00007ff8d8470000 - 0x00007ff8d847c000 	C:\Windows\SYSTEM32\cryptbase.dll
0x00007ff8d95f0000 - 0x00007ff8d965b000 	C:\Windows\System32\wintrust.dll
0x00007ff8dacb0000 - 0x00007ff8daccf000 	C:\Windows\System32\imagehlp.dll
0x00007ff8d8450000 - 0x00007ff8d846b000 	C:\Windows\SYSTEM32\CRYPTSP.dll
0x00007ff8d7ce0000 - 0x00007ff8d7d15000 	C:\Windows\system32\rsaenh.dll
0x00007ff8c9150000 - 0x00007ff8cb33d000 	C:\Windows\System32\DriverStore\FileRepository\nvmdui.inf_amd64_cf0ff083306d6565\nvgpucomp64.dll
0x00007ff85e6f0000 - 0x00007ff8610b4000 	C:\Windows\System32\DriverStore\FileRepository\nvmdui.inf_amd64_cf0ff083306d6565\nvd3dumx.dll
0x00007ff8d3070000 - 0x00007ff8d30ba000 	C:\Windows\SYSTEM32\directxdatabasehelper.dll
0x00007ff8c6230000 - 0x00007ff8c6275000 	C:\java\javafx-sdk-22\bin\glass.dll
0x00007ff8d9af0000 - 0x00007ff8d9be9000 	C:\Windows\System32\COMDLG32.dll
0x00007ff8d9660000 - 0x00007ff8d9805000 	C:\Windows\System32\ole32.dll
0x00007ff8d9810000 - 0x00007ff8d9963000 	C:\Windows\System32\MSCTF.dll

dbghelp: loaded successfully - version: 4.0.5 - missing functions: none
symbol engine: initialized successfully - sym options: 0x614 - pdb path: .;C:\Program Files\Java\jdk-21\bin;C:\Windows\SYSTEM32;C:\Windows\WinSxS\amd64_microsoft.windows.common-controls_6595b64144ccf1df_6.0.22621.3235_none_270f74e173860f98;C:\Program Files\Java\jdk-21\bin\server;C:\java\javafx-sdk-22\bin;C:\Windows\System32\DriverStore\FileRepository\nvmdui.inf_amd64_cf0ff083306d6565

VM Arguments:
jvm_args: --module-path=lib --add-modules=javafx.controls,javafx.fxml,javafx.graphics 
java_command: target/segurin-1.0-SNAPSHOT-jar-with-dependencies.jar
java_class_path (initial): target/segurin-1.0-SNAPSHOT-jar-with-dependencies.jar
Launcher Type: SUN_STANDARD

[Global flags]
     intx CICompilerCount                          = 4                                         {product} {ergonomic}
     uint ConcGCThreads                            = 3                                         {product} {ergonomic}
     uint G1ConcRefinementThreads                  = 10                                        {product} {ergonomic}
   size_t G1HeapRegionSize                         = 2097152                                   {product} {ergonomic}
    uintx GCDrainStackTargetSize                   = 64                                        {product} {ergonomic}
   size_t InitialHeapSize                          = 268435456                                 {product} {ergonomic}
   size_t MarkStackSize                            = 4194304                                   {product} {ergonomic}
   size_t MaxHeapSize                              = 4267704320                                {product} {ergonomic}
   size_t MaxNewSize                               = 2560622592                                {product} {ergonomic}
   size_t MinHeapDeltaBytes                        = 2097152                                   {product} {ergonomic}
   size_t MinHeapSize                              = 8388608                                   {product} {ergonomic}
    uintx NonNMethodCodeHeapSize                   = 5839372                                {pd product} {ergonomic}
    uintx NonProfiledCodeHeapSize                  = 122909434                              {pd product} {ergonomic}
    uintx ProfiledCodeHeapSize                     = 122909434                              {pd product} {ergonomic}
    uintx ReservedCodeCacheSize                    = 251658240                              {pd product} {ergonomic}
     bool SegmentedCodeCache                       = true                                      {product} {ergonomic}
   size_t SoftMaxHeapSize                          = 4267704320                             {manageable} {ergonomic}
     bool UseCompressedOops                        = true                           {product lp64_product} {ergonomic}
     bool UseG1GC                                  = true                                      {product} {ergonomic}
     bool UseLargePagesIndividualAllocation        = false                                  {pd product} {ergonomic}

Logging:
Log output configuration:
 #0: stdout all=warning uptime,level,tags foldmultilines=false
 #1: stderr all=off uptime,level,tags foldmultilines=false

Environment Variables:
JAVA_HOME=C:\Program Files\Eclipse Adoptium\jre-8.0.392.8-hotspot\
PATH=C:\Program Files\NVIDIA GPU Computing Toolkit\CUDA\v12.3\bin;C:\Program Files\NVIDIA GPU Computing Toolkit\CUDA\v12.3\libnvvp;C:\Program Files\Common Files\Oracle\Java\javapath;C:\Program Files\Eclipse Adoptium\jre-21.0.1.12-hotspot\bin;C:\Program Files\Eclipse Adoptium\jre-8.0.392.8-hotspot\bin;C:\Program Files\Eclipse Adoptium\jre-17.0.9.9-hotspot\bin;C:\Program Files\Eclipse Adoptium\jre-11.0.21.9-hotspot\bin;C:\Program Files (x86)\Eclipse Adoptium\jre-8.0.392.8-hotspot\bin;C:\Windows\system32;C:\Windows;C:\Windows\System32\Wbem;C:\Windows\System32\WindowsPowerShell\v1.0\;C:\Windows\System32\OpenSSH\;C:\Program Files (x86)\NVIDIA Corporation\PhysX\Common;C:\Program Files\NVIDIA Corporation\NVIDIA NvDLISR;C:\Program Files\PuTTY\;C:\Program Files\AutoFirma\AutoFirma;C:\Program Files (x86)\Microsoft SQL Server\80\Tools\Binn\;c:\Program Files (x86)\Microsoft SQL Server\100\Tools\Binn\;c:\Program Files (x86)\Microsoft SQL Server\100\DTS\Binn\;C:\Program Files (x86)\Microsoft SQL Server\160\DTS\Binn\;C:\Program Files\Azure Data Studio\bin;C:\Users\User\AppData\Local\Programs\Python\Python37\python.exe;C:\Program Files\NVIDIA Corporation\Nsight Compute 2023.3.1\;C:\java\javafx-sdk-22\bin\;C:\java\javafx-sdk-21.0.2\bin\;C:\Program Files\Git\cmd;C:\Users\User\AppData\Local\Programs\Python\Launcher\;C:\Users\User\AppData\Local\Microsoft\WindowsApps;;C:\Program Files\Azure Data Studio\bin;C:\Program Files\JetBrains\IntelliJ IDEA Community Edition 2024.1.1\bin;
USERNAME=User
OS=Windows_NT
PROCESSOR_IDENTIFIER=AMD64 Family 25 Model 80 Stepping 0, AuthenticAMD
TMP=C:\Users\User\AppData\Local\Temp
TEMP=C:\Users\User\AppData\Local\Temp




Periodic native trim disabled

---------------  S Y S T E M  ---------------

OS:
 Windows 11 , 64 bit Build 22621 (10.0.22621.3374)
OS uptime: 0 days 2:06 hours

CPU: total 12 (initial active 12) (12 cores per cpu, 2 threads per core) family 25 model 80 stepping 0 microcode 0x0, cx8, cmov, fxsr, ht, mmx, 3dnowpref, sse, sse2, sse3, ssse3, sse4a, sse4.1, sse4.2, popcnt, lzcnt, tsc, tscinvbit, avx, avx2, aes, erms, clmul, bmi1, bmi2, adx, sha, fma, vzeroupper, clflush, clflushopt, rdtscp, rdpid, fsrm, f16c, pku, cet_ss
Processor Information for all 12 processors :
  Max Mhz: 3600, Current Mhz: 3600, Mhz Limit: 3600

Memory: 4k page, system-wide physical 16273M (6379M free)
TotalPageFile size 43921M (AvailPageFile size 27866M)
current process WorkingSet (physical memory assigned to process): 86M, peak: 91M
current process commit charge ("private bytes"): 374M, peak: 381M

vm_info: Java HotSpot(TM) 64-Bit Server VM (21.0.1+12-LTS-29) for windows-amd64 JRE (21.0.1+12-LTS-29), built on 2023-10-05T13:27:09Z by "mach5one" with MS VC++ 17.1 (VS2022)

END.
