#
# A fatal error has been detected by the Java Runtime Environment:
#
#  EXCEPTION_ACCESS_VIOLATION (0xc0000005) at pc=0x00007ff8dcea3332, pid=14468, tid=6840
#
# JRE version: OpenJDK Runtime Environment Zulu22.28+91-CA (22.0+36) (build 22+36)
# Java VM: OpenJDK 64-Bit Server VM Zulu22.28+91-CA (22+36, mixed mode, sharing, tiered, compressed oops, compressed class ptrs, g1 gc, windows-amd64)
# Problematic frame:
# V  [jvm.dll+0x453332]
#
# No core dump will be written. Minidumps are not enabled by default on client versions of Windows
#
# If you would like to submit a bug report, please visit:
#   http://www.azul.com/support/
#

---------------  S U M M A R Y ------------

Command Line: --module-path=C:\Users\User\Documents\NetBeansProjects\testJavaFX\target\classes;C:\Users\User\.m2\repository\mysql\mysql-connector-java\8.0.27\mysql-connector-java-8.0.27.jar;C:\Users\User\.m2\repository\net\sf\jasperreports\jasperreports\6.21.2\jasperreports-6.21.2.jar;C:\Users\User\.m2\repository\org\mockito\mockito-core\5.11.0\mockito-core-5.11.0.jar;C:\Users\User\.m2\repository\org\openjfx\javafx-base\21.0.3\javafx-base-21.0.3-win.jar;C:\Users\User\.m2\repository\org\openjfx\javafx-controls\21.0.3\javafx-controls-21.0.3-win.jar;C:\Users\User\.m2\repository\org\openjfx\javafx-fxml\21.0.3\javafx-fxml-21.0.3-win.jar;C:\Users\User\.m2\repository\org\openjfx\javafx-graphics\21.0.3\javafx-graphics-21.0.3-win.jar --add-modules=com.mycompany.testjavafx -Djdk.module.main=com.mycompany.testjavafx com.mycompany.testjavafx/com.mycompany.testjavafx.App

Host: AMD Ryzen 5 5500                               , 12 cores, 15G,  Windows 11 , 64 bit Build 22621 (10.0.22621.3374)
Time: Thu May  9 19:50:49 2024 Hora de verano romance elapsed time: 0.288214 seconds (0d 0h 0m 0s)

---------------  T H R E A D  ---------------

Current thread (0x0000024ac5c7ead0):  JavaThread "WindowsNativeRunloopThread"        [_thread_in_vm, id=6840, stack(0x000000e563600000,0x000000e563700000) (1024K)]

Stack: [0x000000e563600000,0x000000e563700000],  sp=0x000000e5636fef20,  free space=1019k
Native frames: (J=compiled Java code, j=interpreted, Vv=VM code, C=native code)
V  [jvm.dll+0x453332]  (no source info available)
C  [glass.dll+0x50fc]  (no source info available)
C  [glass.dll+0xa936]  (no source info available)
C  0x0000024aeeeacfc7  (no source info available)

The last pc belongs to native method entry point (kind = native) (printed below).
Java frames: (J=compiled Java code, j=interpreted, Vv=VM code)
j  com.sun.glass.ui.win.WinApplication._runLoop(Ljava/lang/Runnable;)V+0 javafx.graphics@21.0.3
j  com.sun.glass.ui.win.WinApplication.lambda$runLoop$3(ILjava/lang/Runnable;)V+8 javafx.graphics@21.0.3
j  com.sun.glass.ui.win.WinApplication$$Lambda+0x0000024a810323d8.run()V+12 javafx.graphics@21.0.3
j  java.lang.Thread.runWith(Ljava/lang/Object;Ljava/lang/Runnable;)V+5 java.base@22
j  java.lang.Thread.run()V+19 java.base@22
v  ~StubRoutines::call_stub 0x0000024aeeea100d

siginfo: EXCEPTION_ACCESS_VIOLATION (0xc0000005), reading address 0x0000000000000000


Registers:
RAX=0x0000000000000000, RBX=0x0000024ac5c7ead0, RCX=0x0000024ac5c7ee90, RDX=0x000000e5636ff108
RSP=0x000000e5636fef20, RBP=0x000000e5636ff028, RSI=0x0000000000000000, RDI=0x0000024ac5c7ee90
R8 =0x0000000000000000, R9 =0x000000e5636ff028, R10=0x0000000000000000, R11=0x0000000000000246
R12=0x0000000000000000, R13=0x0000024ac14f1f18, R14=0x000000e5636ff108, R15=0x0000024ac5c7ead0
RIP=0x00007ff8dcea3332, EFLAGS=0x0000000000010246


Register to memory mapping:

RAX=0x0 is null
RBX=0x0000024ac5c7ead0 is a thread
RCX=0x0000024ac5c7ee90 points into unknown readable memory: 0x00007ff8dd6a7c50 | 50 7c 6a dd f8 7f 00 00
RDX=0x000000e5636ff108 is pointing into the stack for thread: 0x0000024ac5c7ead0
RSP=0x000000e5636fef20 is pointing into the stack for thread: 0x0000024ac5c7ead0
RBP=0x000000e5636ff028 is pointing into the stack for thread: 0x0000024ac5c7ead0
RSI=0x0 is null
RDI=0x0000024ac5c7ee90 points into unknown readable memory: 0x00007ff8dd6a7c50 | 50 7c 6a dd f8 7f 00 00
R8 =0x0 is null
R9 =0x000000e5636ff028 is pointing into the stack for thread: 0x0000024ac5c7ead0
R10=0x0 is null
R11=0x0000000000000246 is an unknown value
R12=0x0 is null
R13={method} {0x0000024ac14f1f20} '_runLoop' '(Ljava/lang/Runnable;)V' in 'com/sun/glass/ui/win/WinApplication'
R14=0x000000e5636ff108 is pointing into the stack for thread: 0x0000024ac5c7ead0
R15=0x0000024ac5c7ead0 is a thread

Top of Stack: (sp=0x000000e5636fef20)
0x000000e5636fef20:   0000024ac591fe00 0000000000000001
0x000000e5636fef30:   0000024a00000000 000000e5636fef48
0x000000e5636fef40:   000062e99e0c5bd1 0000000000320030
0x000000e5636fef50:   00007ff9413e1f00 00007ff93ef90e81
0x000000e5636fef60:   000000e5636ff018 0000000000000000
0x000000e5636fef70:   0000024ac5c7ead0 0000000000000000
0x000000e5636fef80:   0000000000000000 00007ff9414072f0
0x000000e5636fef90:   0000024ac5aface0 00007ff93f87548f
0x000000e5636fefa0:   0000000000180016 00007ff9413e1e58
0x000000e5636fefb0:   000000e5636fefa0 0000000000000000
0x000000e5636fefc0:   0000024ac5c7ead0 000000e5636ff110
0x000000e5636fefd0:   0000024ac5c7ee90 00007ff91caa50fc
0x000000e5636fefe0:   0000000000000000 000000e5636ff0e8
0x000000e5636feff0:   000000e5636ff108 0000024ac5c7ee90
0x000000e5636ff000:   000000e5636ff108 00007ff91caaa936
0x000000e5636ff010:   0000024ac14f1f18 000000e500000000
0x000000e5636ff020:   0000000000000000 0000000000000000
0x000000e5636ff030:   0000024aeeea89b6 0000024aeeeace38
0x000000e5636ff040:   0000024ac14f1f18 0000024ac14f1f18
0x000000e5636ff050:   0000024ac14f1f18 000000e5636ff110
0x000000e5636ff060:   0000024aeeea89b6 0000024aeeeacfc7
0x000000e5636ff070:   0000024ac14f1f18 000000e5636ff640
0x000000e5636ff080:   3ff0000000000000 0000024ac5c7ead0
0x000000e5636ff090:   000000e5636ff640 0000024aeeeacc5b
0x000000e5636ff0a0:   fffffffffffffff7 0000024ac14f1f18
0x000000e5636ff0b0:   0000000000000005 0000024ac151a228
0x000000e5636ff0c0:   0000000000000000 00000007109ff068
0x000000e5636ff0d0:   0000024ac14f1f18 0000000000000000
0x000000e5636ff0e0:   000000e5636ff108 000000e5636ff160
0x000000e5636ff0f0:   0000024aeeea88c0 0000000000000000
0x000000e5636ff100:   0000024aeeeaa517 0000000710720f40
0x000000e5636ff110:   0000000710717110 fffffffffffffff7 

Instructions: (pc=0x00007ff8dcea3332)
0x00007ff8dcea3232:   ff 48 8b 4b 08 48 8b 43 10 48 89 41 10 48 8b 4b
0x00007ff8dcea3242:   08 48 8b 43 18 48 89 41 18 48 8b 4b 08 48 8b 43
0x00007ff8dcea3252:   20 48 89 41 20 48 8d 8f a0 03 00 00 e8 dd 18 ed
0x00007ff8dcea3262:   ff 90 c7 87 54 04 00 00 04 00 00 00 48 81 c4 b8
0x00007ff8dcea3272:   00 00 00 41 5f 41 5e 5f 5e 5d 5b c3 cc cc 48 89
0x00007ff8dcea3282:   5c 24 08 48 89 6c 24 10 48 89 74 24 18 57 41 56
0x00007ff8dcea3292:   41 57 48 81 ec a0 00 00 00 8b 81 b8 00 00 00 48
0x00007ff8dcea32a2:   8d 99 40 fc ff ff 05 53 21 ff ff 49 8b e9 49 8b
0x00007ff8dcea32b2:   f0 4c 8b f2 48 8b f9 83 f8 01 77 08 48 8b cb e8
0x00007ff8dcea32c2:   9a b4 fa ff 80 3d b2 e0 86 00 00 c7 83 54 04 00
0x00007ff8dcea32d2:   00 06 00 00 00 75 06 e8 42 e0 28 00 90 48 8b 83
0x00007ff8dcea32e2:   58 04 00 00 a8 01 74 0d 45 33 c0 b2 01 48 8b cb
0x00007ff8dcea32f2:   e8 c9 24 30 00 8b 83 50 04 00 00 a8 0c 74 08 48
0x00007ff8dcea3302:   8b cb e8 f7 c9 fa ff c7 83 54 04 00 00 06 00 00
0x00007ff8dcea3312:   00 48 83 7b 08 00 48 89 5c 24 50 48 c7 44 24 58
0x00007ff8dcea3322:   00 00 00 00 74 0a 48 8d 4c 24 50 e8 2e c0 2c 00
0x00007ff8dcea3332:   48 8b 16 48 8d 4c 24 70 c6 44 24 40 0e e8 fc 31
0x00007ff8dcea3342:   01 00 48 8d 44 24 70 48 89 5c 24 30 48 89 44 24
0x00007ff8dcea3352:   28 4c 8d 3d be 95 61 00 41 b9 01 00 00 00 48 89
0x00007ff8dcea3362:   74 24 20 4d 8b c6 4c 89 7c 24 70 48 8d 54 24 40
0x00007ff8dcea3372:   48 89 ac 24 98 00 00 00 48 8b cf e8 4e 3f 01 00
0x00007ff8dcea3382:   48 83 7c 24 58 00 4c 89 7c 24 70 48 c7 84 24 98
0x00007ff8dcea3392:   00 00 00 00 00 00 00 74 0a 48 8d 4c 24 50 e8 3b
0x00007ff8dcea33a2:   c0 2c 00 48 8b bb 98 01 00 00 48 8b 47 10 48 83
0x00007ff8dcea33b2:   38 00 74 08 48 8b cf e8 72 c8 f5 ff 48 8b 4f 08
0x00007ff8dcea33c2:   48 8b 47 10 48 89 41 10 48 8b 4f 08 48 8b 47 18
0x00007ff8dcea33d2:   48 89 41 18 48 8b 4f 08 48 8b 47 20 48 89 41 20
0x00007ff8dcea33e2:   48 8d 8b a0 03 00 00 e8 52 17 ed ff 4c 8d 9c 24
0x00007ff8dcea33f2:   a0 00 00 00 90 49 8b 6b 28 49 8b 73 30 c7 83 54
0x00007ff8dcea3402:   04 00 00 04 00 00 00 49 8b 5b 20 49 8b e3 41 5f
0x00007ff8dcea3412:   41 5e 5f c3 cc cc cc cc cc cc cc cc cc cc 48 89
0x00007ff8dcea3422:   5c 24 08 48 89 6c 24 10 48 89 74 24 18 48 89 7c 


Stack slot to memory mapping:

stack at sp + 0 slots: 0x0000024ac591fe00 points into unknown readable memory: 0x0000024ac5389760 | 60 97 38 c5 4a 02 00 00
stack at sp + 1 slots: 0x0000000000000001 is an unknown value
stack at sp + 2 slots: 0x0000024a00000000 is an unknown value
stack at sp + 3 slots: 0x000000e5636fef48 is pointing into the stack for thread: 0x0000024ac5c7ead0
stack at sp + 4 slots: 0x000062e99e0c5bd1 is an unknown value
stack at sp + 5 slots: 0x0000000000320030 is an unknown value
stack at sp + 6 slots: 0x00007ff9413e1f00 ole32.dll
stack at sp + 7 slots: 0x00007ff93ef90e81 KERNELBASE.dll

native method entry point (kind = native)  [0x0000024aeeeacba0, 0x0000024aeeead6c0]  2848 bytes
[MachCode]
  0x0000024aeeeacba0: 488b 4b08 | 0fb7 492e | 584c 8d74 | ccf8 6800 | 0000 0068 | 0000 0000 | 5055 488b | ec41 5568 
  0x0000024aeeeacbc0: 0000 0000 | 4c8b 6b08 | 4d8d 6d38 | 5348 8b53 | 0848 8b52 | 0848 8b52 | 1848 8b52 | 7048 8b12 
  0x0000024aeeeacbe0: 5248 8b53 | 1048 85d2 | 0f84 0700 | 0000 4881 | c210 0100 | 0052 488b | 5308 488b | 5208 488b 
  0x0000024aeeeacc00: 5210 5249 | 8bc6 482b | c548 c1e8 | 0350 6800 | 0000 0068 | f7ff ffff | 41c6 8781 | 0400 0001 
  0x0000024aeeeacc20: 488b 4310 | 4885 c074 | 208b 88cc | 0000 0083 | c102 8988 | cc00 0000 | 2388 e000 | 0000 0f84 
  0x0000024aeeeacc40: cb09 0000 | e9cf 0000 | 0048 8b43 | 1848 85c0 | 0f85 b000 | 0000 e805 | 0000 00e9 | 9900 0000 
  0x0000024aeeeacc60: 488b d348 | 8d44 2408 | 4c89 6dc0 | 498b cfc5 | f877 4989 | afb0 0300 | 0049 8987 | a003 0000 
  0x0000024aeeeacc80: 4883 ec20 | 40f6 c40f | 0f84 1900 | 0000 4883 | ec08 48b8 | 8069 e3dc | f87f 0000 | ffd0 4883 
  0x0000024aeeeacca0: c408 e90c | 0000 0048 | b880 69e3 | dcf8 7f00 | 00ff d048 | 83c4 2049 | c787 a003 | 0000 0000 
  0x0000024aeeeaccc0: 0000 49c7 | 87b0 0300 | 0000 0000 | 0049 c787 | a803 0000 | 0000 0000 | c5f8 7749 | 837f 0800 
  0x0000024aeeeacce0: 0f84 0500 | 0000 e915 | 42ff ff4c | 8b6d c04c | 8b75 c84e | 8d74 f500 | c348 8b43 | 1848 85c0 
  0x0000024aeeeacd00: 0f84 1200 | 0000 8b48 | 0883 c102 | 8948 0823 | 481c 0f84 | f708 0000 | 493b a7f0 | 0400 000f 
  0x0000024aeeeacd20: 8748 0000 | 0089 8424 | 00f0 ffff | 8984 2400 | e0ff ff89 | 8424 00d0 | ffff 8984 | 2400 c0ff 
  0x0000024aeeeacd40: ff89 8424 | 00b0 ffff | 8984 2400 | a0ff ff89 | 8424 0090 | ffff 8984 | 2400 80ff | ff49 3ba7 
  0x0000024aeeeacd60: e804 0000 | 7607 4989 | a7f0 0400 | 0041 c687 | 8104 0000 | 0049 ba00 | 1471 ddf8 | 7f00 0041 
  0x0000024aeeeacd80: 803a 000f | 843e 0000 | 0048 8b55 | e849 8bcf | 4883 ec20 | 40f6 c40f | 0f84 1900 | 0000 4883 
  0x0000024aeeeacda0: ec08 48b8 | a0aa 1add | f87f 0000 | ffd0 4883 | c408 e90c | 0000 0048 | b8a0 aa1a | ddf8 7f00 
  0x0000024aeeeacdc0: 00ff d048 | 83c4 2048 | 8b5d e84c | 8b5b 0845 | 0fb7 5b2e | 41c1 e303 | 492b e348 | 83ec 2048 
  0x0000024aeeeacde0: 83e4 f04c | 8b5b 604d | 85db 0f85 | ab00 0000 | e805 0000 | 00e9 9900 | 0000 488b | d348 8d44 
  0x0000024aeeeace00: 2408 4c89 | 6dc0 498b | cfc5 f877 | 4989 afb0 | 0300 0049 | 8987 a003 | 0000 4883 | ec20 40f6 
  0x0000024aeeeace20: c40f 0f84 | 1900 0000 | 4883 ec08 | 48b8 8090 | e3dc f87f | 0000 ffd0 | 4883 c408 | e90c 0000 
  0x0000024aeeeace40: 0048 b880 | 90e3 dcf8 | 7f00 00ff | d048 83c4 | 2049 c787 | a003 0000 | 0000 0000 | 49c7 87b0 
  0x0000024aeeeace60: 0300 0000 | 0000 0049 | c787 a803 | 0000 0000 | 0000 c5f8 | 7749 837f | 0800 0f84 | 0500 0000 
  0x0000024aeeeace80: e97b 40ff | ff4c 8b6d | c04c 8b75 | c84e 8d74 | f500 c348 | 8b5d e84c | 8b5b 6041 | ffd3 488b 
  0x0000024aeeeacea0: 5de8 4889 | 4518 448b | 5b28 41f6 | c308 0f84 | 1b00 0000 | 4c8b 5b08 | 4d8b 5b08 | 4d8b 5b18 
  0x0000024aeeeacec0: 4d8b 5b70 | 4d8b 1b4c | 895d 1048 | 8d55 1048 | 8b43 5849 | ba80 001b | ddf8 7f00 | 0049 3bc2 
  0x0000024aeeeacee0: 0f85 ab00 | 0000 e805 | 0000 00e9 | 9900 0000 | 488b d348 | 8d44 2408 | 4c89 6dc0 | 498b cfc5 
  0x0000024aeeeacf00: f877 4989 | afb0 0300 | 0049 8987 | a003 0000 | 4883 ec20 | 40f6 c40f | 0f84 1900 | 0000 4883 
  0x0000024aeeeacf20: ec08 48b8 | 8090 e3dc | f87f 0000 | ffd0 4883 | c408 e90c | 0000 0048 | b880 90e3 | dcf8 7f00 
  0x0000024aeeeacf40: 00ff d048 | 83c4 2049 | c787 a003 | 0000 0000 | 0000 49c7 | 87b0 0300 | 0000 0000 | 0049 c787 
  0x0000024aeeeacf60: a803 0000 | 0000 0000 | c5f8 7749 | 837f 0800 | 0f84 0500 | 0000 e985 | 3fff ff4c | 8b6d c04c 
  0x0000024aeeeacf80: 8b75 c84e | 8d74 f500 | c348 8b5d | e848 8b43 | 5849 8d8f | c003 0000 | c5f8 7749 | 89af b003 
  0x0000024aeeeacfa0: 0000 49ba | 98cf eaee | 4a02 0000 | 4d89 97a8 | 0300 0049 | 89a7 a003 | 0000 41c7 | 8754 0400 
  0x0000024aeeeacfc0: 0004 0000 | 00ff d0c5 | f877 4883 | ec10 c5fb | 1104 2448 | 83ec 1048 | 8904 2448 | c744 2408 
  0x0000024aeeeacfe0: 0000 0000 | 41c7 8754 | 0400 0005 | 0000 00f0 | 8344 24c0 | 0049 3baf | 5804 0000 | 0f87 0e00 
  0x0000024aeeead000: 0000 4183 | bf50 0400 | 0000 0f84 | 2000 0000 | 498b cf4c | 8be4 4883 | ec20 4883 | e4f0 48b8 
  0x0000024aeeead020: d0e9 e4dc | f87f 0000 | ffd0 498b | e44d 33e4 | 41c7 8754 | 0400 0008 | 0000 0049 | c787 a003 
  0x0000024aeeead040: 0000 0000 | 0000 49c7 | 87b0 0300 | 0000 0000 | 0049 c787 | a803 0000 | 0000 0000 | c5f8 774d 
  0x0000024aeeead060: 8b9f 3004 | 0000 41c7 | 8300 0100 | 0000 0000 | 0049 bb1a | a5ea ee4a | 0200 004c | 3b5d 180f 
  0x0000024aeeead080: 8524 0200 | 0048 8b04 | 2448 83c4 | 1048 85c0 | 0f84 fe01 | 0000 a803 | 0f85 0800 | 0000 488b 
  0x0000024aeeead0a0: 00e9 ee01 | 0000 a801 | 0f85 0900 | 0000 488b | 40fe e9dd | 0100 0048 | 8b40 ff41 | 807f 3800 
  0x0000024aeeead0c0: 0f84 ce01 | 0000 4883 | f800 0f84 | c401 0000 | 4d8b 5f28 | 4983 fb00 | 0f84 1400 | 0000 4983 
  0x0000024aeeead0e0: eb08 4d89 | 5f28 4d03 | 5f30 4989 | 03e9 a201 | 0000 4881 | ecd0 0000 | 0048 8904 | 2448 894c 
  0x0000024aeeead100: 2408 4889 | 5424 1048 | 8974 2418 | 4889 7c24 | 204c 8944 | 2428 4c89 | 4c24 304c | 8954 2438 
  0x0000024aeeead120: 4c89 5c24 | 40c5 fb11 | 4424 50c5 | fb11 4c24 | 58c5 fb11 | 5424 60c5 | fb11 5c24 | 68c5 fb11 
  0x0000024aeeead140: 6424 70c5 | fb11 6c24 | 78c5 fb11 | b424 8000 | 0000 c5fb | 11bc 2488 | 0000 00c5 | 7b11 8424 
  0x0000024aeeead160: 9000 0000 | c57b 118c | 2498 0000 | 00c5 7b11 | 9424 a000 | 0000 c57b | 119c 24a8 | 0000 00c5 
  0x0000024aeeead180: 7b11 a424 | b000 0000 | c57b 11ac | 24b8 0000 | 00c5 7b11 | b424 c000 | 0000 c57b | 11bc 24c8 
  0x0000024aeeead1a0: 0000 0049 | 8bd7 488b | c848 83ec | 2040 f6c4 | 0f0f 8419 | 0000 0048 | 83ec 0848 | b890 00d8 
  0x0000024aeeead1c0: dcf8 7f00 | 00ff d048 | 83c4 08e9 | 0c00 0000 | 48b8 9000 | d8dc f87f | 0000 ffd0 | 4883 c420 
  0x0000024aeeead1e0: c57b 10bc | 24c8 0000 | 00c5 7b10 | b424 c000 | 0000 c57b | 10ac 24b8 | 0000 00c5 | 7b10 a424 
  0x0000024aeeead200: b000 0000 | c57b 109c | 24a8 0000 | 00c5 7b10 | 9424 a000 | 0000 c57b | 108c 2498 | 0000 00c5 
  0x0000024aeeead220: 7b10 8424 | 9000 0000 | c5fb 10bc | 2488 0000 | 00c5 fb10 | b424 8000 | 0000 c5fb | 106c 2478 
  0x0000024aeeead240: c5fb 1064 | 2470 c5fb | 105c 2468 | c5fb 1054 | 2460 c5fb | 104c 2458 | c5fb 1044 | 2450 4c8b 
  0x0000024aeeead260: 5c24 404c | 8b54 2438 | 4c8b 4c24 | 304c 8b44 | 2428 488b | 7c24 2048 | 8b74 2418 | 488b 5424 
  0x0000024aeeead280: 1048 8b4c | 2408 488b | 0424 4881 | c4d0 0000 | 00c5 f877 | 4889 4510 | 4883 ec10 | 4889 0424 
  0x0000024aeeead2a0: 48c7 4424 | 0800 0000 | 0041 83bf | d004 0000 | 020f 85bf | 0000 0048 | 81ec 8000 | 0000 4889 
  0x0000024aeeead2c0: 4424 7848 | 894c 2470 | 4889 5424 | 6848 895c | 2460 4889 | 6c24 5048 | 8974 2448 | 4889 7c24 
  0x0000024aeeead2e0: 404c 8944 | 2438 4c89 | 4c24 304c | 8954 2428 | 4c89 5c24 | 204c 8964 | 2418 4c89 | 6c24 104c 
  0x0000024aeeead300: 8974 2408 | 4c89 3c24 | 4c8b e448 | 83ec 2048 | 83e4 f048 | b830 e31a | ddf8 7f00 | 00ff d049 
  0x0000024aeeead320: 8be4 4c8b | 3c24 4c8b | 7424 084c | 8b6c 2410 | 4c8b 6424 | 184c 8b5c | 2420 4c8b | 5424 284c 
  0x0000024aeeead340: 8b4c 2430 | 4c8b 4424 | 3848 8b7c | 2440 488b | 7424 4848 | 8b6c 2450 | 488b 5c24 | 6048 8b54 
  0x0000024aeeead360: 2468 488b | 4c24 7048 | 8b44 2478 | 4881 c480 | 0000 004d | 33e4 488b | 5de8 4c8b | 6b08 4d8d 
  0x0000024aeeead380: 6d38 4983 | 7f08 000f | 84bb 0000 | 00e8 0500 | 0000 e996 | 0000 0048 | 8d44 2408 | 4c89 6dc0 
  0x0000024aeeead3a0: 498b cfc5 | f877 4989 | afb0 0300 | 0049 8987 | a003 0000 | 4883 ec20 | 40f6 c40f | 0f84 1900 
  0x0000024aeeead3c0: 0000 4883 | ec08 48b8 | b0ae e3dc | f87f 0000 | ffd0 4883 | c408 e90c | 0000 0048 | b8b0 aee3 
  0x0000024aeeead3e0: dcf8 7f00 | 00ff d048 | 83c4 2049 | c787 a003 | 0000 0000 | 0000 49c7 | 87b0 0300 | 0000 0000 
  0x0000024aeeead400: 0049 c787 | a803 0000 | 0000 0000 | c5f8 7749 | 837f 0800 | 0f84 0500 | 0000 e9e1 | 3aff ff4c 
  0x0000024aeeead420: 8b6d c04c | 8b75 c84e | 8d74 f500 | c348 b9b8 | 4147 ddf8 | 7f00 0048 | 83e4 f048 | b8f0 5909 
  0x0000024aeeead440: ddf8 7f00 | 00ff d0f4 | 448b 5b28 | 41f6 c320 | 0f84 4401 | 0000 488d | 55a8 4c8b | 5a08 4d85 
  0x0000024aeeead460: db0f 85bb | 0000 00e8 | 0500 0000 | e996 0000 | 0048 8d44 | 2408 4c89 | 6dc0 498b | cfc5 f877 
  0x0000024aeeead480: 4989 afb0 | 0300 0049 | 8987 a003 | 0000 4883 | ec20 40f6 | c40f 0f84 | 1900 0000 | 4883 ec08 
  0x0000024aeeead4a0: 48b8 e0ad | e3dc f87f | 0000 ffd0 | 4883 c408 | e90c 0000 | 0048 b8e0 | ade3 dcf8 | 7f00 00ff 
  0x0000024aeeead4c0: d048 83c4 | 2049 c787 | a003 0000 | 0000 0000 | 49c7 87b0 | 0300 0000 | 0000 0049 | c787 a803 
  0x0000024aeeead4e0: 0000 0000 | 0000 c5f8 | 7749 837f | 0800 0f84 | 0500 0000 | e907 3aff | ff4c 8b6d | c04c 8b75 
  0x0000024aeeead500: c84e 8d74 | f500 c348 | b9b8 4147 | ddf8 7f00 | 0048 83e4 | f048 b8f0 | 5909 ddf8 | 7f00 00ff 
  0x0000024aeeead520: d0f4 4c89 | 6dc0 488d | 024c 8b4a | 0848 c742 | 0800 0000 | 004c 8b00 | 4d85 c00f | 840b 0000 
  0x0000024aeeead540: 00f0 4d0f | b101 0f85 | 0c00 0000 | 49ff 8f58 | 0500 00e9 | 3e00 0000 | 4c89 4a08 | 488b ca48 
  0x0000024aeeead560: 83ec 2040 | f6c4 0f0f | 8419 0000 | 0048 83ec | 0848 b880 | 80e3 dcf8 | 7f00 00ff | d048 83c4 
  0x0000024aeeead580: 08e9 0c00 | 0000 48b8 | 8080 e3dc | f87f 0000 | ffd0 4883 | c420 4c8b | 6dc0 49ba | 0014 71dd 
  0x0000024aeeead5a0: f87f 0000 | 4180 3a00 | 0f84 3e00 | 0000 488b | 55e8 498b | cf48 83ec | 2040 f6c4 | 0f0f 8419 
  0x0000024aeeead5c0: 0000 0048 | 83ec 0848 | b8a0 aa1a | ddf8 7f00 | 00ff d048 | 83c4 08e9 | 0c00 0000 | 48b8 a0aa 
  0x0000024aeeead5e0: 1add f87f | 0000 ffd0 | 4883 c420 | 488b 0424 | 4883 c410 | c5fb 1004 | 2448 83c4 | 104c 8b5d 
  0x0000024aeeead600: 1841 ffd3 | 4c8b 5df8 | c95f 498b | e3ff e7ba | 0000 0000 | e805 0000 | 00e9 9600 | 0000 488d 
  0x0000024aeeead620: 4424 084c | 896d c049 | 8bcf c5f8 | 7749 89af | b003 0000 | 4989 87a0 | 0300 0048 | 83ec 2040 
  0x0000024aeeead640: f6c4 0f0f | 8419 0000 | 0048 83ec | 0848 b850 | 74e3 dcf8 | 7f00 00ff | d048 83c4 | 08e9 0c00 
  0x0000024aeeead660: 0000 48b8 | 5074 e3dc | f87f 0000 | ffd0 4883 | c420 49c7 | 87a0 0300 | 0000 0000 | 0049 c787 
  0x0000024aeeead680: b003 0000 | 0000 0000 | 49c7 87a8 | 0300 0000 | 0000 00c5 | f877 4983 | 7f08 000f | 8405 0000 
  0x0000024aeeead6a0: 00e9 5a38 | ffff 4c8b | 6dc0 4c8b | 75c8 4e8d | 74f5 00c3 | 488b 5de8 | e95b f6ff | ff66 6690 
[/MachCode]

---------------  P R O C E S S  ---------------

Threads class SMR info:
_java_thread_list=0x0000024ac5c7a2f0, length=16, elements={
0x0000024add0a0fe0, 0x0000024afeae3ad0, 0x0000024afeae47f0, 0x0000024afeaeb1f0,
0x0000024afeaed0f0, 0x0000024afeaf80a0, 0x0000024afeb01980, 0x0000024ac51914a0,
0x0000024afeb02fa0, 0x0000024ac5255fc0, 0x0000024ac5314ce0, 0x0000024ac53df960,
0x0000024ac556e4b0, 0x0000024ac5678610, 0x0000024ac5afa670, 0x0000024ac5c7ead0
}

Java Threads: ( => current thread )
  0x0000024add0a0fe0 JavaThread "main"                              [_thread_blocked, id=7156, stack(0x000000e561f00000,0x000000e562000000) (1024K)]
  0x0000024afeae3ad0 JavaThread "Reference Handler"          daemon [_thread_blocked, id=8060, stack(0x000000e562700000,0x000000e562800000) (1024K)]
  0x0000024afeae47f0 JavaThread "Finalizer"                  daemon [_thread_blocked, id=18608, stack(0x000000e562800000,0x000000e562900000) (1024K)]
  0x0000024afeaeb1f0 JavaThread "Signal Dispatcher"          daemon [_thread_blocked, id=12940, stack(0x000000e562900000,0x000000e562a00000) (1024K)]
  0x0000024afeaed0f0 JavaThread "Attach Listener"            daemon [_thread_blocked, id=15088, stack(0x000000e562a00000,0x000000e562b00000) (1024K)]
  0x0000024afeaf80a0 JavaThread "Service Thread"             daemon [_thread_blocked, id=20992, stack(0x000000e562b00000,0x000000e562c00000) (1024K)]
  0x0000024afeb01980 JavaThread "Monitor Deflation Thread"   daemon [_thread_blocked, id=9280, stack(0x000000e562c00000,0x000000e562d00000) (1024K)]
  0x0000024ac51914a0 JavaThread "C2 CompilerThread0"         daemon [_thread_blocked, id=14560, stack(0x000000e562d00000,0x000000e562e00000) (1024K)]
  0x0000024afeb02fa0 JavaThread "C1 CompilerThread0"         daemon [_thread_blocked, id=19800, stack(0x000000e562e00000,0x000000e562f00000) (1024K)]
  0x0000024ac5255fc0 JavaThread "Common-Cleaner"             daemon [_thread_blocked, id=14548, stack(0x000000e562f00000,0x000000e563000000) (1024K)]
  0x0000024ac5314ce0 JavaThread "C2 CompilerThread1"         daemon [_thread_blocked, id=13180, stack(0x000000e563000000,0x000000e563100000) (1024K)]
  0x0000024ac53df960 JavaThread "C2 CompilerThread2"         daemon [_thread_blocked, id=15396, stack(0x000000e563100000,0x000000e563200000) (1024K)]
  0x0000024ac556e4b0 JavaThread "Notification Thread"        daemon [_thread_blocked, id=6324, stack(0x000000e563200000,0x000000e563300000) (1024K)]
  0x0000024ac5678610 JavaThread "QuantumRenderer-0"          daemon [_thread_blocked, id=13364, stack(0x000000e563300000,0x000000e563400000) (1024K)]
  0x0000024ac5afa670 JavaThread "InvokeLaterDispatcher"      daemon [_thread_blocked, id=14440, stack(0x000000e563500000,0x000000e563600000) (1024K)]
=>0x0000024ac5c7ead0 JavaThread "WindowsNativeRunloopThread"        [_thread_in_vm, id=6840, stack(0x000000e563600000,0x000000e563700000) (1024K)]
Total: 16

Other Threads:
  0x0000024afeaca950 VMThread "VM Thread"                           [id=18088, stack(0x000000e562600000,0x000000e562700000) (1024K)]
  0x0000024afeaaff40 WatcherThread "VM Periodic Task Thread"        [id=3456, stack(0x000000e562500000,0x000000e562600000) (1024K)]
  0x0000024adf4362b0 WorkerThread "GC Thread#0"                     [id=1172, stack(0x000000e562000000,0x000000e562100000) (1024K)]
  0x0000024adf4492c0 ConcurrentGCThread "G1 Main Marker"            [id=12604, stack(0x000000e562100000,0x000000e562200000) (1024K)]
  0x0000024adf449dd0 WorkerThread "G1 Conc#0"                       [id=21384, stack(0x000000e562200000,0x000000e562300000) (1024K)]
  0x0000024afe9729f0 ConcurrentGCThread "G1 Refine#0"               [id=11788, stack(0x000000e562300000,0x000000e562400000) (1024K)]
  0x0000024afe975230 ConcurrentGCThread "G1 Service"                [id=13044, stack(0x000000e562400000,0x000000e562500000) (1024K)]
Total: 7

Threads with active compile tasks:
Total: 0

VM state: not at safepoint (normal execution)

VM Mutex/Monitor currently owned by a thread: None

Heap address: 0x0000000701a00000, size: 4070 MB, Compressed Oops mode: Zero based, Oop shift amount: 3

CDS archive(s) mapped at: [0x0000024a80000000-0x0000024a80c50000-0x0000024a80c50000), size 12910592, SharedBaseAddress: 0x0000024a80000000, ArchiveRelocationMode: 1.
Compressed class space mapped at: 0x0000024a81000000-0x0000024ac1000000, reserved size: 1073741824
Narrow klass base: 0x0000024a80000000, Narrow klass shift: 0, Narrow klass range: 0x41000000

GC Precious Log:
 CardTable entry size: 512
 Card Set container configuration: InlinePtr #cards 4 size 8 Array Of Cards #cards 16 size 48 Howl #buckets 8 coarsen threshold 3686 Howl Bitmap #cards 512 size 80 coarsen threshold 460 Card regions per heap region 1 cards per card region 4096
 CPUs: 12 total, 12 available
 Memory: 16273M
 Large Page Support: Disabled
 NUMA Support: Disabled
 Compressed Oops: Enabled (Zero based)
 Heap Region Size: 2M
 Heap Min Capacity: 8M
 Heap Initial Capacity: 256M
 Heap Max Capacity: 4070M
 Pre-touch: Disabled
 Parallel Workers: 10
 Concurrent Workers: 3
 Concurrent Refinement Workers: 10
 Periodic GC: Disabled

Heap:
 garbage-first heap   total reserved 4167680K, committed 262144K, used 20480K [0x0000000701a00000, 0x0000000800000000)
  region size 2048K, 11 young (22528K), 0 survivors (0K)
 Metaspace       used 2836K, committed 3072K, reserved 1114112K
  class space    used 307K, committed 448K, reserved 1048576K

Heap Regions: E=young(eden), S=young(survivor), O=old, HS=humongous(starts), HC=humongous(continues), CS=collection set, F=free, TAMS=top-at-mark-start, PB=parsable bottom
|   0|0x0000000701a00000, 0x0000000701a00000, 0x0000000701c00000|  0%| F|  |TAMS 0x0000000701a00000| PB 0x0000000701a00000| Untracked |  0
|   1|0x0000000701c00000, 0x0000000701c00000, 0x0000000701e00000|  0%| F|  |TAMS 0x0000000701c00000| PB 0x0000000701c00000| Untracked |  0
|   2|0x0000000701e00000, 0x0000000701e00000, 0x0000000702000000|  0%| F|  |TAMS 0x0000000701e00000| PB 0x0000000701e00000| Untracked |  0
|   3|0x0000000702000000, 0x0000000702000000, 0x0000000702200000|  0%| F|  |TAMS 0x0000000702000000| PB 0x0000000702000000| Untracked |  0
|   4|0x0000000702200000, 0x0000000702200000, 0x0000000702400000|  0%| F|  |TAMS 0x0000000702200000| PB 0x0000000702200000| Untracked |  0
|   5|0x0000000702400000, 0x0000000702400000, 0x0000000702600000|  0%| F|  |TAMS 0x0000000702400000| PB 0x0000000702400000| Untracked |  0
|   6|0x0000000702600000, 0x0000000702600000, 0x0000000702800000|  0%| F|  |TAMS 0x0000000702600000| PB 0x0000000702600000| Untracked |  0
|   7|0x0000000702800000, 0x0000000702800000, 0x0000000702a00000|  0%| F|  |TAMS 0x0000000702800000| PB 0x0000000702800000| Untracked |  0
|   8|0x0000000702a00000, 0x0000000702a00000, 0x0000000702c00000|  0%| F|  |TAMS 0x0000000702a00000| PB 0x0000000702a00000| Untracked |  0
|   9|0x0000000702c00000, 0x0000000702c00000, 0x0000000702e00000|  0%| F|  |TAMS 0x0000000702c00000| PB 0x0000000702c00000| Untracked |  0
|  10|0x0000000702e00000, 0x0000000702e00000, 0x0000000703000000|  0%| F|  |TAMS 0x0000000702e00000| PB 0x0000000702e00000| Untracked |  0
|  11|0x0000000703000000, 0x0000000703000000, 0x0000000703200000|  0%| F|  |TAMS 0x0000000703000000| PB 0x0000000703000000| Untracked |  0
|  12|0x0000000703200000, 0x0000000703200000, 0x0000000703400000|  0%| F|  |TAMS 0x0000000703200000| PB 0x0000000703200000| Untracked |  0
|  13|0x0000000703400000, 0x0000000703400000, 0x0000000703600000|  0%| F|  |TAMS 0x0000000703400000| PB 0x0000000703400000| Untracked |  0
|  14|0x0000000703600000, 0x0000000703600000, 0x0000000703800000|  0%| F|  |TAMS 0x0000000703600000| PB 0x0000000703600000| Untracked |  0
|  15|0x0000000703800000, 0x0000000703800000, 0x0000000703a00000|  0%| F|  |TAMS 0x0000000703800000| PB 0x0000000703800000| Untracked |  0
|  16|0x0000000703a00000, 0x0000000703a00000, 0x0000000703c00000|  0%| F|  |TAMS 0x0000000703a00000| PB 0x0000000703a00000| Untracked |  0
|  17|0x0000000703c00000, 0x0000000703c00000, 0x0000000703e00000|  0%| F|  |TAMS 0x0000000703c00000| PB 0x0000000703c00000| Untracked |  0
|  18|0x0000000703e00000, 0x0000000703e00000, 0x0000000704000000|  0%| F|  |TAMS 0x0000000703e00000| PB 0x0000000703e00000| Untracked |  0
|  19|0x0000000704000000, 0x0000000704000000, 0x0000000704200000|  0%| F|  |TAMS 0x0000000704000000| PB 0x0000000704000000| Untracked |  0
|  20|0x0000000704200000, 0x0000000704200000, 0x0000000704400000|  0%| F|  |TAMS 0x0000000704200000| PB 0x0000000704200000| Untracked |  0
|  21|0x0000000704400000, 0x0000000704400000, 0x0000000704600000|  0%| F|  |TAMS 0x0000000704400000| PB 0x0000000704400000| Untracked |  0
|  22|0x0000000704600000, 0x0000000704600000, 0x0000000704800000|  0%| F|  |TAMS 0x0000000704600000| PB 0x0000000704600000| Untracked |  0
|  23|0x0000000704800000, 0x0000000704800000, 0x0000000704a00000|  0%| F|  |TAMS 0x0000000704800000| PB 0x0000000704800000| Untracked |  0
|  24|0x0000000704a00000, 0x0000000704a00000, 0x0000000704c00000|  0%| F|  |TAMS 0x0000000704a00000| PB 0x0000000704a00000| Untracked |  0
|  25|0x0000000704c00000, 0x0000000704c00000, 0x0000000704e00000|  0%| F|  |TAMS 0x0000000704c00000| PB 0x0000000704c00000| Untracked |  0
|  26|0x0000000704e00000, 0x0000000704e00000, 0x0000000705000000|  0%| F|  |TAMS 0x0000000704e00000| PB 0x0000000704e00000| Untracked |  0
|  27|0x0000000705000000, 0x0000000705000000, 0x0000000705200000|  0%| F|  |TAMS 0x0000000705000000| PB 0x0000000705000000| Untracked |  0
|  28|0x0000000705200000, 0x0000000705200000, 0x0000000705400000|  0%| F|  |TAMS 0x0000000705200000| PB 0x0000000705200000| Untracked |  0
|  29|0x0000000705400000, 0x0000000705400000, 0x0000000705600000|  0%| F|  |TAMS 0x0000000705400000| PB 0x0000000705400000| Untracked |  0
|  30|0x0000000705600000, 0x0000000705600000, 0x0000000705800000|  0%| F|  |TAMS 0x0000000705600000| PB 0x0000000705600000| Untracked |  0
|  31|0x0000000705800000, 0x0000000705800000, 0x0000000705a00000|  0%| F|  |TAMS 0x0000000705800000| PB 0x0000000705800000| Untracked |  0
|  32|0x0000000705a00000, 0x0000000705a00000, 0x0000000705c00000|  0%| F|  |TAMS 0x0000000705a00000| PB 0x0000000705a00000| Untracked |  0
|  33|0x0000000705c00000, 0x0000000705c00000, 0x0000000705e00000|  0%| F|  |TAMS 0x0000000705c00000| PB 0x0000000705c00000| Untracked |  0
|  34|0x0000000705e00000, 0x0000000705e00000, 0x0000000706000000|  0%| F|  |TAMS 0x0000000705e00000| PB 0x0000000705e00000| Untracked |  0
|  35|0x0000000706000000, 0x0000000706000000, 0x0000000706200000|  0%| F|  |TAMS 0x0000000706000000| PB 0x0000000706000000| Untracked |  0
|  36|0x0000000706200000, 0x0000000706200000, 0x0000000706400000|  0%| F|  |TAMS 0x0000000706200000| PB 0x0000000706200000| Untracked |  0
|  37|0x0000000706400000, 0x0000000706400000, 0x0000000706600000|  0%| F|  |TAMS 0x0000000706400000| PB 0x0000000706400000| Untracked |  0
|  38|0x0000000706600000, 0x0000000706600000, 0x0000000706800000|  0%| F|  |TAMS 0x0000000706600000| PB 0x0000000706600000| Untracked |  0
|  39|0x0000000706800000, 0x0000000706800000, 0x0000000706a00000|  0%| F|  |TAMS 0x0000000706800000| PB 0x0000000706800000| Untracked |  0
|  40|0x0000000706a00000, 0x0000000706a00000, 0x0000000706c00000|  0%| F|  |TAMS 0x0000000706a00000| PB 0x0000000706a00000| Untracked |  0
|  41|0x0000000706c00000, 0x0000000706c00000, 0x0000000706e00000|  0%| F|  |TAMS 0x0000000706c00000| PB 0x0000000706c00000| Untracked |  0
|  42|0x0000000706e00000, 0x0000000706e00000, 0x0000000707000000|  0%| F|  |TAMS 0x0000000706e00000| PB 0x0000000706e00000| Untracked |  0
|  43|0x0000000707000000, 0x0000000707000000, 0x0000000707200000|  0%| F|  |TAMS 0x0000000707000000| PB 0x0000000707000000| Untracked |  0
|  44|0x0000000707200000, 0x0000000707200000, 0x0000000707400000|  0%| F|  |TAMS 0x0000000707200000| PB 0x0000000707200000| Untracked |  0
|  45|0x0000000707400000, 0x0000000707400000, 0x0000000707600000|  0%| F|  |TAMS 0x0000000707400000| PB 0x0000000707400000| Untracked |  0
|  46|0x0000000707600000, 0x0000000707600000, 0x0000000707800000|  0%| F|  |TAMS 0x0000000707600000| PB 0x0000000707600000| Untracked |  0
|  47|0x0000000707800000, 0x0000000707800000, 0x0000000707a00000|  0%| F|  |TAMS 0x0000000707800000| PB 0x0000000707800000| Untracked |  0
|  48|0x0000000707a00000, 0x0000000707a00000, 0x0000000707c00000|  0%| F|  |TAMS 0x0000000707a00000| PB 0x0000000707a00000| Untracked |  0
|  49|0x0000000707c00000, 0x0000000707c00000, 0x0000000707e00000|  0%| F|  |TAMS 0x0000000707c00000| PB 0x0000000707c00000| Untracked |  0
|  50|0x0000000707e00000, 0x0000000707e00000, 0x0000000708000000|  0%| F|  |TAMS 0x0000000707e00000| PB 0x0000000707e00000| Untracked |  0
|  51|0x0000000708000000, 0x0000000708000000, 0x0000000708200000|  0%| F|  |TAMS 0x0000000708000000| PB 0x0000000708000000| Untracked |  0
|  52|0x0000000708200000, 0x0000000708200000, 0x0000000708400000|  0%| F|  |TAMS 0x0000000708200000| PB 0x0000000708200000| Untracked |  0
|  53|0x0000000708400000, 0x0000000708400000, 0x0000000708600000|  0%| F|  |TAMS 0x0000000708400000| PB 0x0000000708400000| Untracked |  0
|  54|0x0000000708600000, 0x0000000708600000, 0x0000000708800000|  0%| F|  |TAMS 0x0000000708600000| PB 0x0000000708600000| Untracked |  0
|  55|0x0000000708800000, 0x0000000708800000, 0x0000000708a00000|  0%| F|  |TAMS 0x0000000708800000| PB 0x0000000708800000| Untracked |  0
|  56|0x0000000708a00000, 0x0000000708a00000, 0x0000000708c00000|  0%| F|  |TAMS 0x0000000708a00000| PB 0x0000000708a00000| Untracked |  0
|  57|0x0000000708c00000, 0x0000000708c00000, 0x0000000708e00000|  0%| F|  |TAMS 0x0000000708c00000| PB 0x0000000708c00000| Untracked |  0
|  58|0x0000000708e00000, 0x0000000708e00000, 0x0000000709000000|  0%| F|  |TAMS 0x0000000708e00000| PB 0x0000000708e00000| Untracked |  0
|  59|0x0000000709000000, 0x0000000709000000, 0x0000000709200000|  0%| F|  |TAMS 0x0000000709000000| PB 0x0000000709000000| Untracked |  0
|  60|0x0000000709200000, 0x0000000709200000, 0x0000000709400000|  0%| F|  |TAMS 0x0000000709200000| PB 0x0000000709200000| Untracked |  0
|  61|0x0000000709400000, 0x0000000709400000, 0x0000000709600000|  0%| F|  |TAMS 0x0000000709400000| PB 0x0000000709400000| Untracked |  0
|  62|0x0000000709600000, 0x0000000709600000, 0x0000000709800000|  0%| F|  |TAMS 0x0000000709600000| PB 0x0000000709600000| Untracked |  0
|  63|0x0000000709800000, 0x0000000709800000, 0x0000000709a00000|  0%| F|  |TAMS 0x0000000709800000| PB 0x0000000709800000| Untracked |  0
|  64|0x0000000709a00000, 0x0000000709a00000, 0x0000000709c00000|  0%| F|  |TAMS 0x0000000709a00000| PB 0x0000000709a00000| Untracked |  0
|  65|0x0000000709c00000, 0x0000000709c00000, 0x0000000709e00000|  0%| F|  |TAMS 0x0000000709c00000| PB 0x0000000709c00000| Untracked |  0
|  66|0x0000000709e00000, 0x0000000709e00000, 0x000000070a000000|  0%| F|  |TAMS 0x0000000709e00000| PB 0x0000000709e00000| Untracked |  0
|  67|0x000000070a000000, 0x000000070a000000, 0x000000070a200000|  0%| F|  |TAMS 0x000000070a000000| PB 0x000000070a000000| Untracked |  0
|  68|0x000000070a200000, 0x000000070a200000, 0x000000070a400000|  0%| F|  |TAMS 0x000000070a200000| PB 0x000000070a200000| Untracked |  0
|  69|0x000000070a400000, 0x000000070a400000, 0x000000070a600000|  0%| F|  |TAMS 0x000000070a400000| PB 0x000000070a400000| Untracked |  0
|  70|0x000000070a600000, 0x000000070a600000, 0x000000070a800000|  0%| F|  |TAMS 0x000000070a600000| PB 0x000000070a600000| Untracked |  0
|  71|0x000000070a800000, 0x000000070a800000, 0x000000070aa00000|  0%| F|  |TAMS 0x000000070a800000| PB 0x000000070a800000| Untracked |  0
|  72|0x000000070aa00000, 0x000000070aa00000, 0x000000070ac00000|  0%| F|  |TAMS 0x000000070aa00000| PB 0x000000070aa00000| Untracked |  0
|  73|0x000000070ac00000, 0x000000070ac00000, 0x000000070ae00000|  0%| F|  |TAMS 0x000000070ac00000| PB 0x000000070ac00000| Untracked |  0
|  74|0x000000070ae00000, 0x000000070ae00000, 0x000000070b000000|  0%| F|  |TAMS 0x000000070ae00000| PB 0x000000070ae00000| Untracked |  0
|  75|0x000000070b000000, 0x000000070b000000, 0x000000070b200000|  0%| F|  |TAMS 0x000000070b000000| PB 0x000000070b000000| Untracked |  0
|  76|0x000000070b200000, 0x000000070b200000, 0x000000070b400000|  0%| F|  |TAMS 0x000000070b200000| PB 0x000000070b200000| Untracked |  0
|  77|0x000000070b400000, 0x000000070b400000, 0x000000070b600000|  0%| F|  |TAMS 0x000000070b400000| PB 0x000000070b400000| Untracked |  0
|  78|0x000000070b600000, 0x000000070b600000, 0x000000070b800000|  0%| F|  |TAMS 0x000000070b600000| PB 0x000000070b600000| Untracked |  0
|  79|0x000000070b800000, 0x000000070b800000, 0x000000070ba00000|  0%| F|  |TAMS 0x000000070b800000| PB 0x000000070b800000| Untracked |  0
|  80|0x000000070ba00000, 0x000000070ba00000, 0x000000070bc00000|  0%| F|  |TAMS 0x000000070ba00000| PB 0x000000070ba00000| Untracked |  0
|  81|0x000000070bc00000, 0x000000070bc00000, 0x000000070be00000|  0%| F|  |TAMS 0x000000070bc00000| PB 0x000000070bc00000| Untracked |  0
|  82|0x000000070be00000, 0x000000070be00000, 0x000000070c000000|  0%| F|  |TAMS 0x000000070be00000| PB 0x000000070be00000| Untracked |  0
|  83|0x000000070c000000, 0x000000070c000000, 0x000000070c200000|  0%| F|  |TAMS 0x000000070c000000| PB 0x000000070c000000| Untracked |  0
|  84|0x000000070c200000, 0x000000070c200000, 0x000000070c400000|  0%| F|  |TAMS 0x000000070c200000| PB 0x000000070c200000| Untracked |  0
|  85|0x000000070c400000, 0x000000070c400000, 0x000000070c600000|  0%| F|  |TAMS 0x000000070c400000| PB 0x000000070c400000| Untracked |  0
|  86|0x000000070c600000, 0x000000070c600000, 0x000000070c800000|  0%| F|  |TAMS 0x000000070c600000| PB 0x000000070c600000| Untracked |  0
|  87|0x000000070c800000, 0x000000070c800000, 0x000000070ca00000|  0%| F|  |TAMS 0x000000070c800000| PB 0x000000070c800000| Untracked |  0
|  88|0x000000070ca00000, 0x000000070ca00000, 0x000000070cc00000|  0%| F|  |TAMS 0x000000070ca00000| PB 0x000000070ca00000| Untracked |  0
|  89|0x000000070cc00000, 0x000000070cc00000, 0x000000070ce00000|  0%| F|  |TAMS 0x000000070cc00000| PB 0x000000070cc00000| Untracked |  0
|  90|0x000000070ce00000, 0x000000070ce00000, 0x000000070d000000|  0%| F|  |TAMS 0x000000070ce00000| PB 0x000000070ce00000| Untracked |  0
|  91|0x000000070d000000, 0x000000070d000000, 0x000000070d200000|  0%| F|  |TAMS 0x000000070d000000| PB 0x000000070d000000| Untracked |  0
|  92|0x000000070d200000, 0x000000070d200000, 0x000000070d400000|  0%| F|  |TAMS 0x000000070d200000| PB 0x000000070d200000| Untracked |  0
|  93|0x000000070d400000, 0x000000070d400000, 0x000000070d600000|  0%| F|  |TAMS 0x000000070d400000| PB 0x000000070d400000| Untracked |  0
|  94|0x000000070d600000, 0x000000070d600000, 0x000000070d800000|  0%| F|  |TAMS 0x000000070d600000| PB 0x000000070d600000| Untracked |  0
|  95|0x000000070d800000, 0x000000070d800000, 0x000000070da00000|  0%| F|  |TAMS 0x000000070d800000| PB 0x000000070d800000| Untracked |  0
|  96|0x000000070da00000, 0x000000070da00000, 0x000000070dc00000|  0%| F|  |TAMS 0x000000070da00000| PB 0x000000070da00000| Untracked |  0
|  97|0x000000070dc00000, 0x000000070dc00000, 0x000000070de00000|  0%| F|  |TAMS 0x000000070dc00000| PB 0x000000070dc00000| Untracked |  0
|  98|0x000000070de00000, 0x000000070de00000, 0x000000070e000000|  0%| F|  |TAMS 0x000000070de00000| PB 0x000000070de00000| Untracked |  0
|  99|0x000000070e000000, 0x000000070e000000, 0x000000070e200000|  0%| F|  |TAMS 0x000000070e000000| PB 0x000000070e000000| Untracked |  0
| 100|0x000000070e200000, 0x000000070e200000, 0x000000070e400000|  0%| F|  |TAMS 0x000000070e200000| PB 0x000000070e200000| Untracked |  0
| 101|0x000000070e400000, 0x000000070e400000, 0x000000070e600000|  0%| F|  |TAMS 0x000000070e400000| PB 0x000000070e400000| Untracked |  0
| 102|0x000000070e600000, 0x000000070e600000, 0x000000070e800000|  0%| F|  |TAMS 0x000000070e600000| PB 0x000000070e600000| Untracked |  0
| 103|0x000000070e800000, 0x000000070e800000, 0x000000070ea00000|  0%| F|  |TAMS 0x000000070e800000| PB 0x000000070e800000| Untracked |  0
| 104|0x000000070ea00000, 0x000000070ea00000, 0x000000070ec00000|  0%| F|  |TAMS 0x000000070ea00000| PB 0x000000070ea00000| Untracked |  0
| 105|0x000000070ec00000, 0x000000070ec00000, 0x000000070ee00000|  0%| F|  |TAMS 0x000000070ec00000| PB 0x000000070ec00000| Untracked |  0
| 106|0x000000070ee00000, 0x000000070ee00000, 0x000000070f000000|  0%| F|  |TAMS 0x000000070ee00000| PB 0x000000070ee00000| Untracked |  0
| 107|0x000000070f000000, 0x000000070f000000, 0x000000070f200000|  0%| F|  |TAMS 0x000000070f000000| PB 0x000000070f000000| Untracked |  0
| 108|0x000000070f200000, 0x000000070f200000, 0x000000070f400000|  0%| F|  |TAMS 0x000000070f200000| PB 0x000000070f200000| Untracked |  0
| 109|0x000000070f400000, 0x000000070f400000, 0x000000070f600000|  0%| F|  |TAMS 0x000000070f400000| PB 0x000000070f400000| Untracked |  0
| 110|0x000000070f600000, 0x000000070f600000, 0x000000070f800000|  0%| F|  |TAMS 0x000000070f600000| PB 0x000000070f600000| Untracked |  0
| 111|0x000000070f800000, 0x000000070f800000, 0x000000070fa00000|  0%| F|  |TAMS 0x000000070f800000| PB 0x000000070f800000| Untracked |  0
| 112|0x000000070fa00000, 0x000000070fa00000, 0x000000070fc00000|  0%| F|  |TAMS 0x000000070fa00000| PB 0x000000070fa00000| Untracked |  0
| 113|0x000000070fc00000, 0x000000070fc00000, 0x000000070fe00000|  0%| F|  |TAMS 0x000000070fc00000| PB 0x000000070fc00000| Untracked |  0
| 114|0x000000070fe00000, 0x000000070fe00000, 0x0000000710000000|  0%| F|  |TAMS 0x000000070fe00000| PB 0x000000070fe00000| Untracked |  0
| 115|0x0000000710000000, 0x0000000710000000, 0x0000000710200000|  0%| F|  |TAMS 0x0000000710000000| PB 0x0000000710000000| Untracked |  0
| 116|0x0000000710200000, 0x0000000710200000, 0x0000000710400000|  0%| F|  |TAMS 0x0000000710200000| PB 0x0000000710200000| Untracked |  0
| 117|0x0000000710400000, 0x000000071047ee20, 0x0000000710600000| 24%| E|  |TAMS 0x0000000710400000| PB 0x0000000710400000| Complete |  0
| 118|0x0000000710600000, 0x0000000710800000, 0x0000000710800000|100%| E|CS|TAMS 0x0000000710600000| PB 0x0000000710600000| Complete |  0
| 119|0x0000000710800000, 0x0000000710a00000, 0x0000000710a00000|100%| E|CS|TAMS 0x0000000710800000| PB 0x0000000710800000| Complete |  0
| 120|0x0000000710a00000, 0x0000000710c00000, 0x0000000710c00000|100%| E|CS|TAMS 0x0000000710a00000| PB 0x0000000710a00000| Complete |  0
| 121|0x0000000710c00000, 0x0000000710e00000, 0x0000000710e00000|100%| E|CS|TAMS 0x0000000710c00000| PB 0x0000000710c00000| Complete |  0
| 122|0x0000000710e00000, 0x0000000711000000, 0x0000000711000000|100%| E|CS|TAMS 0x0000000710e00000| PB 0x0000000710e00000| Complete |  0
| 123|0x0000000711000000, 0x0000000711200000, 0x0000000711200000|100%| E|CS|TAMS 0x0000000711000000| PB 0x0000000711000000| Complete |  0
| 124|0x0000000711200000, 0x0000000711400000, 0x0000000711400000|100%| E|CS|TAMS 0x0000000711200000| PB 0x0000000711200000| Complete |  0
| 125|0x0000000711400000, 0x0000000711600000, 0x0000000711600000|100%| E|CS|TAMS 0x0000000711400000| PB 0x0000000711400000| Complete |  0
| 126|0x0000000711600000, 0x0000000711800000, 0x0000000711800000|100%| E|CS|TAMS 0x0000000711600000| PB 0x0000000711600000| Complete |  0
| 127|0x0000000711800000, 0x0000000711a00000, 0x0000000711a00000|100%| E|CS|TAMS 0x0000000711800000| PB 0x0000000711800000| Complete |  0

Card table byte_map: [0x0000024af76c0000,0x0000024af7ec0000] _byte_map_base: 0x0000024af3eb3000

Marking Bits: (CMBitMap*) 0x0000024adf4369c0
 Bits: [0x0000024af7ec0000, 0x0000024afbe58000)

Polling page: 0x0000024add370000

Metaspace:

Usage:
  Non-class:      2.47 MB used.
      Class:    307.01 KB used.
       Both:      2.77 MB used.

Virtual space:
  Non-class space:       64.00 MB reserved,       2.56 MB (  4%) committed,  1 nodes.
      Class space:        1.00 GB reserved,     448.00 KB ( <1%) committed,  1 nodes.
             Both:        1.06 GB reserved,       3.00 MB ( <1%) committed. 

Chunk freelists:
   Non-Class:  10.85 MB
       Class:  15.54 MB
        Both:  26.40 MB

MaxMetaspaceSize: unlimited
CompressedClassSpaceSize: 1.00 GB
Initial GC threshold: 21.00 MB
Current GC threshold: 21.00 MB
CDS: on
 - commit_granule_bytes: 65536.
 - commit_granule_words: 8192.
 - virtual_space_node_default_size: 8388608.
 - enlarge_chunks_in_place: 1.
 - use_allocation_guard: 0.


Internal statistics:

num_allocs_failed_limit: 0.
num_arena_births: 114.
num_arena_deaths: 0.
num_vsnodes_births: 2.
num_vsnodes_deaths: 0.
num_space_committed: 48.
num_space_uncommitted: 0.
num_chunks_returned_to_freelist: 0.
num_chunks_taken_from_freelist: 181.
num_chunk_merges: 0.
num_chunk_splits: 122.
num_chunks_enlarged: 78.
num_inconsistent_stats: 0.

CodeHeap 'non-profiled nmethods': size=120000Kb used=320Kb max_used=320Kb free=119679Kb
 bounds [0x0000024aef440000, 0x0000024aef6b0000, 0x0000024af6970000]
CodeHeap 'profiled nmethods': size=120000Kb used=1096Kb max_used=1096Kb free=118903Kb
 bounds [0x0000024ae7970000, 0x0000024ae7be0000, 0x0000024aeeea0000]
CodeHeap 'non-nmethods': size=5760Kb used=1375Kb max_used=1395Kb free=4384Kb
 bounds [0x0000024aeeea0000, 0x0000024aef110000, 0x0000024aef440000]
 total_blobs=1279 nmethods=804 adapters=380
 compilation: enabled
              stopped_count=0, restarted_count=0
 full_count=0

Compilation events (20 events):
Event: 0.278 Thread 0x0000024afeb02fa0 nmethod 789 0x0000024ae7a7d010 code [0x0000024ae7a7d1c0, 0x0000024ae7a7d3c8]
Event: 0.278 Thread 0x0000024afeb02fa0  792       3       java.lang.ClassLoader::getClassLoadingLock (35 bytes)
Event: 0.278 Thread 0x0000024afeb02fa0 nmethod 792 0x0000024ae7a7d490 code [0x0000024ae7a7d640, 0x0000024ae7a7d938]
Event: 0.278 Thread 0x0000024afeb02fa0  793       3       java.lang.ClassLoader::findLoadedClass (15 bytes)
Event: 0.278 Thread 0x0000024afeb02fa0 nmethod 793 0x0000024ae7a7da90 code [0x0000024ae7a7dc40, 0x0000024ae7a7de28]
Event: 0.278 Thread 0x0000024afeb02fa0  794       3       jdk.internal.loader.BuiltinClassLoader::findLoadedModule (33 bytes)
Event: 0.278 Thread 0x0000024afeb02fa0 nmethod 794 0x0000024ae7a7df10 code [0x0000024ae7a7e140, 0x0000024ae7a7e770]
Event: 0.278 Thread 0x0000024afeb02fa0  795       3       java.lang.ClassLoader::loadClass (7 bytes)
Event: 0.278 Thread 0x0000024afeb02fa0 nmethod 795 0x0000024ae7a7ea10 code [0x0000024ae7a7ebc0, 0x0000024ae7a7ed98]
Event: 0.278 Thread 0x0000024afeb02fa0  796       3       jdk.internal.loader.ClassLoaders$AppClassLoader::loadClass (40 bytes)
Event: 0.279 Thread 0x0000024afeb02fa0 nmethod 796 0x0000024ae7a7ee10 code [0x0000024ae7a7efe0, 0x0000024ae7a7f3e0]
Event: 0.279 Thread 0x0000024afeb02fa0  797       3       jdk.internal.org.objectweb.asm.MethodWriter::visitInsn (115 bytes)
Event: 0.279 Thread 0x0000024afeb02fa0 nmethod 797 0x0000024ae7a7f590 code [0x0000024ae7a7f780, 0x0000024ae7a7fb78]
Event: 0.280 Thread 0x0000024afeb02fa0  802       3       sun.invoke.util.Wrapper::forBasicType (103 bytes)
Event: 0.280 Thread 0x0000024afeb02fa0 nmethod 802 0x0000024ae7a7fd10 code [0x0000024ae7a7ff20, 0x0000024ae7a803e8]
Event: 0.280 Thread 0x0000024afeb02fa0  803       3       jdk.internal.org.objectweb.asm.Type::getTypeInternal (218 bytes)
Event: 0.280 Thread 0x0000024afeb02fa0 nmethod 803 0x0000024ae7a80490 code [0x0000024ae7a807e0, 0x0000024ae7a81a60]
Event: 0.281 Thread 0x0000024ac51914a0  805       4       java.lang.AbstractStringBuilder::ensureCapacityInternal (39 bytes)
Event: 0.283 Thread 0x0000024ac51914a0 nmethod 805 0x0000024aef48bb90 code [0x0000024aef48bd40, 0x0000024aef48c218]
Event: 0.285 Thread 0x0000024ac5314ce0 nmethod 787 0x0000024aef48c410 code [0x0000024aef48c640, 0x0000024aef48d258]

GC Heap History (0 events):
No events

Dll operation events (20 events):
Event: 0.194 Loaded shared library C:\Users\User\Documents\NetBeansJDKs\zulu22.28.91-ca-jdk22.0.0-win_x64\zulu22.28.91-ca-jdk22.0.0-win_x64\bin\api-ms-win-crt-filesystem-l1-1-0.dll
Event: 0.195 Loaded shared library C:\Users\User\Documents\NetBeansJDKs\zulu22.28.91-ca-jdk22.0.0-win_x64\zulu22.28.91-ca-jdk22.0.0-win_x64\bin\api-ms-win-crt-heap-l1-1-0.dll
Event: 0.196 Loaded shared library C:\Users\User\Documents\NetBeansJDKs\zulu22.28.91-ca-jdk22.0.0-win_x64\zulu22.28.91-ca-jdk22.0.0-win_x64\bin\api-ms-win-crt-locale-l1-1-0.dll
Event: 0.197 Loaded shared library C:\Users\User\Documents\NetBeansJDKs\zulu22.28.91-ca-jdk22.0.0-win_x64\zulu22.28.91-ca-jdk22.0.0-win_x64\bin\api-ms-win-crt-math-l1-1-0.dll
Event: 0.197 Loaded shared library C:\Users\User\Documents\NetBeansJDKs\zulu22.28.91-ca-jdk22.0.0-win_x64\zulu22.28.91-ca-jdk22.0.0-win_x64\bin\api-ms-win-crt-multibyte-l1-1-0.dll
Event: 0.198 Loaded shared library C:\Users\User\Documents\NetBeansJDKs\zulu22.28.91-ca-jdk22.0.0-win_x64\zulu22.28.91-ca-jdk22.0.0-win_x64\bin\api-ms-win-crt-private-l1-1-0.dll
Event: 0.199 Loaded shared library C:\Users\User\Documents\NetBeansJDKs\zulu22.28.91-ca-jdk22.0.0-win_x64\zulu22.28.91-ca-jdk22.0.0-win_x64\bin\api-ms-win-crt-process-l1-1-0.dll
Event: 0.200 Loaded shared library C:\Users\User\Documents\NetBeansJDKs\zulu22.28.91-ca-jdk22.0.0-win_x64\zulu22.28.91-ca-jdk22.0.0-win_x64\bin\api-ms-win-crt-runtime-l1-1-0.dll
Event: 0.201 Loaded shared library C:\Users\User\Documents\NetBeansJDKs\zulu22.28.91-ca-jdk22.0.0-win_x64\zulu22.28.91-ca-jdk22.0.0-win_x64\bin\api-ms-win-crt-stdio-l1-1-0.dll
Event: 0.202 Loaded shared library C:\Users\User\Documents\NetBeansJDKs\zulu22.28.91-ca-jdk22.0.0-win_x64\zulu22.28.91-ca-jdk22.0.0-win_x64\bin\api-ms-win-crt-string-l1-1-0.dll
Event: 0.203 Loaded shared library C:\Users\User\Documents\NetBeansJDKs\zulu22.28.91-ca-jdk22.0.0-win_x64\zulu22.28.91-ca-jdk22.0.0-win_x64\bin\api-ms-win-crt-time-l1-1-0.dll
Event: 0.204 Loaded shared library C:\Users\User\Documents\NetBeansJDKs\zulu22.28.91-ca-jdk22.0.0-win_x64\zulu22.28.91-ca-jdk22.0.0-win_x64\bin\api-ms-win-crt-utility-l1-1-0.dll
Event: 0.205 Loaded shared library C:\Users\User\Documents\NetBeansJDKs\zulu22.28.91-ca-jdk22.0.0-win_x64\zulu22.28.91-ca-jdk22.0.0-win_x64\bin\ucrtbase.dll
Event: 0.206 Loaded shared library C:\Users\User\Documents\NetBeansJDKs\zulu22.28.91-ca-jdk22.0.0-win_x64\zulu22.28.91-ca-jdk22.0.0-win_x64\bin\vcruntime140.dll
Event: 0.206 Loaded shared library C:\Users\User\Documents\NetBeansJDKs\zulu22.28.91-ca-jdk22.0.0-win_x64\zulu22.28.91-ca-jdk22.0.0-win_x64\bin\vcruntime140_1.dll
Event: 0.207 Loaded shared library C:\Users\User\Documents\NetBeansJDKs\zulu22.28.91-ca-jdk22.0.0-win_x64\zulu22.28.91-ca-jdk22.0.0-win_x64\bin\msvcp140.dll
Event: 0.208 Loaded shared library C:\Windows\System32\msvcp140_1.dll
Event: 0.209 Loaded shared library C:\Windows\System32\msvcp140_2.dll
Event: 0.230 Loaded shared library C:\java\javafx-sdk-22\bin\prism_d3d.dll
Event: 0.276 Loaded shared library C:\java\javafx-sdk-22\bin\glass.dll

Deoptimization events (20 events):
Event: 0.273 Thread 0x0000024add0a0fe0 Uncommon trap: trap_request=0xffffffc6 fr.pc=0x0000024aef46f0c4 relative=0x0000000000000cc4
Event: 0.273 Thread 0x0000024add0a0fe0 Uncommon trap: reason=bimorphic_or_optimized_type_check action=maybe_recompile pc=0x0000024aef46f0c4 method=java.util.HashMap.putVal(ILjava/lang/Object;Ljava/lang/Object;ZZ)Ljava/lang/Object; @ 56 c2
Event: 0.273 Thread 0x0000024add0a0fe0 DEOPT PACKING pc=0x0000024aef46f0c4 sp=0x000000e561ffd3b0
Event: 0.273 Thread 0x0000024add0a0fe0 DEOPT UNPACKING pc=0x0000024aeeef46a2 sp=0x000000e561ffd348 mode 2
Event: 0.278 Thread 0x0000024add0a0fe0 Uncommon trap: trap_request=0xffffffde fr.pc=0x0000024aef48a5b0 relative=0x0000000000000110
Event: 0.278 Thread 0x0000024add0a0fe0 Uncommon trap: reason=class_check action=maybe_recompile pc=0x0000024aef48a5b0 method=jdk.internal.misc.Unsafe.allocateUninitializedArray(Ljava/lang/Class;I)Ljava/lang/Object; @ 51 c2
Event: 0.278 Thread 0x0000024add0a0fe0 DEOPT PACKING pc=0x0000024aef48a5b0 sp=0x000000e561ffddc0
Event: 0.278 Thread 0x0000024add0a0fe0 DEOPT UNPACKING pc=0x0000024aeeef46a2 sp=0x000000e561ffdd38 mode 2
Event: 0.281 Thread 0x0000024ac5c7ead0 Uncommon trap: trap_request=0xffffffde fr.pc=0x0000024aef48a5b0 relative=0x0000000000000110
Event: 0.281 Thread 0x0000024ac5c7ead0 Uncommon trap: reason=class_check action=maybe_recompile pc=0x0000024aef48a5b0 method=jdk.internal.misc.Unsafe.allocateUninitializedArray(Ljava/lang/Class;I)Ljava/lang/Object; @ 51 c2
Event: 0.281 Thread 0x0000024ac5c7ead0 DEOPT PACKING pc=0x0000024aef48a5b0 sp=0x000000e5636fa950
Event: 0.281 Thread 0x0000024ac5c7ead0 DEOPT UNPACKING pc=0x0000024aeeef46a2 sp=0x000000e5636fa8c8 mode 2
Event: 0.281 Thread 0x0000024ac5c7ead0 Uncommon trap: trap_request=0xffffffde fr.pc=0x0000024aef48a5b0 relative=0x0000000000000110
Event: 0.281 Thread 0x0000024ac5c7ead0 Uncommon trap: reason=class_check action=maybe_recompile pc=0x0000024aef48a5b0 method=jdk.internal.misc.Unsafe.allocateUninitializedArray(Ljava/lang/Class;I)Ljava/lang/Object; @ 51 c2
Event: 0.281 Thread 0x0000024ac5c7ead0 DEOPT PACKING pc=0x0000024aef48a5b0 sp=0x000000e5636faa30
Event: 0.281 Thread 0x0000024ac5c7ead0 DEOPT UNPACKING pc=0x0000024aeeef46a2 sp=0x000000e5636fa9a8 mode 2
Event: 0.281 Thread 0x0000024ac5c7ead0 Uncommon trap: trap_request=0xffffffde fr.pc=0x0000024aef48a5b0 relative=0x0000000000000110
Event: 0.281 Thread 0x0000024ac5c7ead0 Uncommon trap: reason=class_check action=maybe_recompile pc=0x0000024aef48a5b0 method=jdk.internal.misc.Unsafe.allocateUninitializedArray(Ljava/lang/Class;I)Ljava/lang/Object; @ 51 c2
Event: 0.281 Thread 0x0000024ac5c7ead0 DEOPT PACKING pc=0x0000024aef48a5b0 sp=0x000000e5636faa30
Event: 0.281 Thread 0x0000024ac5c7ead0 DEOPT UNPACKING pc=0x0000024aeeef46a2 sp=0x000000e5636fa9a8 mode 2

Classes loaded (20 events):
Event: 0.273 Loading class java/lang/ProcessEnvironment$EntryComparator
Event: 0.273 Loading class java/lang/ProcessEnvironment$EntryComparator done
Event: 0.273 Loading class java/lang/ProcessEnvironment$CheckedEntrySet
Event: 0.273 Loading class java/lang/ProcessEnvironment$CheckedEntrySet done
Event: 0.273 Loading class java/lang/ProcessEnvironment$CheckedEntrySet$1
Event: 0.273 Loading class java/lang/ProcessEnvironment$CheckedEntrySet$1 done
Event: 0.273 Loading class java/lang/ProcessEnvironment$CheckedEntry
Event: 0.273 Loading class java/lang/ProcessEnvironment$CheckedEntry done
Event: 0.277 Loading class java/lang/Throwable$WrappedPrintStream
Event: 0.277 Loading class java/lang/Throwable$PrintStreamOrWriter
Event: 0.277 Loading class java/lang/Throwable$PrintStreamOrWriter done
Event: 0.277 Loading class java/lang/Throwable$WrappedPrintStream done
Event: 0.277 Loading class java/lang/StackTraceElement$HashedModules
Event: 0.277 Loading class java/lang/StackTraceElement$HashedModules done
Event: 0.278 Loading class java/util/concurrent/BlockingDeque
Event: 0.278 Loading class java/util/concurrent/BlockingDeque done
Event: 0.278 Loading class java/util/concurrent/LinkedBlockingDeque
Event: 0.278 Loading class java/util/concurrent/LinkedBlockingDeque done
Event: 0.282 Loading class java/lang/NumberFormatException
Event: 0.282 Loading class java/lang/NumberFormatException done

Classes unloaded (0 events):
No events

Classes redefined (0 events):
No events

Internal exceptions (14 events):
Event: 0.061 Thread 0x0000024add0a0fe0 Exception <a 'java/lang/NoSuchMethodError'{0x000000071162b460}: 'void java.lang.invoke.DirectMethodHandle$Holder.invokeVirtual(java.lang.Object, java.lang.Object)'> (0x000000071162b460) 
thrown [s\src\hotspot\share\interpreter\linkResolver.cpp, line 774]
Event: 0.062 Thread 0x0000024add0a0fe0 Exception <a 'java/lang/NoSuchMethodError'{0x0000000711636950}: 'java.lang.Object java.lang.invoke.DirectMethodHandle$Holder.invokeInterface(java.lang.Object, java.lang.Object, java.lang.Object)'> (0x0000000711636950) 
thrown [s\src\hotspot\share\interpreter\linkResolver.cpp, line 774]
Event: 0.088 Thread 0x0000024add0a0fe0 Exception <a 'java/lang/NoSuchMethodError'{0x00000007114072e0}: 'void java.lang.invoke.DirectMethodHandle$Holder.invokeSpecial(java.lang.Object, java.lang.Object, java.lang.Object)'> (0x00000007114072e0) 
thrown [s\src\hotspot\share\interpreter\linkResolver.cpp, line 774]
Event: 0.120 Thread 0x0000024add0a0fe0 Exception <a 'java/lang/NoSuchMethodError'{0x0000000710fd90b8}: 'void java.lang.invoke.DirectMethodHandle$Holder.invokeSpecial(java.lang.Object, java.lang.Object, java.lang.Object, java.lang.Object, java.lang.Object)'> (0x0000000710fd90b8) 
thrown [s\src\hotspot\share\interpreter\linkResolver.cpp, line 774]
Event: 0.122 Thread 0x0000024add0a0fe0 Exception <a 'java/lang/NoSuchMethodError'{0x0000000710feea08}: 'java.lang.Object java.lang.invoke.DirectMethodHandle$Holder.invokeInterface(java.lang.Object, java.lang.Object)'> (0x0000000710feea08) 
thrown [s\src\hotspot\share\interpreter\linkResolver.cpp, line 774]
Event: 0.122 Thread 0x0000024add0a0fe0 Exception <a 'java/lang/IncompatibleClassChangeError'{0x0000000710ff1c80}: Found class java.lang.Object, but interface was expected> (0x0000000710ff1c80) 
thrown [s\src\hotspot\share\interpreter\linkResolver.cpp, line 841]
Event: 0.122 Thread 0x0000024add0a0fe0 Exception <a 'java/lang/NoSuchMethodError'{0x0000000710ff4660}: 'void java.lang.invoke.DirectMethodHandle$Holder.invokeStatic(java.lang.Object, java.lang.Object, java.lang.Object, java.lang.Object)'> (0x0000000710ff4660) 
thrown [s\src\hotspot\share\interpreter\linkResolver.cpp, line 774]
Event: 0.138 Thread 0x0000024add0a0fe0 Exception <a 'java/lang/NoSuchMethodError'{0x0000000710d47de8}: 'java.lang.Object java.lang.invoke.Invokers$Holder.invokeExact_MT(java.lang.Object, java.lang.Object, java.lang.Object, java.lang.Object, java.lang.Object, java.lang.Object)'> (0x0000000710d47de8) 
thrown [s\src\hotspot\share\interpreter\linkResolver.cpp, line 774]
Event: 0.140 Thread 0x0000024add0a0fe0 Exception <a 'java/lang/NoSuchMethodError'{0x0000000710d5a788}: 'void java.lang.invoke.DirectMethodHandle$Holder.invokeStatic(java.lang.Object, java.lang.Object)'> (0x0000000710d5a788) 
thrown [s\src\hotspot\share\interpreter\linkResolver.cpp, line 774]
Event: 0.225 Thread 0x0000024add0a0fe0 Exception <a 'java/lang/NoSuchMethodError'{0x00000007109a2180}: 'void java.lang.invoke.DirectMethodHandle$Holder.invokeStatic(java.lang.Object, java.lang.Object, java.lang.Object)'> (0x00000007109a2180) 
thrown [s\src\hotspot\share\interpreter\linkResolver.cpp, line 774]
Event: 0.267 Thread 0x0000024add0a0fe0 Exception <a 'java/lang/NoSuchMethodError'{0x00000007109c2ed8}: 'int java.lang.invoke.DirectMethodHandle$Holder.invokeStaticInit(java.lang.Object, java.lang.Object, java.lang.Object)'> (0x00000007109c2ed8) 
thrown [s\src\hotspot\share\interpreter\linkResolver.cpp, line 774]
Event: 0.277 Thread 0x0000024add0a0fe0 Exception <a 'java/lang/NoSuchMethodError'{0x00000007107132c0}: notifyPreferencesChanged> (0x00000007107132c0) 
thrown [s\src\hotspot\share\prims\jni.cpp, line 1077]
Event: 0.279 Thread 0x0000024add0a0fe0 Exception <a 'java/lang/NoSuchMethodError'{0x0000000710728948}: 'java.lang.Object java.lang.invoke.DirectMethodHandle$Holder.newInvokeSpecial(java.lang.Object, java.lang.Object, int, java.lang.Object)'> (0x0000000710728948) 
thrown [s\src\hotspot\share\interpreter\linkResolver.cpp, line 774]
Event: 0.280 Thread 0x0000024add0a0fe0 Exception <a 'java/lang/NoSuchMethodError'{0x000000071072cb80}: 'java.lang.Object java.lang.invoke.DirectMethodHandle$Holder.invokeSpecial(java.lang.Object, java.lang.Object, java.lang.Object, int, java.lang.Object)'> (0x000000071072cb80) 
thrown [s\src\hotspot\share\interpreter\linkResolver.cpp, line 774]

ZGC Phase Switch (0 events):
No events

VM Operations (4 events):
Event: 0.121 Executing VM operation: HandshakeAllThreads (Deoptimize)
Event: 0.121 Executing VM operation: HandshakeAllThreads (Deoptimize) done
Event: 0.273 Executing VM operation: HandshakeAllThreads (Deoptimize)
Event: 0.273 Executing VM operation: HandshakeAllThreads (Deoptimize) done

Events (16 events):
Event: 0.017 Thread 0x0000024add0a0fe0 Thread added: 0x0000024add0a0fe0
Event: 0.026 Thread 0x0000024afeae3ad0 Thread added: 0x0000024afeae3ad0
Event: 0.026 Thread 0x0000024afeae47f0 Thread added: 0x0000024afeae47f0
Event: 0.026 Thread 0x0000024afeaeb1f0 Thread added: 0x0000024afeaeb1f0
Event: 0.026 Thread 0x0000024afeaed0f0 Thread added: 0x0000024afeaed0f0
Event: 0.026 Thread 0x0000024afeaf80a0 Thread added: 0x0000024afeaf80a0
Event: 0.026 Thread 0x0000024afeb01980 Thread added: 0x0000024afeb01980
Event: 0.026 Thread 0x0000024ac51914a0 Thread added: 0x0000024ac51914a0
Event: 0.026 Thread 0x0000024afeb02fa0 Thread added: 0x0000024afeb02fa0
Event: 0.046 Thread 0x0000024ac5255fc0 Thread added: 0x0000024ac5255fc0
Event: 0.086 Thread 0x0000024ac5314ce0 Thread added: 0x0000024ac5314ce0
Event: 0.093 Thread 0x0000024ac53df960 Thread added: 0x0000024ac53df960
Event: 0.130 Thread 0x0000024ac556e4b0 Thread added: 0x0000024ac556e4b0
Event: 0.225 Thread 0x0000024ac5678610 Thread added: 0x0000024ac5678610
Event: 0.279 Thread 0x0000024ac5afa670 Thread added: 0x0000024ac5afa670
Event: 0.280 Thread 0x0000024ac5c7ead0 Thread added: 0x0000024ac5c7ead0


Dynamic libraries:
0x00007ff681b50000 - 0x00007ff681b5e000 	C:\Users\User\Documents\NetBeansJDKs\zulu22.28.91-ca-jdk22.0.0-win_x64\zulu22.28.91-ca-jdk22.0.0-win_x64\bin\java.exe
0x00007ff941a50000 - 0x00007ff941c66000 	C:\Windows\SYSTEM32\ntdll.dll
0x00007ff941100000 - 0x00007ff9411c4000 	C:\Windows\System32\KERNEL32.DLL
0x00007ff93ef30000 - 0x00007ff93f2d7000 	C:\Windows\System32\KERNELBASE.dll
0x00007ff93f2e0000 - 0x00007ff93f3f1000 	C:\Windows\System32\ucrtbase.dll
0x00007ff924220000 - 0x00007ff924237000 	C:\Users\User\Documents\NetBeansJDKs\zulu22.28.91-ca-jdk22.0.0-win_x64\zulu22.28.91-ca-jdk22.0.0-win_x64\bin\jli.dll
0x00007ff923600000 - 0x00007ff92361b000 	C:\Users\User\Documents\NetBeansJDKs\zulu22.28.91-ca-jdk22.0.0-win_x64\zulu22.28.91-ca-jdk22.0.0-win_x64\bin\VCRUNTIME140.dll
0x00007ff940f50000 - 0x00007ff9410fe000 	C:\Windows\System32\USER32.dll
0x00007ff93f570000 - 0x00007ff93f596000 	C:\Windows\System32\win32u.dll
0x00007ff934f50000 - 0x00007ff9351e3000 	C:\Windows\WinSxS\amd64_microsoft.windows.common-controls_6595b64144ccf1df_6.0.22621.3235_none_270f74e173860f98\COMCTL32.dll
0x00007ff93fe70000 - 0x00007ff93fe99000 	C:\Windows\System32\GDI32.dll
0x00007ff941240000 - 0x00007ff9412e7000 	C:\Windows\System32\msvcrt.dll
0x00007ff93f5a0000 - 0x00007ff93f6b9000 	C:\Windows\System32\gdi32full.dll
0x00007ff93ee90000 - 0x00007ff93ef2a000 	C:\Windows\System32\msvcp_win.dll
0x00007ff940600000 - 0x00007ff940631000 	C:\Windows\System32\IMM32.DLL
0x00007ff9247f0000 - 0x00007ff9247fc000 	C:\Users\User\Documents\NetBeansJDKs\zulu22.28.91-ca-jdk22.0.0-win_x64\zulu22.28.91-ca-jdk22.0.0-win_x64\bin\vcruntime140_1.dll
0x00007ff921000000 - 0x00007ff92108e000 	C:\Users\User\Documents\NetBeansJDKs\zulu22.28.91-ca-jdk22.0.0-win_x64\zulu22.28.91-ca-jdk22.0.0-win_x64\bin\msvcp140.dll
0x00007ff8dca50000 - 0x00007ff8dd81c000 	C:\Users\User\Documents\NetBeansJDKs\zulu22.28.91-ca-jdk22.0.0-win_x64\zulu22.28.91-ca-jdk22.0.0-win_x64\bin\server\jvm.dll
0x00007ff9416d0000 - 0x00007ff941782000 	C:\Windows\System32\ADVAPI32.dll
0x00007ff940640000 - 0x00007ff9406e8000 	C:\Windows\System32\sechost.dll
0x00007ff93ede0000 - 0x00007ff93ee08000 	C:\Windows\System32\bcrypt.dll
0x00007ff93ffa0000 - 0x00007ff9400b5000 	C:\Windows\System32\RPCRT4.dll
0x00007ff93fb70000 - 0x00007ff93fbe1000 	C:\Windows\System32\WS2_32.dll
0x00007ff93dc10000 - 0x00007ff93dc5d000 	C:\Windows\SYSTEM32\POWRPROF.dll
0x00007ff932870000 - 0x00007ff9328a4000 	C:\Windows\SYSTEM32\WINMM.dll
0x00007ff938a40000 - 0x00007ff938a4a000 	C:\Windows\SYSTEM32\VERSION.dll
0x00007ff93dbf0000 - 0x00007ff93dc03000 	C:\Windows\SYSTEM32\UMPDC.dll
0x00007ff93dea0000 - 0x00007ff93deb8000 	C:\Windows\SYSTEM32\kernel.appcore.dll
0x00007ff9246a0000 - 0x00007ff9246aa000 	C:\Users\User\Documents\NetBeansJDKs\zulu22.28.91-ca-jdk22.0.0-win_x64\zulu22.28.91-ca-jdk22.0.0-win_x64\bin\jimage.dll
0x00007ff931db0000 - 0x00007ff931fe3000 	C:\Windows\SYSTEM32\DBGHELP.DLL
0x00007ff93f780000 - 0x00007ff93fb08000 	C:\Windows\System32\combase.dll
0x00007ff9415f0000 - 0x00007ff9416c7000 	C:\Windows\System32\OLEAUT32.dll
0x00007ff92b0b0000 - 0x00007ff92b0e2000 	C:\Windows\SYSTEM32\dbgcore.DLL
0x00007ff93ee10000 - 0x00007ff93ee89000 	C:\Windows\System32\bcryptPrimitives.dll
0x00007ff9235e0000 - 0x00007ff9235fe000 	C:\Users\User\Documents\NetBeansJDKs\zulu22.28.91-ca-jdk22.0.0-win_x64\zulu22.28.91-ca-jdk22.0.0-win_x64\bin\java.dll
0x00007ff9406f0000 - 0x00007ff940f4c000 	C:\Windows\System32\SHELL32.dll
0x00007ff9412f0000 - 0x00007ff941495000 	C:\Windows\System32\ole32.dll
0x00007ff93cce0000 - 0x00007ff93d5d9000 	C:\Windows\SYSTEM32\windows.storage.dll
0x00007ff93cba0000 - 0x00007ff93ccde000 	C:\Windows\SYSTEM32\wintypes.dll
0x00007ff93fea0000 - 0x00007ff93ff93000 	C:\Windows\System32\SHCORE.dll
0x00007ff93fb10000 - 0x00007ff93fb6e000 	C:\Windows\System32\shlwapi.dll
0x00007ff93eca0000 - 0x00007ff93ecc1000 	C:\Windows\SYSTEM32\profapi.dll
0x00007ff91caf0000 - 0x00007ff91cbc7000 	C:\Users\User\Documents\NetBeansJDKs\zulu22.28.91-ca-jdk22.0.0-win_x64\zulu22.28.91-ca-jdk22.0.0-win_x64\bin\jsvml.dll
0x00007ff9245e0000 - 0x00007ff9245f0000 	C:\Users\User\Documents\NetBeansJDKs\zulu22.28.91-ca-jdk22.0.0-win_x64\zulu22.28.91-ca-jdk22.0.0-win_x64\bin\net.dll
0x00007ff93e310000 - 0x00007ff93e379000 	C:\Windows\system32\mswsock.dll
0x00007ff9235c0000 - 0x00007ff9235d6000 	C:\Users\User\Documents\NetBeansJDKs\zulu22.28.91-ca-jdk22.0.0-win_x64\zulu22.28.91-ca-jdk22.0.0-win_x64\bin\nio.dll
0x00007ff9235a0000 - 0x00007ff9235b7000 	C:\Users\User\Documents\NetBeansJDKs\zulu22.28.91-ca-jdk22.0.0-win_x64\zulu22.28.91-ca-jdk22.0.0-win_x64\bin\zip.dll
0x0000024ac6d40000 - 0x0000024ac6d44000 	C:\Users\User\Documents\NetBeansJDKs\zulu22.28.91-ca-jdk22.0.0-win_x64\zulu22.28.91-ca-jdk22.0.0-win_x64\bin\api-ms-win-core-console-l1-1-0.dll
0x0000024ac6d50000 - 0x0000024ac6d54000 	C:\Users\User\Documents\NetBeansJDKs\zulu22.28.91-ca-jdk22.0.0-win_x64\zulu22.28.91-ca-jdk22.0.0-win_x64\bin\api-ms-win-core-console-l1-2-0.dll
0x0000024ac6d60000 - 0x0000024ac6d64000 	C:\Users\User\Documents\NetBeansJDKs\zulu22.28.91-ca-jdk22.0.0-win_x64\zulu22.28.91-ca-jdk22.0.0-win_x64\bin\api-ms-win-core-datetime-l1-1-0.dll
0x0000024ac6d70000 - 0x0000024ac6d74000 	C:\Users\User\Documents\NetBeansJDKs\zulu22.28.91-ca-jdk22.0.0-win_x64\zulu22.28.91-ca-jdk22.0.0-win_x64\bin\api-ms-win-core-debug-l1-1-0.dll
0x0000024ac6d80000 - 0x0000024ac6d84000 	C:\Users\User\Documents\NetBeansJDKs\zulu22.28.91-ca-jdk22.0.0-win_x64\zulu22.28.91-ca-jdk22.0.0-win_x64\bin\api-ms-win-core-errorhandling-l1-1-0.dll
0x0000024ac6d90000 - 0x0000024ac6d95000 	C:\Users\User\Documents\NetBeansJDKs\zulu22.28.91-ca-jdk22.0.0-win_x64\zulu22.28.91-ca-jdk22.0.0-win_x64\bin\api-ms-win-core-file-l1-1-0.dll
0x0000024ac6da0000 - 0x0000024ac6da4000 	C:\Users\User\Documents\NetBeansJDKs\zulu22.28.91-ca-jdk22.0.0-win_x64\zulu22.28.91-ca-jdk22.0.0-win_x64\bin\api-ms-win-core-file-l1-2-0.dll
0x0000024ac6db0000 - 0x0000024ac6db4000 	C:\Users\User\Documents\NetBeansJDKs\zulu22.28.91-ca-jdk22.0.0-win_x64\zulu22.28.91-ca-jdk22.0.0-win_x64\bin\api-ms-win-core-file-l2-1-0.dll
0x0000024ac6dc0000 - 0x0000024ac6dc4000 	C:\Users\User\Documents\NetBeansJDKs\zulu22.28.91-ca-jdk22.0.0-win_x64\zulu22.28.91-ca-jdk22.0.0-win_x64\bin\api-ms-win-core-handle-l1-1-0.dll
0x0000024ac6dd0000 - 0x0000024ac6dd4000 	C:\Users\User\Documents\NetBeansJDKs\zulu22.28.91-ca-jdk22.0.0-win_x64\zulu22.28.91-ca-jdk22.0.0-win_x64\bin\api-ms-win-core-heap-l1-1-0.dll
0x0000024ac6de0000 - 0x0000024ac6de4000 	C:\Users\User\Documents\NetBeansJDKs\zulu22.28.91-ca-jdk22.0.0-win_x64\zulu22.28.91-ca-jdk22.0.0-win_x64\bin\api-ms-win-core-interlocked-l1-1-0.dll
0x0000024ac6df0000 - 0x0000024ac6df4000 	C:\Users\User\Documents\NetBeansJDKs\zulu22.28.91-ca-jdk22.0.0-win_x64\zulu22.28.91-ca-jdk22.0.0-win_x64\bin\api-ms-win-core-libraryloader-l1-1-0.dll
0x0000024ac6e00000 - 0x0000024ac6e04000 	C:\Users\User\Documents\NetBeansJDKs\zulu22.28.91-ca-jdk22.0.0-win_x64\zulu22.28.91-ca-jdk22.0.0-win_x64\bin\api-ms-win-core-localization-l1-2-0.dll
0x0000024ac6e10000 - 0x0000024ac6e14000 	C:\Users\User\Documents\NetBeansJDKs\zulu22.28.91-ca-jdk22.0.0-win_x64\zulu22.28.91-ca-jdk22.0.0-win_x64\bin\api-ms-win-core-memory-l1-1-0.dll
0x0000024ac6e20000 - 0x0000024ac6e24000 	C:\Users\User\Documents\NetBeansJDKs\zulu22.28.91-ca-jdk22.0.0-win_x64\zulu22.28.91-ca-jdk22.0.0-win_x64\bin\api-ms-win-core-namedpipe-l1-1-0.dll
0x0000024ac6e30000 - 0x0000024ac6e34000 	C:\Users\User\Documents\NetBeansJDKs\zulu22.28.91-ca-jdk22.0.0-win_x64\zulu22.28.91-ca-jdk22.0.0-win_x64\bin\api-ms-win-core-processenvironment-l1-1-0.dll
0x0000024ac6e40000 - 0x0000024ac6e44000 	C:\Users\User\Documents\NetBeansJDKs\zulu22.28.91-ca-jdk22.0.0-win_x64\zulu22.28.91-ca-jdk22.0.0-win_x64\bin\api-ms-win-core-processthreads-l1-1-0.dll
0x0000024ac6e50000 - 0x0000024ac6e54000 	C:\Users\User\Documents\NetBeansJDKs\zulu22.28.91-ca-jdk22.0.0-win_x64\zulu22.28.91-ca-jdk22.0.0-win_x64\bin\api-ms-win-core-processthreads-l1-1-1.dll
0x0000024ac6e60000 - 0x0000024ac6e64000 	C:\Users\User\Documents\NetBeansJDKs\zulu22.28.91-ca-jdk22.0.0-win_x64\zulu22.28.91-ca-jdk22.0.0-win_x64\bin\api-ms-win-core-profile-l1-1-0.dll
0x0000024ac6e70000 - 0x0000024ac6e74000 	C:\Users\User\Documents\NetBeansJDKs\zulu22.28.91-ca-jdk22.0.0-win_x64\zulu22.28.91-ca-jdk22.0.0-win_x64\bin\api-ms-win-core-rtlsupport-l1-1-0.dll
0x0000024ac6e80000 - 0x0000024ac6e84000 	C:\Users\User\Documents\NetBeansJDKs\zulu22.28.91-ca-jdk22.0.0-win_x64\zulu22.28.91-ca-jdk22.0.0-win_x64\bin\api-ms-win-core-string-l1-1-0.dll
0x0000024ac6e90000 - 0x0000024ac6e94000 	C:\Users\User\Documents\NetBeansJDKs\zulu22.28.91-ca-jdk22.0.0-win_x64\zulu22.28.91-ca-jdk22.0.0-win_x64\bin\api-ms-win-core-synch-l1-1-0.dll
0x0000024ac6ea0000 - 0x0000024ac6ea4000 	C:\Users\User\Documents\NetBeansJDKs\zulu22.28.91-ca-jdk22.0.0-win_x64\zulu22.28.91-ca-jdk22.0.0-win_x64\bin\api-ms-win-core-synch-l1-2-0.dll
0x0000024ac6eb0000 - 0x0000024ac6eb4000 	C:\Users\User\Documents\NetBeansJDKs\zulu22.28.91-ca-jdk22.0.0-win_x64\zulu22.28.91-ca-jdk22.0.0-win_x64\bin\api-ms-win-core-sysinfo-l1-1-0.dll
0x0000024ac6ec0000 - 0x0000024ac6ec4000 	C:\Users\User\Documents\NetBeansJDKs\zulu22.28.91-ca-jdk22.0.0-win_x64\zulu22.28.91-ca-jdk22.0.0-win_x64\bin\api-ms-win-core-timezone-l1-1-0.dll
0x0000024ac6ed0000 - 0x0000024ac6ed4000 	C:\Users\User\Documents\NetBeansJDKs\zulu22.28.91-ca-jdk22.0.0-win_x64\zulu22.28.91-ca-jdk22.0.0-win_x64\bin\api-ms-win-core-util-l1-1-0.dll
0x0000024ac6ee0000 - 0x0000024ac6ee4000 	C:\Users\User\Documents\NetBeansJDKs\zulu22.28.91-ca-jdk22.0.0-win_x64\zulu22.28.91-ca-jdk22.0.0-win_x64\bin\api-ms-win-crt-conio-l1-1-0.dll
0x0000024ac6ef0000 - 0x0000024ac6ef5000 	C:\Users\User\Documents\NetBeansJDKs\zulu22.28.91-ca-jdk22.0.0-win_x64\zulu22.28.91-ca-jdk22.0.0-win_x64\bin\api-ms-win-crt-convert-l1-1-0.dll
0x0000024ac6f00000 - 0x0000024ac6f04000 	C:\Users\User\Documents\NetBeansJDKs\zulu22.28.91-ca-jdk22.0.0-win_x64\zulu22.28.91-ca-jdk22.0.0-win_x64\bin\api-ms-win-crt-environment-l1-1-0.dll
0x0000024ac6f10000 - 0x0000024ac6f14000 	C:\Users\User\Documents\NetBeansJDKs\zulu22.28.91-ca-jdk22.0.0-win_x64\zulu22.28.91-ca-jdk22.0.0-win_x64\bin\api-ms-win-crt-filesystem-l1-1-0.dll
0x0000024ac6f20000 - 0x0000024ac6f24000 	C:\Users\User\Documents\NetBeansJDKs\zulu22.28.91-ca-jdk22.0.0-win_x64\zulu22.28.91-ca-jdk22.0.0-win_x64\bin\api-ms-win-crt-heap-l1-1-0.dll
0x0000024ac6f30000 - 0x0000024ac6f34000 	C:\Users\User\Documents\NetBeansJDKs\zulu22.28.91-ca-jdk22.0.0-win_x64\zulu22.28.91-ca-jdk22.0.0-win_x64\bin\api-ms-win-crt-locale-l1-1-0.dll
0x0000024ac6f40000 - 0x0000024ac6f46000 	C:\Users\User\Documents\NetBeansJDKs\zulu22.28.91-ca-jdk22.0.0-win_x64\zulu22.28.91-ca-jdk22.0.0-win_x64\bin\api-ms-win-crt-math-l1-1-0.dll
0x0000024ac6f50000 - 0x0000024ac6f56000 	C:\Users\User\Documents\NetBeansJDKs\zulu22.28.91-ca-jdk22.0.0-win_x64\zulu22.28.91-ca-jdk22.0.0-win_x64\bin\api-ms-win-crt-multibyte-l1-1-0.dll
0x0000024ac6f60000 - 0x0000024ac6f71000 	C:\Users\User\Documents\NetBeansJDKs\zulu22.28.91-ca-jdk22.0.0-win_x64\zulu22.28.91-ca-jdk22.0.0-win_x64\bin\api-ms-win-crt-private-l1-1-0.dll
0x0000024ac6f80000 - 0x0000024ac6f84000 	C:\Users\User\Documents\NetBeansJDKs\zulu22.28.91-ca-jdk22.0.0-win_x64\zulu22.28.91-ca-jdk22.0.0-win_x64\bin\api-ms-win-crt-process-l1-1-0.dll
0x0000024ac6f90000 - 0x0000024ac6f95000 	C:\Users\User\Documents\NetBeansJDKs\zulu22.28.91-ca-jdk22.0.0-win_x64\zulu22.28.91-ca-jdk22.0.0-win_x64\bin\api-ms-win-crt-runtime-l1-1-0.dll
0x0000024ac6fa0000 - 0x0000024ac6fa5000 	C:\Users\User\Documents\NetBeansJDKs\zulu22.28.91-ca-jdk22.0.0-win_x64\zulu22.28.91-ca-jdk22.0.0-win_x64\bin\api-ms-win-crt-stdio-l1-1-0.dll
0x0000024ac6fb0000 - 0x0000024ac6fb5000 	C:\Users\User\Documents\NetBeansJDKs\zulu22.28.91-ca-jdk22.0.0-win_x64\zulu22.28.91-ca-jdk22.0.0-win_x64\bin\api-ms-win-crt-string-l1-1-0.dll
0x0000024ac6fc0000 - 0x0000024ac6fc4000 	C:\Users\User\Documents\NetBeansJDKs\zulu22.28.91-ca-jdk22.0.0-win_x64\zulu22.28.91-ca-jdk22.0.0-win_x64\bin\api-ms-win-crt-time-l1-1-0.dll
0x0000024ac6fd0000 - 0x0000024ac6fd4000 	C:\Users\User\Documents\NetBeansJDKs\zulu22.28.91-ca-jdk22.0.0-win_x64\zulu22.28.91-ca-jdk22.0.0-win_x64\bin\api-ms-win-crt-utility-l1-1-0.dll
0x00007ff8e3bd0000 - 0x00007ff8e3ce0000 	C:\Users\User\Documents\NetBeansJDKs\zulu22.28.91-ca-jdk22.0.0-win_x64\zulu22.28.91-ca-jdk22.0.0-win_x64\bin\ucrtbase.dll
0x00007ff92e7b0000 - 0x00007ff92e7b9000 	C:\Windows\System32\msvcp140_1.dll
0x00007ff9221f0000 - 0x00007ff922231000 	C:\Windows\System32\msvcp140_2.dll
0x00007ff921cd0000 - 0x00007ff921d00000 	C:\java\javafx-sdk-22\bin\prism_d3d.dll
0x00007ff906a80000 - 0x00007ff906c29000 	C:\Windows\system32\d3d9.dll
0x00007ff93c630000 - 0x00007ff93c65b000 	C:\Windows\SYSTEM32\dwmapi.dll
0x00007ff93c3f0000 - 0x00007ff93c429000 	C:\Windows\SYSTEM32\dxcore.dll
0x00007ff93c2f0000 - 0x00007ff93c39b000 	C:\Windows\system32\uxtheme.dll
0x00007ff935c20000 - 0x00007ff935cdc000 	C:\Windows\System32\DriverStore\FileRepository\nvmdui.inf_amd64_cf0ff083306d6565\nvldumdx.dll
0x00007ff93ea10000 - 0x00007ff93ea22000 	C:\Windows\SYSTEM32\msasn1.dll
0x00007ff938a00000 - 0x00007ff938a32000 	C:\Windows\SYSTEM32\cryptnet.dll
0x00007ff93f400000 - 0x00007ff93f567000 	C:\Windows\System32\CRYPT32.dll
0x00007ff9388a0000 - 0x00007ff9389f8000 	C:\Windows\SYSTEM32\drvstore.dll
0x00007ff93ea30000 - 0x00007ff93ea5c000 	C:\Windows\SYSTEM32\devobj.dll
0x00007ff93ea60000 - 0x00007ff93eaae000 	C:\Windows\SYSTEM32\CFGMGR32.dll
0x00007ff93e620000 - 0x00007ff93e668000 	C:\Windows\SYSTEM32\wldp.dll
0x00007ff93e590000 - 0x00007ff93e59c000 	C:\Windows\SYSTEM32\cryptbase.dll
0x00007ff93ed70000 - 0x00007ff93eddb000 	C:\Windows\System32\wintrust.dll
0x00007ff941830000 - 0x00007ff94184f000 	C:\Windows\System32\imagehlp.dll
0x00007ff93e570000 - 0x00007ff93e58b000 	C:\Windows\SYSTEM32\CRYPTSP.dll
0x00007ff93de00000 - 0x00007ff93de35000 	C:\Windows\system32\rsaenh.dll
0x00007ff92f410000 - 0x00007ff9315fd000 	C:\Windows\System32\DriverStore\FileRepository\nvmdui.inf_amd64_cf0ff083306d6565\nvgpucomp64.dll
0x00007ff8c3880000 - 0x00007ff8c6244000 	C:\Windows\System32\DriverStore\FileRepository\nvmdui.inf_amd64_cf0ff083306d6565\nvd3dumx.dll
0x00007ff939320000 - 0x00007ff93936a000 	C:\Windows\SYSTEM32\directxdatabasehelper.dll
0x00007ff91caa0000 - 0x00007ff91cae5000 	C:\java\javafx-sdk-22\bin\glass.dll
0x00007ff9414f0000 - 0x00007ff9415e9000 	C:\Windows\System32\COMDLG32.dll
0x00007ff93fd00000 - 0x00007ff93fe53000 	C:\Windows\System32\MSCTF.dll

dbghelp: loaded successfully - version: 4.0.5 - missing functions: none
symbol engine: initialized successfully - sym options: 0x614 - pdb path: .;C:\Users\User\Documents\NetBeansJDKs\zulu22.28.91-ca-jdk22.0.0-win_x64\zulu22.28.91-ca-jdk22.0.0-win_x64\bin;C:\Windows\SYSTEM32;C:\Windows\WinSxS\amd64_microsoft.windows.common-controls_6595b64144ccf1df_6.0.22621.3235_none_270f74e173860f98;C:\Users\User\Documents\NetBeansJDKs\zulu22.28.91-ca-jdk22.0.0-win_x64\zulu22.28.91-ca-jdk22.0.0-win_x64\bin\server;C:\java\javafx-sdk-22\bin;C:\Windows\System32\DriverStore\FileRepository\nvmdui.inf_amd64_cf0ff083306d6565

VM Arguments:
jvm_args: --module-path=C:\Users\User\Documents\NetBeansProjects\testJavaFX\target\classes;C:\Users\User\.m2\repository\mysql\mysql-connector-java\8.0.27\mysql-connector-java-8.0.27.jar;C:\Users\User\.m2\repository\net\sf\jasperreports\jasperreports\6.21.2\jasperreports-6.21.2.jar;C:\Users\User\.m2\repository\org\mockito\mockito-core\5.11.0\mockito-core-5.11.0.jar;C:\Users\User\.m2\repository\org\openjfx\javafx-base\21.0.3\javafx-base-21.0.3-win.jar;C:\Users\User\.m2\repository\org\openjfx\javafx-controls\21.0.3\javafx-controls-21.0.3-win.jar;C:\Users\User\.m2\repository\org\openjfx\javafx-fxml\21.0.3\javafx-fxml-21.0.3-win.jar;C:\Users\User\.m2\repository\org\openjfx\javafx-graphics\21.0.3\javafx-graphics-21.0.3-win.jar --add-modules=com.mycompany.testjavafx -Djdk.module.main=com.mycompany.testjavafx 
java_command: com.mycompany.testjavafx/com.mycompany.testjavafx.App
java_class_path (initial): C:\Users\User\.m2\repository\com\fasterxml\jackson\core\jackson-annotations\2.15.3\jackson-annotations-2.15.3.jar;C:\Users\User\.m2\repository\com\fasterxml\jackson\core\jackson-core\2.15.3\jackson-core-2.15.3.jar;C:\Users\User\.m2\repository\com\fasterxml\jackson\core\jackson-databind\2.15.3\jackson-databind-2.15.3.jar;C:\Users\User\.m2\repository\com\fasterxml\jackson\dataformat\jackson-dataformat-xml\2.15.3\jackson-dataformat-xml-2.15.3.jar;C:\Users\User\.m2\repository\com\fasterxml\woodstox\woodstox-core\6.5.1\woodstox-core-6.5.1.jar;C:\Users\User\.m2\repository\com\github\librepdf\openpdf\1.3.32\openpdf-1.3.32.jar;C:\Users\User\.m2\repository\com\google\protobuf\protobuf-java\3.11.4\protobuf-java-3.11.4.jar;C:\Users\User\.m2\repository\commons-beanutils\commons-beanutils\1.9.4\commons-beanutils-1.9.4.jar;C:\Users\User\.m2\repository\commons-collections\commons-collections\3.2.2\commons-collections-3.2.2.jar;C:\Users\User\.m2\repository\commons-digester\commons-digester\2.1\commons-digester-2.1.jar;C:\Users\User\.m2\repository\commons-logging\commons-logging\1.1.1\commons-logging-1.1.1.jar;C:\Users\User\.m2\repository\org\apache\commons\commons-collections4\4.2\commons-collections4-4.2.jar;C:\Users\User\.m2\repository\org\codehaus\woodstox\stax2-api\4.2.1\stax2-api-4.2.1.jar;C:\Users\User\.m2\repository\org\eclipse\jdt\ecj\3.21.0\ecj-3.21.0.jar;C:\Users\User\.m2\repository\org\jfree\jcommon\1.0.23\jcommon-1.0.23.jar;C:\Users\User\.m2\repository\org\jfree\jfreechart\1.0.19\jfreechart-1.0.19.jar;C:\Users\User\.m2\repository\org\objenesis\objenesis\3.3\objenesis-3.3.jar;C:\Users\User\.m2\repository\org\openjfx\javafx-graphics\21.0.3\javafx-graphics-21.0.3.jar
Launcher Type: SUN_STANDARD

[Global flags]
     intx CICompilerCount                          = 4                                         {product} {ergonomic}
     uint ConcGCThreads                            = 3                                         {product} {ergonomic}
     uint G1ConcRefinementThreads                  = 10                                        {product} {ergonomic}
   size_t G1HeapRegionSize                         = 2097152                                   {product} {ergonomic}
   size_t InitialHeapSize                          = 268435456                                 {product} {ergonomic}
   size_t MarkStackSize                            = 4194304                                   {product} {ergonomic}
   size_t MaxHeapSize                              = 4267704320                                {product} {ergonomic}
   size_t MaxNewSize                               = 2560622592                                {product} {ergonomic}
   size_t MinHeapDeltaBytes                        = 2097152                                   {product} {ergonomic}
   size_t MinHeapSize                              = 8388608                                   {product} {ergonomic}
    uintx NonNMethodCodeHeapSize                   = 5839372                                {pd product} {ergonomic}
    uintx NonProfiledCodeHeapSize                  = 122909434                              {pd product} {ergonomic}
    uintx ProfiledCodeHeapSize                     = 122909434                              {pd product} {ergonomic}
    uintx ReservedCodeCacheSize                    = 251658240                              {pd product} {ergonomic}
     bool SegmentedCodeCache                       = true                                      {product} {ergonomic}
   size_t SoftMaxHeapSize                          = 4267704320                             {manageable} {ergonomic}
     bool UseCompressedOops                        = true                           {product lp64_product} {ergonomic}
     bool UseG1GC                                  = true                                      {product} {ergonomic}
     bool UseLargePagesIndividualAllocation        = false                                  {pd product} {ergonomic}

Logging:
Log output configuration:
 #0: stdout all=warning uptime,level,tags foldmultilines=false
 #1: stderr all=off uptime,level,tags foldmultilines=false

Environment Variables:
JAVA_HOME=C:\Users\User\Documents\NetBeansJDKs\zulu22.28.91-ca-jdk22.0.0-win_x64\zulu22.28.91-ca-jdk22.0.0-win_x64
PATH=C:\Program Files\NVIDIA GPU Computing Toolkit\CUDA\v12.3\bin;C:\Program Files\NVIDIA GPU Computing Toolkit\CUDA\v12.3\libnvvp;C:\Program Files\Common Files\Oracle\Java\javapath;C:\Program Files\Eclipse Adoptium\jre-21.0.1.12-hotspot\bin;C:\Program Files\Eclipse Adoptium\jre-8.0.392.8-hotspot\bin;C:\Program Files\Eclipse Adoptium\jre-17.0.9.9-hotspot\bin;C:\Program Files\Eclipse Adoptium\jre-11.0.21.9-hotspot\bin;C:\Program Files (x86)\Eclipse Adoptium\jre-8.0.392.8-hotspot\bin;C:\Windows\system32;C:\Windows;C:\Windows\System32\Wbem;C:\Windows\System32\WindowsPowerShell\v1.0\;C:\Windows\System32\OpenSSH\;C:\Program Files (x86)\NVIDIA Corporation\PhysX\Common;C:\Program Files\NVIDIA Corporation\NVIDIA NvDLISR;C:\Program Files\PuTTY\;C:\Program Files\AutoFirma\AutoFirma;C:\Program Files (x86)\Microsoft SQL Server\80\Tools\Binn\;c:\Program Files (x86)\Microsoft SQL Server\100\Tools\Binn\;c:\Program Files (x86)\Microsoft SQL Server\100\DTS\Binn\;C:\Program Files (x86)\Microsoft SQL Server\160\DTS\Binn\;C:\Program Files\Azure Data Studio\bin;C:\Users\User\AppData\Local\Programs\Python\Python37\python.exe;C:\Program Files\NVIDIA Corporation\Nsight Compute 2023.3.1\;C:\java\javafx-sdk-22\bin\;C:\java\javafx-sdk-21.0.2\bin\;C:\Program Files\Git\cmd;C:\Users\User\AppData\Local\Programs\Python\Launcher\;C:\Users\User\AppData\Local\Microsoft\WindowsApps;;C:\Program Files\Azure Data Studio\bin;C:\Program Files\JetBrains\IntelliJ IDEA Community Edition 2024.1.1\bin;
USERNAME=User
OS=Windows_NT
PROCESSOR_IDENTIFIER=AMD64 Family 25 Model 80 Stepping 0, AuthenticAMD
TMP=C:\Users\User\AppData\Local\Temp
TEMP=C:\Users\User\AppData\Local\Temp




Periodic native trim disabled

---------------  S Y S T E M  ---------------

OS:
 Windows 11 , 64 bit Build 22621 (10.0.22621.3374)
OS uptime: 0 days 9:35 hours

CPU: total 12 (initial active 12) (12 cores per cpu, 2 threads per core) family 25 model 80 stepping 0 microcode 0x0, cx8, cmov, fxsr, ht, mmx, 3dnowpref, sse, sse2, sse3, ssse3, sse4a, sse4.1, sse4.2, popcnt, lzcnt, tsc, tscinvbit, avx, avx2, aes, erms, clmul, bmi1, bmi2, adx, sha, fma, vzeroupper, clflush, clflushopt, rdtscp, rdpid, fsrm, f16c, pku, cet_ss
Processor Information for all 12 processors :
  Max Mhz: 3600, Current Mhz: 3600, Mhz Limit: 3600

Memory: 4k page, system-wide physical 16273M (7483M free)
TotalPageFile size 43921M (AvailPageFile size 29236M)
current process WorkingSet (physical memory assigned to process): 77M, peak: 77M
current process commit charge ("private bytes"): 367M, peak: 367M

vm_info: OpenJDK 64-Bit Server VM (22+36) for windows-amd64 JRE (22+36) (Zulu22.28+91-CA), built on 2024-02-28T12:24:10Z by "zulu_re" with MS VC++ 17.1 (VS2022)

END.
