#
# A fatal error has been detected by the Java Runtime Environment:
#
#  EXCEPTION_ACCESS_VIOLATION (0xc0000005) at pc=0x00007ff8ddc679d2, pid=11424, tid=14332
#
# JRE version: Java(TM) SE Runtime Environment (21.0.1+12) (build 21.0.1+12-LTS-29)
# Java VM: Java HotSpot(TM) 64-Bit Server VM (21.0.1+12-LTS-29, mixed mode, sharing, tiered, compressed oops, compressed class ptrs, g1 gc, windows-amd64)
# Problematic frame:
# V  [jvm.dll+0x4479d2]
#
# No core dump will be written. Minidumps are not enabled by default on client versions of Windows
#
# If you would like to submit a bug report, please visit:
#   https://bugreport.java.com/bugreport/crash.jsp
#

---------------  S U M M A R Y ------------

Command Line: --module-path=C:\Users\User\Documents\NetBeansProjects\testJavaFX\target\classes;C:\Users\User\.m2\repository\mysql\mysql-connector-java\8.0.27\mysql-connector-java-8.0.27.jar;C:\Users\User\.m2\repository\net\sf\jasperreports\jasperreports\6.21.2\jasperreports-6.21.2.jar;C:\Users\User\.m2\repository\org\mockito\mockito-core\5.11.0\mockito-core-5.11.0.jar;C:\Users\User\.m2\repository\org\openjfx\javafx-base\21.0.3\javafx-base-21.0.3-win.jar;C:\Users\User\.m2\repository\org\openjfx\javafx-controls\21.0.3\javafx-controls-21.0.3-win.jar;C:\Users\User\.m2\repository\org\openjfx\javafx-fxml\21.0.3\javafx-fxml-21.0.3-win.jar;C:\Users\User\.m2\repository\org\openjfx\javafx-graphics\21.0.3\javafx-graphics-21.0.3-win.jar --add-modules=com.mycompany.testjavafx -Djdk.module.main=com.mycompany.testjavafx com.mycompany.testjavafx/com.mycompany.testjavafx.App

Host: AMD Ryzen 5 5500                               , 12 cores, 15G,  Windows 11 , 64 bit Build 22621 (10.0.22621.3374)
Time: Thu May  9 20:00:26 2024 Hora de verano romance elapsed time: 0.274644 seconds (0d 0h 0m 0s)

---------------  T H R E A D  ---------------

Current thread (0x0000017ef3738010):  JavaThread "WindowsNativeRunloopThread"        [_thread_in_vm, id=14332, stack(0x000000050e000000,0x000000050e100000) (1024K)]

Stack: [0x000000050e000000,0x000000050e100000],  sp=0x000000050e0feea0,  free space=1019k
Native frames: (J=compiled Java code, j=interpreted, Vv=VM code, C=native code)
V  [jvm.dll+0x4479d2]
C  [glass.dll+0x50fc]

Java frames: (J=compiled Java code, j=interpreted, Vv=VM code)
j  com.sun.glass.ui.win.WinApplication._runLoop(Ljava/lang/Runnable;)V+0 javafx.graphics@21.0.3
j  com.sun.glass.ui.win.WinApplication.lambda$runLoop$3(ILjava/lang/Runnable;)V+8 javafx.graphics@21.0.3
j  com.sun.glass.ui.win.WinApplication$$Lambda+0x0000017eaf032248.run()V+12 javafx.graphics@21.0.3
j  java.lang.Thread.runWith(Ljava/lang/Object;Ljava/lang/Runnable;)V+5 java.base@21.0.1
j  java.lang.Thread.run()V+19 java.base@21.0.1
v  ~StubRoutines::call_stub 0x0000017e9d7a100d

siginfo: EXCEPTION_ACCESS_VIOLATION (0xc0000005), reading address 0x0000000000000000


Registers:
RAX=0x0000000000000000, RBX=0x0000017ef3738010, RCX=0x0000017ef37383c8, RDX=0x000000050e0ff088
RSP=0x000000050e0feea0, RBP=0x000000050e0fefa8, RSI=0x0000000000000000, RDI=0x0000017ef37383c8
R8 =0x0000000000000000, R9 =0x000000050e0fefa8, R10=0x0000000000000000, R11=0x0000000000000246
R12=0x0000000000000000, R13=0x0000017eef4f5370, R14=0x000000050e0ff088, R15=0x0000017ef3738010
RIP=0x00007ff8ddc679d2, EFLAGS=0x0000000000010246


Register to memory mapping:

RAX=0x0 is null
RBX=0x0000017ef3738010 is a thread
RCX=0x0000017ef37383c8 points into unknown readable memory: 0x00007ff8de3dc600 | 00 c6 3d de f8 7f 00 00
RDX=0x000000050e0ff088 is pointing into the stack for thread: 0x0000017ef3738010
RSP=0x000000050e0feea0 is pointing into the stack for thread: 0x0000017ef3738010
RBP=0x000000050e0fefa8 is pointing into the stack for thread: 0x0000017ef3738010
RSI=0x0 is null
RDI=0x0000017ef37383c8 points into unknown readable memory: 0x00007ff8de3dc600 | 00 c6 3d de f8 7f 00 00
R8 =0x0 is null
R9 =0x000000050e0fefa8 is pointing into the stack for thread: 0x0000017ef3738010
R10=0x0 is null
R11=0x0000000000000246 is an unknown value
R12=0x0 is null
R13={method} {0x0000017eef4f5378} '_runLoop' '(Ljava/lang/Runnable;)V' in 'com/sun/glass/ui/win/WinApplication'
R14=0x000000050e0ff088 is pointing into the stack for thread: 0x0000017ef3738010
R15=0x0000017ef3738010 is a thread

Top of Stack: (sp=0x000000050e0feea0)
0x000000050e0feea0:   0000000000000006 00007ff8dde8f18c
0x000000050e0feeb0:   0000017e00000000 000000050e0feec8
0x000000050e0feec0:   00002642ee8e0eb2 0000000000320030
0x000000050e0feed0:   00007ff9413e1f00 00007ff93ef90e81
0x000000050e0feee0:   000000050e0fef98 0000000000000000
0x000000050e0feef0:   0000017ef3738010 0000000000000000
0x000000050e0fef00:   0000000000000000 00007ff9414072f0
0x000000050e0fef10:   0000017ef33763f0 00007ff93f87548f
0x000000050e0fef20:   0000000000180016 00007ff9413e1e58
0x000000050e0fef30:   000000050e0fef20 0000000000000000
0x000000050e0fef40:   0000017ef3738010 000000050e0ff090
0x000000050e0fef50:   0000017ef37383c8 00007ff9210450fc
0x000000050e0fef60:   0000000000000000 000000050e0ff068
0x000000050e0fef70:   000000050e0ff088 0000017ef37383c8
0x000000050e0fef80:   000000050e0ff088 00007ff92104a936
0x000000050e0fef90:   0000017eef4f5370 0000000500000000
0x000000050e0fefa0:   0000000000000000 0000000000000000
0x000000050e0fefb0:   0000017e9d7a8924 0000017e9d7acc7c
0x000000050e0fefc0:   0000017eef4f5370 0000017eef4f5370
0x000000050e0fefd0:   0000017eef4f5370 000000050e0ff090
0x000000050e0fefe0:   0000017e9d7a8924 0000017e9d7ace0b
0x000000050e0feff0:   0000017eef4f5370 000000050e0ff6c0
0x000000050e0ff000:   3ff0000000000000 0000017ef3738010
0x000000050e0ff010:   000000050e0ff6c0 0000017e9d7aca9f
0x000000050e0ff020:   000000050e0ff020 0000017eef4f5370
0x000000050e0ff030:   0000000000000005 0000017eef51e6a8
0x000000050e0ff040:   0000000000000000 00000007109c6558
0x000000050e0ff050:   0000017eef4f5370 0000000000000000
0x000000050e0ff060:   000000050e0ff088 000000050e0ff0e0
0x000000050e0ff070:   0000017e9d7a8846 0000000000000000
0x000000050e0ff080:   0000017e9d7aa397 00000007107183f0
0x000000050e0ff090:   000000071070e690 000000050e0ff098 

Instructions: (pc=0x00007ff8ddc679d2)
0x00007ff8ddc678d2:   48 8b 4b 08 48 8b 43 18 48 89 41 18 48 8b 4b 08
0x00007ff8ddc678e2:   48 8b 43 20 48 89 41 20 48 8d 8f 98 03 00 00 e8
0x00007ff8ddc678f2:   fa f3 ec ff 90 c7 87 4c 04 00 00 04 00 00 00 48
0x00007ff8ddc67902:   81 c4 b8 00 00 00 41 5f 41 5e 5f 5e 5d 5b c3 cc
0x00007ff8ddc67912:   cc cc cc cc cc cc cc cc cc cc cc cc cc cc 48 89
0x00007ff8ddc67922:   5c 24 08 48 89 6c 24 10 48 89 74 24 18 57 41 56
0x00007ff8ddc67932:   41 57 48 81 ec a0 00 00 00 8b 81 b8 00 00 00 48
0x00007ff8ddc67942:   8d 99 48 fc ff ff 05 53 21 ff ff 49 8b e9 49 8b
0x00007ff8ddc67952:   f0 4c 8b f2 48 8b f9 83 f8 01 77 08 48 8b cb e8
0x00007ff8ddc67962:   ea 42 fa ff 80 3d f4 ab 7d 00 00 c7 83 4c 04 00
0x00007ff8ddc67972:   00 06 00 00 00 75 06 e8 42 23 27 00 90 48 8b 83
0x00007ff8ddc67982:   50 04 00 00 a8 01 74 0d 45 33 c0 b2 01 48 8b cb
0x00007ff8ddc67992:   e8 49 1f 2e 00 8b 83 48 04 00 00 a8 0c 74 08 48
0x00007ff8ddc679a2:   8b cb e8 57 58 fa ff c7 83 4c 04 00 00 06 00 00
0x00007ff8ddc679b2:   00 48 83 7b 08 00 48 89 5c 24 50 48 c7 44 24 58
0x00007ff8ddc679c2:   00 00 00 00 74 0a 48 8d 4c 24 50 e8 0e e9 2a 00
0x00007ff8ddc679d2:   48 8b 16 48 8d 4c 24 70 c7 44 24 40 0e 00 00 00
0x00007ff8ddc679e2:   e8 39 74 00 00 48 8d 44 24 70 48 89 5c 24 30 48
0x00007ff8ddc679f2:   89 44 24 28 4c 8d 3d c3 24 5a 00 41 b9 01 00 00
0x00007ff8ddc67a02:   00 48 89 74 24 20 4d 8b c6 4c 89 7c 24 70 48 8d
0x00007ff8ddc67a12:   54 24 40 48 89 ac 24 98 00 00 00 48 8b cf e8 8b
0x00007ff8ddc67a22:   81 00 00 48 83 7c 24 58 00 4c 89 7c 24 70 48 c7
0x00007ff8ddc67a32:   84 24 98 00 00 00 00 00 00 00 74 0a 48 8d 4c 24
0x00007ff8ddc67a42:   50 e8 18 e9 2a 00 48 8b bb 98 01 00 00 48 8b 47
0x00007ff8ddc67a52:   10 48 83 38 00 74 08 48 8b cf e8 df 6f f5 ff 48
0x00007ff8ddc67a62:   8b 4f 08 48 8b 47 10 48 89 41 10 48 8b 4f 08 48
0x00007ff8ddc67a72:   8b 47 18 48 89 41 18 48 8b 4f 08 48 8b 47 20 48
0x00007ff8ddc67a82:   89 41 20 48 8d 8b 98 03 00 00 e8 5f f2 ec ff 4c
0x00007ff8ddc67a92:   8d 9c 24 a0 00 00 00 90 49 8b 6b 28 49 8b 73 30
0x00007ff8ddc67aa2:   c7 83 4c 04 00 00 04 00 00 00 49 8b 5b 20 49 8b
0x00007ff8ddc67ab2:   e3 41 5f 41 5e 5f c3 cc cc cc cc cc cc cc 48 89
0x00007ff8ddc67ac2:   5c 24 08 48 89 6c 24 10 48 89 74 24 18 48 89 7c 


Stack slot to memory mapping:

stack at sp + 0 slots: 0x0000000000000006 is an unknown value
stack at sp + 1 slots: 0x00007ff8dde8f18c jvm.dll
stack at sp + 2 slots: 0x0000017e00000000 is an unknown value
stack at sp + 3 slots: 0x000000050e0feec8 is pointing into the stack for thread: 0x0000017ef3738010
stack at sp + 4 slots: 0x00002642ee8e0eb2 is an unknown value
stack at sp + 5 slots: 0x0000000000320030 is an unknown value
stack at sp + 6 slots: 0x00007ff9413e1f00 ole32.dll
stack at sp + 7 slots: 0x00007ff93ef90e81 KERNELBASE.dll


---------------  P R O C E S S  ---------------

Threads class SMR info:
_java_thread_list=0x0000017ef3586f10, length=16, elements={
0x0000017e8de1f880, 0x0000017ead3e9590, 0x0000017ead3ea4b0, 0x0000017ead3ee7c0,
0x0000017ead3f27d0, 0x0000017ead3f7240, 0x0000017ead3f7ca0, 0x0000017ead405dd0,
0x0000017ead3f8700, 0x0000017ead60a290, 0x0000017ead753340, 0x0000017ead6bc400,
0x0000017ef30f6760, 0x0000017ef36da030, 0x0000017ef3297c40, 0x0000017ef3738010
}

Java Threads: ( => current thread )
  0x0000017e8de1f880 JavaThread "main"                              [_thread_blocked, id=2312, stack(0x000000050c900000,0x000000050ca00000) (1024K)]
  0x0000017ead3e9590 JavaThread "Reference Handler"          daemon [_thread_blocked, id=11912, stack(0x000000050d100000,0x000000050d200000) (1024K)]
  0x0000017ead3ea4b0 JavaThread "Finalizer"                  daemon [_thread_blocked, id=12836, stack(0x000000050d200000,0x000000050d300000) (1024K)]
  0x0000017ead3ee7c0 JavaThread "Signal Dispatcher"          daemon [_thread_blocked, id=10552, stack(0x000000050d300000,0x000000050d400000) (1024K)]
  0x0000017ead3f27d0 JavaThread "Attach Listener"            daemon [_thread_blocked, id=7976, stack(0x000000050d400000,0x000000050d500000) (1024K)]
  0x0000017ead3f7240 JavaThread "Service Thread"             daemon [_thread_blocked, id=6600, stack(0x000000050d500000,0x000000050d600000) (1024K)]
  0x0000017ead3f7ca0 JavaThread "Monitor Deflation Thread"   daemon [_thread_blocked, id=14260, stack(0x000000050d600000,0x000000050d700000) (1024K)]
  0x0000017ead405dd0 JavaThread "C2 CompilerThread0"         daemon [_thread_blocked, id=5608, stack(0x000000050d700000,0x000000050d800000) (1024K)]
  0x0000017ead3f8700 JavaThread "C1 CompilerThread0"         daemon [_thread_blocked, id=11204, stack(0x000000050d800000,0x000000050d900000) (1024K)]
  0x0000017ead60a290 JavaThread "Common-Cleaner"             daemon [_thread_blocked, id=1580, stack(0x000000050d900000,0x000000050da00000) (1024K)]
  0x0000017ead753340 JavaThread "C2 CompilerThread1"         daemon [_thread_blocked, id=11376, stack(0x000000050da00000,0x000000050db00000) (1024K)]
  0x0000017ead6bc400 JavaThread "C2 CompilerThread2"         daemon [_thread_blocked, id=1892, stack(0x000000050db00000,0x000000050dc00000) (1024K)]
  0x0000017ef30f6760 JavaThread "Notification Thread"        daemon [_thread_blocked, id=8832, stack(0x000000050dc00000,0x000000050dd00000) (1024K)]
  0x0000017ef36da030 JavaThread "QuantumRenderer-0"          daemon [_thread_blocked, id=7280, stack(0x000000050dd00000,0x000000050de00000) (1024K)]
  0x0000017ef3297c40 JavaThread "InvokeLaterDispatcher"      daemon [_thread_blocked, id=14016, stack(0x000000050df00000,0x000000050e000000) (1024K)]
=>0x0000017ef3738010 JavaThread "WindowsNativeRunloopThread"        [_thread_in_vm, id=14332, stack(0x000000050e000000,0x000000050e100000) (1024K)]
Total: 16

Other Threads:
  0x0000017ead3c9090 VMThread "VM Thread"                           [id=15408, stack(0x000000050d000000,0x000000050d100000) (1024K)]
  0x0000017ead3b1350 WatcherThread "VM Periodic Task Thread"        [id=14504, stack(0x000000050cf00000,0x000000050d000000) (1024K)]
  0x0000017e8de832b0 WorkerThread "GC Thread#0"                     [id=9332, stack(0x000000050ca00000,0x000000050cb00000) (1024K)]
  0x0000017e8de95ab0 ConcurrentGCThread "G1 Main Marker"            [id=7512, stack(0x000000050cb00000,0x000000050cc00000) (1024K)]
  0x0000017e8de96d50 WorkerThread "G1 Conc#0"                       [id=13276, stack(0x000000050cc00000,0x000000050cd00000) (1024K)]
  0x0000017e8dedea80 ConcurrentGCThread "G1 Refine#0"               [id=10984, stack(0x000000050cd00000,0x000000050ce00000) (1024K)]
  0x0000017ead2827e0 ConcurrentGCThread "G1 Service"                [id=14468, stack(0x000000050ce00000,0x000000050cf00000) (1024K)]
Total: 7

Threads with active compile tasks:
Total: 0

VM state: not at safepoint (normal execution)

VM Mutex/Monitor currently owned by a thread: None

Heap address: 0x0000000701a00000, size: 4070 MB, Compressed Oops mode: Zero based, Oop shift amount: 3

CDS archive(s) mapped at: [0x0000017eae000000-0x0000017eaec90000-0x0000017eaec90000), size 13172736, SharedBaseAddress: 0x0000017eae000000, ArchiveRelocationMode: 1.
Compressed class space mapped at: 0x0000017eaf000000-0x0000017eef000000, reserved size: 1073741824
Narrow klass base: 0x0000017eae000000, Narrow klass shift: 0, Narrow klass range: 0x100000000

GC Precious Log:
 CardTable entry size: 512
 Card Set container configuration: InlinePtr #cards 4 size 8 Array Of Cards #cards 16 size 48 Howl #buckets 8 coarsen threshold 3686 Howl Bitmap #cards 512 size 80 coarsen threshold 460 Card regions per heap region 1 cards per card region 4096
 CPUs: 12 total, 12 available
 Memory: 16273M
 Large Page Support: Disabled
 NUMA Support: Disabled
 Compressed Oops: Enabled (Zero based)
 Heap Region Size: 2M
 Heap Min Capacity: 8M
 Heap Initial Capacity: 256M
 Heap Max Capacity: 4070M
 Pre-touch: Disabled
 Parallel Workers: 10
 Concurrent Workers: 3
 Concurrent Refinement Workers: 10
 Periodic GC: Disabled

Heap:
 garbage-first heap   total 262144K, used 18432K [0x0000000701a00000, 0x0000000800000000)
  region size 2048K, 10 young (20480K), 0 survivors (0K)
 Metaspace       used 2865K, committed 3008K, reserved 1114112K
  class space    used 304K, committed 384K, reserved 1048576K

Heap Regions: E=young(eden), S=young(survivor), O=old, HS=humongous(starts), HC=humongous(continues), CS=collection set, F=free, TAMS=top-at-mark-start, PB=parsable bottom
|   0|0x0000000701a00000, 0x0000000701a00000, 0x0000000701c00000|  0%| F|  |TAMS 0x0000000701a00000| PB 0x0000000701a00000| Untracked 
|   1|0x0000000701c00000, 0x0000000701c00000, 0x0000000701e00000|  0%| F|  |TAMS 0x0000000701c00000| PB 0x0000000701c00000| Untracked 
|   2|0x0000000701e00000, 0x0000000701e00000, 0x0000000702000000|  0%| F|  |TAMS 0x0000000701e00000| PB 0x0000000701e00000| Untracked 
|   3|0x0000000702000000, 0x0000000702000000, 0x0000000702200000|  0%| F|  |TAMS 0x0000000702000000| PB 0x0000000702000000| Untracked 
|   4|0x0000000702200000, 0x0000000702200000, 0x0000000702400000|  0%| F|  |TAMS 0x0000000702200000| PB 0x0000000702200000| Untracked 
|   5|0x0000000702400000, 0x0000000702400000, 0x0000000702600000|  0%| F|  |TAMS 0x0000000702400000| PB 0x0000000702400000| Untracked 
|   6|0x0000000702600000, 0x0000000702600000, 0x0000000702800000|  0%| F|  |TAMS 0x0000000702600000| PB 0x0000000702600000| Untracked 
|   7|0x0000000702800000, 0x0000000702800000, 0x0000000702a00000|  0%| F|  |TAMS 0x0000000702800000| PB 0x0000000702800000| Untracked 
|   8|0x0000000702a00000, 0x0000000702a00000, 0x0000000702c00000|  0%| F|  |TAMS 0x0000000702a00000| PB 0x0000000702a00000| Untracked 
|   9|0x0000000702c00000, 0x0000000702c00000, 0x0000000702e00000|  0%| F|  |TAMS 0x0000000702c00000| PB 0x0000000702c00000| Untracked 
|  10|0x0000000702e00000, 0x0000000702e00000, 0x0000000703000000|  0%| F|  |TAMS 0x0000000702e00000| PB 0x0000000702e00000| Untracked 
|  11|0x0000000703000000, 0x0000000703000000, 0x0000000703200000|  0%| F|  |TAMS 0x0000000703000000| PB 0x0000000703000000| Untracked 
|  12|0x0000000703200000, 0x0000000703200000, 0x0000000703400000|  0%| F|  |TAMS 0x0000000703200000| PB 0x0000000703200000| Untracked 
|  13|0x0000000703400000, 0x0000000703400000, 0x0000000703600000|  0%| F|  |TAMS 0x0000000703400000| PB 0x0000000703400000| Untracked 
|  14|0x0000000703600000, 0x0000000703600000, 0x0000000703800000|  0%| F|  |TAMS 0x0000000703600000| PB 0x0000000703600000| Untracked 
|  15|0x0000000703800000, 0x0000000703800000, 0x0000000703a00000|  0%| F|  |TAMS 0x0000000703800000| PB 0x0000000703800000| Untracked 
|  16|0x0000000703a00000, 0x0000000703a00000, 0x0000000703c00000|  0%| F|  |TAMS 0x0000000703a00000| PB 0x0000000703a00000| Untracked 
|  17|0x0000000703c00000, 0x0000000703c00000, 0x0000000703e00000|  0%| F|  |TAMS 0x0000000703c00000| PB 0x0000000703c00000| Untracked 
|  18|0x0000000703e00000, 0x0000000703e00000, 0x0000000704000000|  0%| F|  |TAMS 0x0000000703e00000| PB 0x0000000703e00000| Untracked 
|  19|0x0000000704000000, 0x0000000704000000, 0x0000000704200000|  0%| F|  |TAMS 0x0000000704000000| PB 0x0000000704000000| Untracked 
|  20|0x0000000704200000, 0x0000000704200000, 0x0000000704400000|  0%| F|  |TAMS 0x0000000704200000| PB 0x0000000704200000| Untracked 
|  21|0x0000000704400000, 0x0000000704400000, 0x0000000704600000|  0%| F|  |TAMS 0x0000000704400000| PB 0x0000000704400000| Untracked 
|  22|0x0000000704600000, 0x0000000704600000, 0x0000000704800000|  0%| F|  |TAMS 0x0000000704600000| PB 0x0000000704600000| Untracked 
|  23|0x0000000704800000, 0x0000000704800000, 0x0000000704a00000|  0%| F|  |TAMS 0x0000000704800000| PB 0x0000000704800000| Untracked 
|  24|0x0000000704a00000, 0x0000000704a00000, 0x0000000704c00000|  0%| F|  |TAMS 0x0000000704a00000| PB 0x0000000704a00000| Untracked 
|  25|0x0000000704c00000, 0x0000000704c00000, 0x0000000704e00000|  0%| F|  |TAMS 0x0000000704c00000| PB 0x0000000704c00000| Untracked 
|  26|0x0000000704e00000, 0x0000000704e00000, 0x0000000705000000|  0%| F|  |TAMS 0x0000000704e00000| PB 0x0000000704e00000| Untracked 
|  27|0x0000000705000000, 0x0000000705000000, 0x0000000705200000|  0%| F|  |TAMS 0x0000000705000000| PB 0x0000000705000000| Untracked 
|  28|0x0000000705200000, 0x0000000705200000, 0x0000000705400000|  0%| F|  |TAMS 0x0000000705200000| PB 0x0000000705200000| Untracked 
|  29|0x0000000705400000, 0x0000000705400000, 0x0000000705600000|  0%| F|  |TAMS 0x0000000705400000| PB 0x0000000705400000| Untracked 
|  30|0x0000000705600000, 0x0000000705600000, 0x0000000705800000|  0%| F|  |TAMS 0x0000000705600000| PB 0x0000000705600000| Untracked 
|  31|0x0000000705800000, 0x0000000705800000, 0x0000000705a00000|  0%| F|  |TAMS 0x0000000705800000| PB 0x0000000705800000| Untracked 
|  32|0x0000000705a00000, 0x0000000705a00000, 0x0000000705c00000|  0%| F|  |TAMS 0x0000000705a00000| PB 0x0000000705a00000| Untracked 
|  33|0x0000000705c00000, 0x0000000705c00000, 0x0000000705e00000|  0%| F|  |TAMS 0x0000000705c00000| PB 0x0000000705c00000| Untracked 
|  34|0x0000000705e00000, 0x0000000705e00000, 0x0000000706000000|  0%| F|  |TAMS 0x0000000705e00000| PB 0x0000000705e00000| Untracked 
|  35|0x0000000706000000, 0x0000000706000000, 0x0000000706200000|  0%| F|  |TAMS 0x0000000706000000| PB 0x0000000706000000| Untracked 
|  36|0x0000000706200000, 0x0000000706200000, 0x0000000706400000|  0%| F|  |TAMS 0x0000000706200000| PB 0x0000000706200000| Untracked 
|  37|0x0000000706400000, 0x0000000706400000, 0x0000000706600000|  0%| F|  |TAMS 0x0000000706400000| PB 0x0000000706400000| Untracked 
|  38|0x0000000706600000, 0x0000000706600000, 0x0000000706800000|  0%| F|  |TAMS 0x0000000706600000| PB 0x0000000706600000| Untracked 
|  39|0x0000000706800000, 0x0000000706800000, 0x0000000706a00000|  0%| F|  |TAMS 0x0000000706800000| PB 0x0000000706800000| Untracked 
|  40|0x0000000706a00000, 0x0000000706a00000, 0x0000000706c00000|  0%| F|  |TAMS 0x0000000706a00000| PB 0x0000000706a00000| Untracked 
|  41|0x0000000706c00000, 0x0000000706c00000, 0x0000000706e00000|  0%| F|  |TAMS 0x0000000706c00000| PB 0x0000000706c00000| Untracked 
|  42|0x0000000706e00000, 0x0000000706e00000, 0x0000000707000000|  0%| F|  |TAMS 0x0000000706e00000| PB 0x0000000706e00000| Untracked 
|  43|0x0000000707000000, 0x0000000707000000, 0x0000000707200000|  0%| F|  |TAMS 0x0000000707000000| PB 0x0000000707000000| Untracked 
|  44|0x0000000707200000, 0x0000000707200000, 0x0000000707400000|  0%| F|  |TAMS 0x0000000707200000| PB 0x0000000707200000| Untracked 
|  45|0x0000000707400000, 0x0000000707400000, 0x0000000707600000|  0%| F|  |TAMS 0x0000000707400000| PB 0x0000000707400000| Untracked 
|  46|0x0000000707600000, 0x0000000707600000, 0x0000000707800000|  0%| F|  |TAMS 0x0000000707600000| PB 0x0000000707600000| Untracked 
|  47|0x0000000707800000, 0x0000000707800000, 0x0000000707a00000|  0%| F|  |TAMS 0x0000000707800000| PB 0x0000000707800000| Untracked 
|  48|0x0000000707a00000, 0x0000000707a00000, 0x0000000707c00000|  0%| F|  |TAMS 0x0000000707a00000| PB 0x0000000707a00000| Untracked 
|  49|0x0000000707c00000, 0x0000000707c00000, 0x0000000707e00000|  0%| F|  |TAMS 0x0000000707c00000| PB 0x0000000707c00000| Untracked 
|  50|0x0000000707e00000, 0x0000000707e00000, 0x0000000708000000|  0%| F|  |TAMS 0x0000000707e00000| PB 0x0000000707e00000| Untracked 
|  51|0x0000000708000000, 0x0000000708000000, 0x0000000708200000|  0%| F|  |TAMS 0x0000000708000000| PB 0x0000000708000000| Untracked 
|  52|0x0000000708200000, 0x0000000708200000, 0x0000000708400000|  0%| F|  |TAMS 0x0000000708200000| PB 0x0000000708200000| Untracked 
|  53|0x0000000708400000, 0x0000000708400000, 0x0000000708600000|  0%| F|  |TAMS 0x0000000708400000| PB 0x0000000708400000| Untracked 
|  54|0x0000000708600000, 0x0000000708600000, 0x0000000708800000|  0%| F|  |TAMS 0x0000000708600000| PB 0x0000000708600000| Untracked 
|  55|0x0000000708800000, 0x0000000708800000, 0x0000000708a00000|  0%| F|  |TAMS 0x0000000708800000| PB 0x0000000708800000| Untracked 
|  56|0x0000000708a00000, 0x0000000708a00000, 0x0000000708c00000|  0%| F|  |TAMS 0x0000000708a00000| PB 0x0000000708a00000| Untracked 
|  57|0x0000000708c00000, 0x0000000708c00000, 0x0000000708e00000|  0%| F|  |TAMS 0x0000000708c00000| PB 0x0000000708c00000| Untracked 
|  58|0x0000000708e00000, 0x0000000708e00000, 0x0000000709000000|  0%| F|  |TAMS 0x0000000708e00000| PB 0x0000000708e00000| Untracked 
|  59|0x0000000709000000, 0x0000000709000000, 0x0000000709200000|  0%| F|  |TAMS 0x0000000709000000| PB 0x0000000709000000| Untracked 
|  60|0x0000000709200000, 0x0000000709200000, 0x0000000709400000|  0%| F|  |TAMS 0x0000000709200000| PB 0x0000000709200000| Untracked 
|  61|0x0000000709400000, 0x0000000709400000, 0x0000000709600000|  0%| F|  |TAMS 0x0000000709400000| PB 0x0000000709400000| Untracked 
|  62|0x0000000709600000, 0x0000000709600000, 0x0000000709800000|  0%| F|  |TAMS 0x0000000709600000| PB 0x0000000709600000| Untracked 
|  63|0x0000000709800000, 0x0000000709800000, 0x0000000709a00000|  0%| F|  |TAMS 0x0000000709800000| PB 0x0000000709800000| Untracked 
|  64|0x0000000709a00000, 0x0000000709a00000, 0x0000000709c00000|  0%| F|  |TAMS 0x0000000709a00000| PB 0x0000000709a00000| Untracked 
|  65|0x0000000709c00000, 0x0000000709c00000, 0x0000000709e00000|  0%| F|  |TAMS 0x0000000709c00000| PB 0x0000000709c00000| Untracked 
|  66|0x0000000709e00000, 0x0000000709e00000, 0x000000070a000000|  0%| F|  |TAMS 0x0000000709e00000| PB 0x0000000709e00000| Untracked 
|  67|0x000000070a000000, 0x000000070a000000, 0x000000070a200000|  0%| F|  |TAMS 0x000000070a000000| PB 0x000000070a000000| Untracked 
|  68|0x000000070a200000, 0x000000070a200000, 0x000000070a400000|  0%| F|  |TAMS 0x000000070a200000| PB 0x000000070a200000| Untracked 
|  69|0x000000070a400000, 0x000000070a400000, 0x000000070a600000|  0%| F|  |TAMS 0x000000070a400000| PB 0x000000070a400000| Untracked 
|  70|0x000000070a600000, 0x000000070a600000, 0x000000070a800000|  0%| F|  |TAMS 0x000000070a600000| PB 0x000000070a600000| Untracked 
|  71|0x000000070a800000, 0x000000070a800000, 0x000000070aa00000|  0%| F|  |TAMS 0x000000070a800000| PB 0x000000070a800000| Untracked 
|  72|0x000000070aa00000, 0x000000070aa00000, 0x000000070ac00000|  0%| F|  |TAMS 0x000000070aa00000| PB 0x000000070aa00000| Untracked 
|  73|0x000000070ac00000, 0x000000070ac00000, 0x000000070ae00000|  0%| F|  |TAMS 0x000000070ac00000| PB 0x000000070ac00000| Untracked 
|  74|0x000000070ae00000, 0x000000070ae00000, 0x000000070b000000|  0%| F|  |TAMS 0x000000070ae00000| PB 0x000000070ae00000| Untracked 
|  75|0x000000070b000000, 0x000000070b000000, 0x000000070b200000|  0%| F|  |TAMS 0x000000070b000000| PB 0x000000070b000000| Untracked 
|  76|0x000000070b200000, 0x000000070b200000, 0x000000070b400000|  0%| F|  |TAMS 0x000000070b200000| PB 0x000000070b200000| Untracked 
|  77|0x000000070b400000, 0x000000070b400000, 0x000000070b600000|  0%| F|  |TAMS 0x000000070b400000| PB 0x000000070b400000| Untracked 
|  78|0x000000070b600000, 0x000000070b600000, 0x000000070b800000|  0%| F|  |TAMS 0x000000070b600000| PB 0x000000070b600000| Untracked 
|  79|0x000000070b800000, 0x000000070b800000, 0x000000070ba00000|  0%| F|  |TAMS 0x000000070b800000| PB 0x000000070b800000| Untracked 
|  80|0x000000070ba00000, 0x000000070ba00000, 0x000000070bc00000|  0%| F|  |TAMS 0x000000070ba00000| PB 0x000000070ba00000| Untracked 
|  81|0x000000070bc00000, 0x000000070bc00000, 0x000000070be00000|  0%| F|  |TAMS 0x000000070bc00000| PB 0x000000070bc00000| Untracked 
|  82|0x000000070be00000, 0x000000070be00000, 0x000000070c000000|  0%| F|  |TAMS 0x000000070be00000| PB 0x000000070be00000| Untracked 
|  83|0x000000070c000000, 0x000000070c000000, 0x000000070c200000|  0%| F|  |TAMS 0x000000070c000000| PB 0x000000070c000000| Untracked 
|  84|0x000000070c200000, 0x000000070c200000, 0x000000070c400000|  0%| F|  |TAMS 0x000000070c200000| PB 0x000000070c200000| Untracked 
|  85|0x000000070c400000, 0x000000070c400000, 0x000000070c600000|  0%| F|  |TAMS 0x000000070c400000| PB 0x000000070c400000| Untracked 
|  86|0x000000070c600000, 0x000000070c600000, 0x000000070c800000|  0%| F|  |TAMS 0x000000070c600000| PB 0x000000070c600000| Untracked 
|  87|0x000000070c800000, 0x000000070c800000, 0x000000070ca00000|  0%| F|  |TAMS 0x000000070c800000| PB 0x000000070c800000| Untracked 
|  88|0x000000070ca00000, 0x000000070ca00000, 0x000000070cc00000|  0%| F|  |TAMS 0x000000070ca00000| PB 0x000000070ca00000| Untracked 
|  89|0x000000070cc00000, 0x000000070cc00000, 0x000000070ce00000|  0%| F|  |TAMS 0x000000070cc00000| PB 0x000000070cc00000| Untracked 
|  90|0x000000070ce00000, 0x000000070ce00000, 0x000000070d000000|  0%| F|  |TAMS 0x000000070ce00000| PB 0x000000070ce00000| Untracked 
|  91|0x000000070d000000, 0x000000070d000000, 0x000000070d200000|  0%| F|  |TAMS 0x000000070d000000| PB 0x000000070d000000| Untracked 
|  92|0x000000070d200000, 0x000000070d200000, 0x000000070d400000|  0%| F|  |TAMS 0x000000070d200000| PB 0x000000070d200000| Untracked 
|  93|0x000000070d400000, 0x000000070d400000, 0x000000070d600000|  0%| F|  |TAMS 0x000000070d400000| PB 0x000000070d400000| Untracked 
|  94|0x000000070d600000, 0x000000070d600000, 0x000000070d800000|  0%| F|  |TAMS 0x000000070d600000| PB 0x000000070d600000| Untracked 
|  95|0x000000070d800000, 0x000000070d800000, 0x000000070da00000|  0%| F|  |TAMS 0x000000070d800000| PB 0x000000070d800000| Untracked 
|  96|0x000000070da00000, 0x000000070da00000, 0x000000070dc00000|  0%| F|  |TAMS 0x000000070da00000| PB 0x000000070da00000| Untracked 
|  97|0x000000070dc00000, 0x000000070dc00000, 0x000000070de00000|  0%| F|  |TAMS 0x000000070dc00000| PB 0x000000070dc00000| Untracked 
|  98|0x000000070de00000, 0x000000070de00000, 0x000000070e000000|  0%| F|  |TAMS 0x000000070de00000| PB 0x000000070de00000| Untracked 
|  99|0x000000070e000000, 0x000000070e000000, 0x000000070e200000|  0%| F|  |TAMS 0x000000070e000000| PB 0x000000070e000000| Untracked 
| 100|0x000000070e200000, 0x000000070e200000, 0x000000070e400000|  0%| F|  |TAMS 0x000000070e200000| PB 0x000000070e200000| Untracked 
| 101|0x000000070e400000, 0x000000070e400000, 0x000000070e600000|  0%| F|  |TAMS 0x000000070e400000| PB 0x000000070e400000| Untracked 
| 102|0x000000070e600000, 0x000000070e600000, 0x000000070e800000|  0%| F|  |TAMS 0x000000070e600000| PB 0x000000070e600000| Untracked 
| 103|0x000000070e800000, 0x000000070e800000, 0x000000070ea00000|  0%| F|  |TAMS 0x000000070e800000| PB 0x000000070e800000| Untracked 
| 104|0x000000070ea00000, 0x000000070ea00000, 0x000000070ec00000|  0%| F|  |TAMS 0x000000070ea00000| PB 0x000000070ea00000| Untracked 
| 105|0x000000070ec00000, 0x000000070ec00000, 0x000000070ee00000|  0%| F|  |TAMS 0x000000070ec00000| PB 0x000000070ec00000| Untracked 
| 106|0x000000070ee00000, 0x000000070ee00000, 0x000000070f000000|  0%| F|  |TAMS 0x000000070ee00000| PB 0x000000070ee00000| Untracked 
| 107|0x000000070f000000, 0x000000070f000000, 0x000000070f200000|  0%| F|  |TAMS 0x000000070f000000| PB 0x000000070f000000| Untracked 
| 108|0x000000070f200000, 0x000000070f200000, 0x000000070f400000|  0%| F|  |TAMS 0x000000070f200000| PB 0x000000070f200000| Untracked 
| 109|0x000000070f400000, 0x000000070f400000, 0x000000070f600000|  0%| F|  |TAMS 0x000000070f400000| PB 0x000000070f400000| Untracked 
| 110|0x000000070f600000, 0x000000070f600000, 0x000000070f800000|  0%| F|  |TAMS 0x000000070f600000| PB 0x000000070f600000| Untracked 
| 111|0x000000070f800000, 0x000000070f800000, 0x000000070fa00000|  0%| F|  |TAMS 0x000000070f800000| PB 0x000000070f800000| Untracked 
| 112|0x000000070fa00000, 0x000000070fa00000, 0x000000070fc00000|  0%| F|  |TAMS 0x000000070fa00000| PB 0x000000070fa00000| Untracked 
| 113|0x000000070fc00000, 0x000000070fc00000, 0x000000070fe00000|  0%| F|  |TAMS 0x000000070fc00000| PB 0x000000070fc00000| Untracked 
| 114|0x000000070fe00000, 0x000000070fe00000, 0x0000000710000000|  0%| F|  |TAMS 0x000000070fe00000| PB 0x000000070fe00000| Untracked 
| 115|0x0000000710000000, 0x0000000710000000, 0x0000000710200000|  0%| F|  |TAMS 0x0000000710000000| PB 0x0000000710000000| Untracked 
| 116|0x0000000710200000, 0x0000000710200000, 0x0000000710400000|  0%| F|  |TAMS 0x0000000710200000| PB 0x0000000710200000| Untracked 
| 117|0x0000000710400000, 0x0000000710400000, 0x0000000710600000|  0%| F|  |TAMS 0x0000000710400000| PB 0x0000000710400000| Untracked 
| 118|0x0000000710600000, 0x0000000710800000, 0x0000000710800000|100%| E|  |TAMS 0x0000000710600000| PB 0x0000000710600000| Complete 
| 119|0x0000000710800000, 0x0000000710a00000, 0x0000000710a00000|100%| E|CS|TAMS 0x0000000710800000| PB 0x0000000710800000| Complete 
| 120|0x0000000710a00000, 0x0000000710c00000, 0x0000000710c00000|100%| E|CS|TAMS 0x0000000710a00000| PB 0x0000000710a00000| Complete 
| 121|0x0000000710c00000, 0x0000000710e00000, 0x0000000710e00000|100%| E|CS|TAMS 0x0000000710c00000| PB 0x0000000710c00000| Complete 
| 122|0x0000000710e00000, 0x0000000711000000, 0x0000000711000000|100%| E|CS|TAMS 0x0000000710e00000| PB 0x0000000710e00000| Complete 
| 123|0x0000000711000000, 0x0000000711200000, 0x0000000711200000|100%| E|CS|TAMS 0x0000000711000000| PB 0x0000000711000000| Complete 
| 124|0x0000000711200000, 0x0000000711400000, 0x0000000711400000|100%| E|CS|TAMS 0x0000000711200000| PB 0x0000000711200000| Complete 
| 125|0x0000000711400000, 0x0000000711600000, 0x0000000711600000|100%| E|CS|TAMS 0x0000000711400000| PB 0x0000000711400000| Complete 
| 126|0x0000000711600000, 0x0000000711800000, 0x0000000711800000|100%| E|CS|TAMS 0x0000000711600000| PB 0x0000000711600000| Complete 
| 127|0x0000000711800000, 0x0000000711a00000, 0x0000000711a00000|100%| E|CS|TAMS 0x0000000711800000| PB 0x0000000711800000| Complete 

Card table byte_map: [0x0000017ea5fd0000,0x0000017ea67d0000] _byte_map_base: 0x0000017ea27c3000

Marking Bits: (CMBitMap*) 0x0000017e8de841c0
 Bits: [0x0000017ea67d0000, 0x0000017eaa768000)

Polling page: 0x0000017e8bd60000

Metaspace:

Usage:
  Non-class:      2.50 MB used.
      Class:    304.52 KB used.
       Both:      2.80 MB used.

Virtual space:
  Non-class space:       64.00 MB reserved,       2.56 MB (  4%) committed,  1 nodes.
      Class space:        1.00 GB reserved,     384.00 KB ( <1%) committed,  1 nodes.
             Both:        1.06 GB reserved,       2.94 MB ( <1%) committed. 

Chunk freelists:
   Non-Class:  10.83 MB
       Class:  15.54 MB
        Both:  26.37 MB

MaxMetaspaceSize: unlimited
CompressedClassSpaceSize: 1.00 GB
Initial GC threshold: 21.00 MB
Current GC threshold: 21.00 MB
CDS: on
 - commit_granule_bytes: 65536.
 - commit_granule_words: 8192.
 - virtual_space_node_default_size: 8388608.
 - enlarge_chunks_in_place: 1.
 - use_allocation_guard: 0.


Internal statistics:

num_allocs_failed_limit: 0.
num_arena_births: 114.
num_arena_deaths: 0.
num_vsnodes_births: 2.
num_vsnodes_deaths: 0.
num_space_committed: 47.
num_space_uncommitted: 0.
num_chunks_returned_to_freelist: 0.
num_chunks_taken_from_freelist: 183.
num_chunk_merges: 0.
num_chunk_splits: 124.
num_chunks_enlarged: 78.
num_inconsistent_stats: 0.

CodeHeap 'non-profiled nmethods': size=120000Kb used=297Kb max_used=297Kb free=119702Kb
 bounds [0x0000017e9dd40000, 0x0000017e9dfb0000, 0x0000017ea5270000]
CodeHeap 'profiled nmethods': size=120000Kb used=1108Kb max_used=1108Kb free=118891Kb
 bounds [0x0000017e96270000, 0x0000017e964e0000, 0x0000017e9d7a0000]
CodeHeap 'non-nmethods': size=5760Kb used=1365Kb max_used=1379Kb free=4394Kb
 bounds [0x0000017e9d7a0000, 0x0000017e9da10000, 0x0000017e9dd40000]
 total_blobs=1244 nmethods=774 adapters=375
 compilation: enabled
              stopped_count=0, restarted_count=0
 full_count=0

Compilation events (20 events):
Event: 0.265 Thread 0x0000017ead3f8700  762       3       java.lang.ClassLoader::loadClass (7 bytes)
Event: 0.265 Thread 0x0000017ead3f8700 nmethod 762 0x0000017e96380890 code [0x0000017e96380a40, 0x0000017e96380c18]
Event: 0.265 Thread 0x0000017ead3f8700  763       3       jdk.internal.loader.ClassLoaders$AppClassLoader::loadClass (40 bytes)
Event: 0.266 Thread 0x0000017ead3f8700 nmethod 763 0x0000017e96380c90 code [0x0000017e96380e80, 0x0000017e96381298]
Event: 0.266 Thread 0x0000017ead3f8700  764       3       jdk.internal.org.objectweb.asm.MethodWriter::visitInsn (115 bytes)
Event: 0.266 Thread 0x0000017ead3f8700 nmethod 764 0x0000017e96381490 code [0x0000017e96381680, 0x0000017e96381ac8]
Event: 0.266 Thread 0x0000017ead6bc400  765       4       java.lang.invoke.MemberName::getReferenceKind (12 bytes)
Event: 0.266 Thread 0x0000017ead6bc400 nmethod 765 0x0000017e9dd88a10 code [0x0000017e9dd88ba0, 0x0000017e9dd88c30]
Event: 0.266 Thread 0x0000017ead3f8700  767       3       sun.invoke.util.Wrapper::forBasicType (103 bytes)
Event: 0.267 Thread 0x0000017ead3f8700 nmethod 767 0x0000017e96381c90 code [0x0000017e96381ea0, 0x0000017e963823c0]
Event: 0.267 Thread 0x0000017ead3f8700  769       3       java.lang.invoke.MethodType::toMethodDescriptorString (28 bytes)
Event: 0.267 Thread 0x0000017ead3f8700 nmethod 769 0x0000017e96382490 code [0x0000017e96382640, 0x0000017e96382838]
Event: 0.267 Thread 0x0000017ead3f8700  770       3       sun.invoke.util.BytecodeDescriptor::unparseSig (49 bytes)
Event: 0.267 Thread 0x0000017ead3f8700 nmethod 770 0x0000017e96382910 code [0x0000017e96382b40, 0x0000017e96382fc0]
Event: 0.267 Thread 0x0000017ead3f8700  773       3       jdk.internal.org.objectweb.asm.Type::getTypeInternal (218 bytes)
Event: 0.267 Thread 0x0000017ead3f8700 nmethod 773 0x0000017e96383210 code [0x0000017e96383560, 0x0000017e96384830]
Event: 0.267 Thread 0x0000017ead405dd0  776       4       java.lang.AbstractStringBuilder::ensureCapacityInternal (39 bytes)
Event: 0.267 Thread 0x0000017ead3f8700  775       3       java.lang.invoke.MemberName::isMethod (8 bytes)
Event: 0.267 Thread 0x0000017ead3f8700 nmethod 775 0x0000017e96384e10 code [0x0000017e96384fc0, 0x0000017e96385198]
Event: 0.269 Thread 0x0000017ead405dd0 nmethod 776 0x0000017e9dd89c10 code [0x0000017e9dd89dc0, 0x0000017e9dd8a2a0]

GC Heap History (0 events):
No events

Dll operation events (20 events):
Event: 0.182 Loaded shared library C:\Program Files\Java\jdk-21\bin\api-ms-win-crt-filesystem-l1-1-0.dll
Event: 0.183 Loaded shared library C:\Program Files\Java\jdk-21\bin\api-ms-win-crt-heap-l1-1-0.dll
Event: 0.183 Loaded shared library C:\Program Files\Java\jdk-21\bin\api-ms-win-crt-locale-l1-1-0.dll
Event: 0.184 Loaded shared library C:\Program Files\Java\jdk-21\bin\api-ms-win-crt-math-l1-1-0.dll
Event: 0.185 Loaded shared library C:\Program Files\Java\jdk-21\bin\api-ms-win-crt-multibyte-l1-1-0.dll
Event: 0.186 Loaded shared library C:\Program Files\Java\jdk-21\bin\api-ms-win-crt-private-l1-1-0.dll
Event: 0.186 Loaded shared library C:\Program Files\Java\jdk-21\bin\api-ms-win-crt-process-l1-1-0.dll
Event: 0.187 Loaded shared library C:\Program Files\Java\jdk-21\bin\api-ms-win-crt-runtime-l1-1-0.dll
Event: 0.188 Loaded shared library C:\Program Files\Java\jdk-21\bin\api-ms-win-crt-stdio-l1-1-0.dll
Event: 0.189 Loaded shared library C:\Program Files\Java\jdk-21\bin\api-ms-win-crt-string-l1-1-0.dll
Event: 0.190 Loaded shared library C:\Program Files\Java\jdk-21\bin\api-ms-win-crt-time-l1-1-0.dll
Event: 0.190 Loaded shared library C:\Program Files\Java\jdk-21\bin\api-ms-win-crt-utility-l1-1-0.dll
Event: 0.191 Loaded shared library C:\Program Files\Java\jdk-21\bin\ucrtbase.dll
Event: 0.192 Loaded shared library C:\Program Files\Java\jdk-21\bin\vcruntime140.dll
Event: 0.193 Loaded shared library C:\Program Files\Java\jdk-21\bin\vcruntime140_1.dll
Event: 0.193 Loaded shared library C:\Program Files\Java\jdk-21\bin\msvcp140.dll
Event: 0.194 Loaded shared library C:\Windows\System32\msvcp140_1.dll
Event: 0.195 Loaded shared library C:\Windows\System32\msvcp140_2.dll
Event: 0.217 Loaded shared library C:\java\javafx-sdk-22\bin\prism_d3d.dll
Event: 0.263 Loaded shared library C:\java\javafx-sdk-22\bin\glass.dll

Deoptimization events (20 events):
Event: 0.116 Thread 0x0000017e8de1f880 Uncommon trap: trap_request=0xffffff45 fr.pc=0x0000017e9dd56dd4 relative=0x0000000000000214
Event: 0.116 Thread 0x0000017e8de1f880 Uncommon trap: reason=unstable_if action=reinterpret pc=0x0000017e9dd56dd4 method=java.util.ImmutableCollections$SetN.probe(Ljava/lang/Object;)I @ 34 c2
Event: 0.116 Thread 0x0000017e8de1f880 DEOPT PACKING pc=0x0000017e9dd56dd4 sp=0x000000050c9fe950
Event: 0.116 Thread 0x0000017e8de1f880 DEOPT UNPACKING pc=0x0000017e9d7f46a2 sp=0x000000050c9fe8f0 mode 2
Event: 0.119 Thread 0x0000017e8de1f880 Uncommon trap: trap_request=0xffffff45 fr.pc=0x0000017e9dd53238 relative=0x0000000000000658
Event: 0.119 Thread 0x0000017e8de1f880 Uncommon trap: reason=unstable_if action=reinterpret pc=0x0000017e9dd53238 method=java.lang.StringLatin1.newString([BII)Ljava/lang/String; @ 1 c2
Event: 0.119 Thread 0x0000017e8de1f880 DEOPT PACKING pc=0x0000017e9dd53238 sp=0x000000050c9fe790
Event: 0.119 Thread 0x0000017e8de1f880 DEOPT UNPACKING pc=0x0000017e9d7f46a2 sp=0x000000050c9fe6f0 mode 2
Event: 0.123 Thread 0x0000017e8de1f880 Uncommon trap: trap_request=0xffffff45 fr.pc=0x0000017e9dd47d64 relative=0x00000000000000c4
Event: 0.123 Thread 0x0000017e8de1f880 Uncommon trap: reason=unstable_if action=reinterpret pc=0x0000017e9dd47d64 method=java.lang.String.isLatin1()Z @ 10 c2
Event: 0.123 Thread 0x0000017e8de1f880 DEOPT PACKING pc=0x0000017e9dd47d64 sp=0x000000050c9fec50
Event: 0.123 Thread 0x0000017e8de1f880 DEOPT UNPACKING pc=0x0000017e9d7f46a2 sp=0x000000050c9feb90 mode 2
Event: 0.157 Thread 0x0000017e8de1f880 Uncommon trap: trap_request=0xffffff45 fr.pc=0x0000017e9dd71d1c relative=0x0000000000001ddc
Event: 0.157 Thread 0x0000017e8de1f880 Uncommon trap: reason=unstable_if action=reinterpret pc=0x0000017e9dd71d1c method=jdk.internal.module.Checks.isJavaIdentifier(Ljava/lang/String;)Z @ 4 c2
Event: 0.157 Thread 0x0000017e8de1f880 DEOPT PACKING pc=0x0000017e9dd71d1c sp=0x000000050c9fe640
Event: 0.157 Thread 0x0000017e8de1f880 DEOPT UNPACKING pc=0x0000017e9d7f46a2 sp=0x000000050c9fe5a8 mode 2
Event: 0.158 Thread 0x0000017e8de1f880 Uncommon trap: trap_request=0xffffff45 fr.pc=0x0000017e9dd5f7d0 relative=0x0000000000000750
Event: 0.158 Thread 0x0000017e8de1f880 Uncommon trap: reason=unstable_if action=reinterpret pc=0x0000017e9dd5f7d0 method=jdk.internal.module.Checks.isJavaIdentifier(Ljava/lang/String;)Z @ 4 c2
Event: 0.158 Thread 0x0000017e8de1f880 DEOPT PACKING pc=0x0000017e9dd5f7d0 sp=0x000000050c9fe5f0
Event: 0.158 Thread 0x0000017e8de1f880 DEOPT UNPACKING pc=0x0000017e9d7f46a2 sp=0x000000050c9fe598 mode 2

Classes loaded (20 events):
Event: 0.260 Loading class java/lang/ProcessEnvironment$EntryComparator
Event: 0.260 Loading class java/lang/ProcessEnvironment$EntryComparator done
Event: 0.260 Loading class java/lang/ProcessEnvironment$CheckedEntrySet
Event: 0.260 Loading class java/lang/ProcessEnvironment$CheckedEntrySet done
Event: 0.260 Loading class java/lang/ProcessEnvironment$CheckedEntrySet$1
Event: 0.260 Loading class java/lang/ProcessEnvironment$CheckedEntrySet$1 done
Event: 0.260 Loading class java/lang/ProcessEnvironment$CheckedEntry
Event: 0.260 Loading class java/lang/ProcessEnvironment$CheckedEntry done
Event: 0.264 Loading class java/lang/Throwable$WrappedPrintStream
Event: 0.264 Loading class java/lang/Throwable$PrintStreamOrWriter
Event: 0.264 Loading class java/lang/Throwable$PrintStreamOrWriter done
Event: 0.264 Loading class java/lang/Throwable$WrappedPrintStream done
Event: 0.264 Loading class java/lang/StackTraceElement$HashedModules
Event: 0.264 Loading class java/lang/StackTraceElement$HashedModules done
Event: 0.265 Loading class java/util/concurrent/BlockingDeque
Event: 0.265 Loading class java/util/concurrent/BlockingDeque done
Event: 0.265 Loading class java/util/concurrent/LinkedBlockingDeque
Event: 0.266 Loading class java/util/concurrent/LinkedBlockingDeque done
Event: 0.268 Loading class java/lang/NumberFormatException
Event: 0.268 Loading class java/lang/NumberFormatException done

Classes unloaded (0 events):
No events

Classes redefined (0 events):
No events

Internal exceptions (14 events):
Event: 0.055 Thread 0x0000017e8de1f880 Exception <a 'java/lang/NoSuchMethodError'{0x000000071167ab60}: 'void java.lang.invoke.DirectMethodHandle$Holder.invokeVirtual(java.lang.Object, java.lang.Object)'> (0x000000071167ab60) 
thrown [s\open\src\hotspot\share\interpreter\linkResolver.cpp, line 773]
Event: 0.056 Thread 0x0000017e8de1f880 Exception <a 'java/lang/NoSuchMethodError'{0x0000000711685c70}: 'java.lang.Object java.lang.invoke.DirectMethodHandle$Holder.invokeInterface(java.lang.Object, java.lang.Object, java.lang.Object)'> (0x0000000711685c70) 
thrown [s\open\src\hotspot\share\interpreter\linkResolver.cpp, line 773]
Event: 0.081 Thread 0x0000017e8de1f880 Exception <a 'java/lang/NoSuchMethodError'{0x00000007117d7dd0}: 'void java.lang.invoke.DirectMethodHandle$Holder.invokeSpecial(java.lang.Object, java.lang.Object, java.lang.Object)'> (0x00000007117d7dd0) 
thrown [s\open\src\hotspot\share\interpreter\linkResolver.cpp, line 773]
Event: 0.112 Thread 0x0000017e8de1f880 Exception <a 'java/lang/NoSuchMethodError'{0x0000000710fa8888}: 'void java.lang.invoke.DirectMethodHandle$Holder.invokeSpecial(java.lang.Object, java.lang.Object, java.lang.Object, java.lang.Object, java.lang.Object)'> (0x0000000710fa8888) 
thrown [s\open\src\hotspot\share\interpreter\linkResolver.cpp, line 773]
Event: 0.115 Thread 0x0000017e8de1f880 Exception <a 'java/lang/NoSuchMethodError'{0x0000000710fbdf60}: 'java.lang.Object java.lang.invoke.DirectMethodHandle$Holder.invokeInterface(java.lang.Object, java.lang.Object)'> (0x0000000710fbdf60) 
thrown [s\open\src\hotspot\share\interpreter\linkResolver.cpp, line 773]
Event: 0.115 Thread 0x0000017e8de1f880 Exception <a 'java/lang/IncompatibleClassChangeError'{0x0000000710fc11c8}: Found class java.lang.Object, but interface was expected> (0x0000000710fc11c8) 
thrown [s\open\src\hotspot\share\interpreter\linkResolver.cpp, line 840]
Event: 0.115 Thread 0x0000017e8de1f880 Exception <a 'java/lang/NoSuchMethodError'{0x0000000710fc3d00}: 'void java.lang.invoke.DirectMethodHandle$Holder.invokeStatic(java.lang.Object, java.lang.Object, java.lang.Object, java.lang.Object)'> (0x0000000710fc3d00) 
thrown [s\open\src\hotspot\share\interpreter\linkResolver.cpp, line 773]
Event: 0.131 Thread 0x0000017e8de1f880 Exception <a 'java/lang/NoSuchMethodError'{0x0000000710d1ba70}: 'java.lang.Object java.lang.invoke.Invokers$Holder.invokeExact_MT(java.lang.Object, java.lang.Object, java.lang.Object, java.lang.Object, java.lang.Object, java.lang.Object)'> (0x0000000710d1ba70) 
thrown [s\open\src\hotspot\share\interpreter\linkResolver.cpp, line 773]
Event: 0.133 Thread 0x0000017e8de1f880 Exception <a 'java/lang/NoSuchMethodError'{0x0000000710d2e158}: 'void java.lang.invoke.DirectMethodHandle$Holder.invokeStatic(java.lang.Object, java.lang.Object)'> (0x0000000710d2e158) 
thrown [s\open\src\hotspot\share\interpreter\linkResolver.cpp, line 773]
Event: 0.211 Thread 0x0000017e8de1f880 Exception <a 'java/lang/NoSuchMethodError'{0x0000000710969bd0}: 'void java.lang.invoke.DirectMethodHandle$Holder.invokeStatic(java.lang.Object, java.lang.Object, java.lang.Object)'> (0x0000000710969bd0) 
thrown [s\open\src\hotspot\share\interpreter\linkResolver.cpp, line 773]
Event: 0.254 Thread 0x0000017e8de1f880 Exception <a 'java/lang/NoSuchMethodError'{0x000000071098a7e8}: 'int java.lang.invoke.DirectMethodHandle$Holder.invokeStaticInit(java.lang.Object, java.lang.Object, java.lang.Object)'> (0x000000071098a7e8) 
thrown [s\open\src\hotspot\share\interpreter\linkResolver.cpp, line 773]
Event: 0.264 Thread 0x0000017e8de1f880 Exception <a 'java/lang/NoSuchMethodError'{0x000000071070a838}: notifyPreferencesChanged> (0x000000071070a838) 
thrown [s\open\src\hotspot\share\prims\jni.cpp, line 1072]
Event: 0.267 Thread 0x0000017e8de1f880 Exception <a 'java/lang/NoSuchMethodError'{0x000000071071fe98}: 'java.lang.Object java.lang.invoke.DirectMethodHandle$Holder.newInvokeSpecial(java.lang.Object, java.lang.Object, int, java.lang.Object)'> (0x000000071071fe98) 
thrown [s\open\src\hotspot\share\interpreter\linkResolver.cpp, line 773]
Event: 0.267 Thread 0x0000017e8de1f880 Exception <a 'java/lang/NoSuchMethodError'{0x0000000710723ff0}: 'java.lang.Object java.lang.invoke.DirectMethodHandle$Holder.invokeSpecial(java.lang.Object, java.lang.Object, java.lang.Object, int, java.lang.Object)'> (0x0000000710723ff0) 
thrown [s\open\src\hotspot\share\interpreter\linkResolver.cpp, line 773]

ZGC Phase Switch (0 events):
No events

VM Operations (6 events):
Event: 0.068 Executing VM operation: HandshakeAllThreads (Deoptimize)
Event: 0.068 Executing VM operation: HandshakeAllThreads (Deoptimize) done
Event: 0.113 Executing VM operation: HandshakeAllThreads (Deoptimize)
Event: 0.113 Executing VM operation: HandshakeAllThreads (Deoptimize) done
Event: 0.260 Executing VM operation: HandshakeAllThreads (Deoptimize)
Event: 0.260 Executing VM operation: HandshakeAllThreads (Deoptimize) done

Events (16 events):
Event: 0.016 Thread 0x0000017e8de1f880 Thread added: 0x0000017e8de1f880
Event: 0.024 Thread 0x0000017ead3e9590 Thread added: 0x0000017ead3e9590
Event: 0.024 Thread 0x0000017ead3ea4b0 Thread added: 0x0000017ead3ea4b0
Event: 0.025 Thread 0x0000017ead3ee7c0 Thread added: 0x0000017ead3ee7c0
Event: 0.025 Thread 0x0000017ead3f27d0 Thread added: 0x0000017ead3f27d0
Event: 0.025 Thread 0x0000017ead3f7240 Thread added: 0x0000017ead3f7240
Event: 0.025 Thread 0x0000017ead3f7ca0 Thread added: 0x0000017ead3f7ca0
Event: 0.025 Thread 0x0000017ead405dd0 Thread added: 0x0000017ead405dd0
Event: 0.025 Thread 0x0000017ead3f8700 Thread added: 0x0000017ead3f8700
Event: 0.044 Thread 0x0000017ead60a290 Thread added: 0x0000017ead60a290
Event: 0.079 Thread 0x0000017ead753340 Thread added: 0x0000017ead753340
Event: 0.086 Thread 0x0000017ead6bc400 Thread added: 0x0000017ead6bc400
Event: 0.122 Thread 0x0000017ef30f6760 Thread added: 0x0000017ef30f6760
Event: 0.212 Thread 0x0000017ef36da030 Thread added: 0x0000017ef36da030
Event: 0.266 Thread 0x0000017ef3297c40 Thread added: 0x0000017ef3297c40
Event: 0.268 Thread 0x0000017ef3738010 Thread added: 0x0000017ef3738010


Dynamic libraries:
0x00007ff6c7300000 - 0x00007ff6c7310000 	C:\Program Files\Java\jdk-21\bin\java.exe
0x00007ff941a50000 - 0x00007ff941c66000 	C:\Windows\SYSTEM32\ntdll.dll
0x00007ff941100000 - 0x00007ff9411c4000 	C:\Windows\System32\KERNEL32.DLL
0x00007ff93ef30000 - 0x00007ff93f2d7000 	C:\Windows\System32\KERNELBASE.dll
0x00007ff93f2e0000 - 0x00007ff93f3f1000 	C:\Windows\System32\ucrtbase.dll
0x00007ff9246b0000 - 0x00007ff9246c9000 	C:\Program Files\Java\jdk-21\bin\jli.dll
0x00007ff93a570000 - 0x00007ff93a58b000 	C:\Program Files\Java\jdk-21\bin\VCRUNTIME140.dll
0x00007ff9416d0000 - 0x00007ff941782000 	C:\Windows\System32\ADVAPI32.dll
0x00007ff941240000 - 0x00007ff9412e7000 	C:\Windows\System32\msvcrt.dll
0x00007ff940640000 - 0x00007ff9406e8000 	C:\Windows\System32\sechost.dll
0x00007ff93ede0000 - 0x00007ff93ee08000 	C:\Windows\System32\bcrypt.dll
0x00007ff93ffa0000 - 0x00007ff9400b5000 	C:\Windows\System32\RPCRT4.dll
0x00007ff940f50000 - 0x00007ff9410fe000 	C:\Windows\System32\USER32.dll
0x00007ff93f570000 - 0x00007ff93f596000 	C:\Windows\System32\win32u.dll
0x00007ff934f50000 - 0x00007ff9351e3000 	C:\Windows\WinSxS\amd64_microsoft.windows.common-controls_6595b64144ccf1df_6.0.22621.3235_none_270f74e173860f98\COMCTL32.dll
0x00007ff93fe70000 - 0x00007ff93fe99000 	C:\Windows\System32\GDI32.dll
0x00007ff93f5a0000 - 0x00007ff93f6b9000 	C:\Windows\System32\gdi32full.dll
0x00007ff93ee90000 - 0x00007ff93ef2a000 	C:\Windows\System32\msvcp_win.dll
0x00007ff938a40000 - 0x00007ff938a4a000 	C:\Windows\SYSTEM32\VERSION.dll
0x00007ff940600000 - 0x00007ff940631000 	C:\Windows\System32\IMM32.DLL
0x00007ff93c0a0000 - 0x00007ff93c0ac000 	C:\Program Files\Java\jdk-21\bin\vcruntime140_1.dll
0x00007ff924260000 - 0x00007ff9242ee000 	C:\Program Files\Java\jdk-21\bin\msvcp140.dll
0x00007ff8dd820000 - 0x00007ff8de535000 	C:\Program Files\Java\jdk-21\bin\server\jvm.dll
0x00007ff93fb70000 - 0x00007ff93fbe1000 	C:\Windows\System32\WS2_32.dll
0x00007ff93dc10000 - 0x00007ff93dc5d000 	C:\Windows\SYSTEM32\POWRPROF.dll
0x00007ff932870000 - 0x00007ff9328a4000 	C:\Windows\SYSTEM32\WINMM.dll
0x00007ff93dbf0000 - 0x00007ff93dc03000 	C:\Windows\SYSTEM32\UMPDC.dll
0x00007ff93dea0000 - 0x00007ff93deb8000 	C:\Windows\SYSTEM32\kernel.appcore.dll
0x00007ff93a5f0000 - 0x00007ff93a5fa000 	C:\Program Files\Java\jdk-21\bin\jimage.dll
0x00007ff931db0000 - 0x00007ff931fe3000 	C:\Windows\SYSTEM32\DBGHELP.DLL
0x00007ff93f780000 - 0x00007ff93fb08000 	C:\Windows\System32\combase.dll
0x00007ff9415f0000 - 0x00007ff9416c7000 	C:\Windows\System32\OLEAUT32.dll
0x00007ff92b0b0000 - 0x00007ff92b0e2000 	C:\Windows\SYSTEM32\dbgcore.DLL
0x00007ff93ee10000 - 0x00007ff93ee89000 	C:\Windows\System32\bcryptPrimitives.dll
0x00007ff93a550000 - 0x00007ff93a56f000 	C:\Program Files\Java\jdk-21\bin\java.dll
0x00007ff9406f0000 - 0x00007ff940f4c000 	C:\Windows\System32\SHELL32.dll
0x00007ff93cce0000 - 0x00007ff93d5d9000 	C:\Windows\SYSTEM32\windows.storage.dll
0x00007ff93cba0000 - 0x00007ff93ccde000 	C:\Windows\SYSTEM32\wintypes.dll
0x00007ff93fea0000 - 0x00007ff93ff93000 	C:\Windows\System32\SHCORE.dll
0x00007ff93fb10000 - 0x00007ff93fb6e000 	C:\Windows\System32\shlwapi.dll
0x00007ff93eca0000 - 0x00007ff93ecc1000 	C:\Windows\SYSTEM32\profapi.dll
0x00007ff9242f0000 - 0x00007ff9243c7000 	C:\Program Files\Java\jdk-21\bin\jsvml.dll
0x00007ff93a540000 - 0x00007ff93a550000 	C:\Program Files\Java\jdk-21\bin\net.dll
0x00007ff939660000 - 0x00007ff939796000 	C:\Windows\SYSTEM32\WINHTTP.dll
0x00007ff93e310000 - 0x00007ff93e379000 	C:\Windows\system32\mswsock.dll
0x00007ff92f010000 - 0x00007ff92f026000 	C:\Program Files\Java\jdk-21\bin\nio.dll
0x00007ff92ea60000 - 0x00007ff92ea78000 	C:\Program Files\Java\jdk-21\bin\zip.dll
0x0000017e8dd40000 - 0x0000017e8dd43000 	C:\Program Files\Java\jdk-21\bin\api-ms-win-core-console-l1-1-0.dll
0x0000017e8dd50000 - 0x0000017e8dd53000 	C:\Program Files\Java\jdk-21\bin\api-ms-win-core-console-l1-2-0.dll
0x0000017e8dd60000 - 0x0000017e8dd63000 	C:\Program Files\Java\jdk-21\bin\api-ms-win-core-datetime-l1-1-0.dll
0x0000017e8dd70000 - 0x0000017e8dd73000 	C:\Program Files\Java\jdk-21\bin\api-ms-win-core-debug-l1-1-0.dll
0x0000017e8dd80000 - 0x0000017e8dd83000 	C:\Program Files\Java\jdk-21\bin\api-ms-win-core-errorhandling-l1-1-0.dll
0x0000017e8dd90000 - 0x0000017e8dd94000 	C:\Program Files\Java\jdk-21\bin\api-ms-win-core-file-l1-1-0.dll
0x0000017e8dda0000 - 0x0000017e8dda3000 	C:\Program Files\Java\jdk-21\bin\api-ms-win-core-file-l1-2-0.dll
0x0000017e8ddb0000 - 0x0000017e8ddb3000 	C:\Program Files\Java\jdk-21\bin\api-ms-win-core-file-l2-1-0.dll
0x0000017e8ddc0000 - 0x0000017e8ddc3000 	C:\Program Files\Java\jdk-21\bin\api-ms-win-core-handle-l1-1-0.dll
0x0000017e8ddd0000 - 0x0000017e8ddd3000 	C:\Program Files\Java\jdk-21\bin\api-ms-win-core-heap-l1-1-0.dll
0x0000017ead950000 - 0x0000017ead953000 	C:\Program Files\Java\jdk-21\bin\api-ms-win-core-interlocked-l1-1-0.dll
0x0000017ead960000 - 0x0000017ead963000 	C:\Program Files\Java\jdk-21\bin\api-ms-win-core-libraryloader-l1-1-0.dll
0x0000017ead970000 - 0x0000017ead973000 	C:\Program Files\Java\jdk-21\bin\api-ms-win-core-localization-l1-2-0.dll
0x0000017ead980000 - 0x0000017ead983000 	C:\Program Files\Java\jdk-21\bin\api-ms-win-core-memory-l1-1-0.dll
0x0000017ead990000 - 0x0000017ead993000 	C:\Program Files\Java\jdk-21\bin\api-ms-win-core-namedpipe-l1-1-0.dll
0x0000017ead9a0000 - 0x0000017ead9a3000 	C:\Program Files\Java\jdk-21\bin\api-ms-win-core-processenvironment-l1-1-0.dll
0x0000017ead9b0000 - 0x0000017ead9b3000 	C:\Program Files\Java\jdk-21\bin\api-ms-win-core-processthreads-l1-1-0.dll
0x0000017ead9c0000 - 0x0000017ead9c3000 	C:\Program Files\Java\jdk-21\bin\api-ms-win-core-processthreads-l1-1-1.dll
0x0000017ead9d0000 - 0x0000017ead9d3000 	C:\Program Files\Java\jdk-21\bin\api-ms-win-core-profile-l1-1-0.dll
0x0000017ead9e0000 - 0x0000017ead9e3000 	C:\Program Files\Java\jdk-21\bin\api-ms-win-core-rtlsupport-l1-1-0.dll
0x0000017ead9f0000 - 0x0000017ead9f3000 	C:\Program Files\Java\jdk-21\bin\api-ms-win-core-string-l1-1-0.dll
0x0000017eada00000 - 0x0000017eada03000 	C:\Program Files\Java\jdk-21\bin\api-ms-win-core-synch-l1-1-0.dll
0x0000017eada10000 - 0x0000017eada13000 	C:\Program Files\Java\jdk-21\bin\api-ms-win-core-synch-l1-2-0.dll
0x0000017eada20000 - 0x0000017eada23000 	C:\Program Files\Java\jdk-21\bin\api-ms-win-core-sysinfo-l1-1-0.dll
0x0000017eada30000 - 0x0000017eada33000 	C:\Program Files\Java\jdk-21\bin\api-ms-win-core-timezone-l1-1-0.dll
0x0000017eada40000 - 0x0000017eada43000 	C:\Program Files\Java\jdk-21\bin\api-ms-win-core-util-l1-1-0.dll
0x0000017eada50000 - 0x0000017eada53000 	C:\Program Files\Java\jdk-21\bin\api-ms-win-crt-conio-l1-1-0.dll
0x0000017eada60000 - 0x0000017eada64000 	C:\Program Files\Java\jdk-21\bin\api-ms-win-crt-convert-l1-1-0.dll
0x0000017eada70000 - 0x0000017eada73000 	C:\Program Files\Java\jdk-21\bin\api-ms-win-crt-environment-l1-1-0.dll
0x0000017eada80000 - 0x0000017eada83000 	C:\Program Files\Java\jdk-21\bin\api-ms-win-crt-filesystem-l1-1-0.dll
0x0000017eada90000 - 0x0000017eada93000 	C:\Program Files\Java\jdk-21\bin\api-ms-win-crt-heap-l1-1-0.dll
0x0000017eadaa0000 - 0x0000017eadaa3000 	C:\Program Files\Java\jdk-21\bin\api-ms-win-crt-locale-l1-1-0.dll
0x0000017eadab0000 - 0x0000017eadab5000 	C:\Program Files\Java\jdk-21\bin\api-ms-win-crt-math-l1-1-0.dll
0x0000017eadac0000 - 0x0000017eadac5000 	C:\Program Files\Java\jdk-21\bin\api-ms-win-crt-multibyte-l1-1-0.dll
0x0000017eadad0000 - 0x0000017eadae0000 	C:\Program Files\Java\jdk-21\bin\api-ms-win-crt-private-l1-1-0.dll
0x0000017eadae0000 - 0x0000017eadae3000 	C:\Program Files\Java\jdk-21\bin\api-ms-win-crt-process-l1-1-0.dll
0x0000017eadaf0000 - 0x0000017eadaf4000 	C:\Program Files\Java\jdk-21\bin\api-ms-win-crt-runtime-l1-1-0.dll
0x0000017eadb00000 - 0x0000017eadb04000 	C:\Program Files\Java\jdk-21\bin\api-ms-win-crt-stdio-l1-1-0.dll
0x0000017eadb10000 - 0x0000017eadb14000 	C:\Program Files\Java\jdk-21\bin\api-ms-win-crt-string-l1-1-0.dll
0x0000017eadb20000 - 0x0000017eadb23000 	C:\Program Files\Java\jdk-21\bin\api-ms-win-crt-time-l1-1-0.dll
0x0000017eadb30000 - 0x0000017eadb33000 	C:\Program Files\Java\jdk-21\bin\api-ms-win-crt-utility-l1-1-0.dll
0x00007ff8e3790000 - 0x00007ff8e3890000 	C:\Program Files\Java\jdk-21\bin\ucrtbase.dll
0x00007ff92e7b0000 - 0x00007ff92e7b9000 	C:\Windows\System32\msvcp140_1.dll
0x00007ff9221f0000 - 0x00007ff922231000 	C:\Windows\System32\msvcp140_2.dll
0x00007ff924230000 - 0x00007ff924260000 	C:\java\javafx-sdk-22\bin\prism_d3d.dll
0x00007ff906a80000 - 0x00007ff906c29000 	C:\Windows\system32\d3d9.dll
0x00007ff93c630000 - 0x00007ff93c65b000 	C:\Windows\SYSTEM32\dwmapi.dll
0x00007ff93c3f0000 - 0x00007ff93c429000 	C:\Windows\SYSTEM32\dxcore.dll
0x00007ff93c2f0000 - 0x00007ff93c39b000 	C:\Windows\system32\uxtheme.dll
0x00007ff935c20000 - 0x00007ff935cdc000 	C:\Windows\System32\DriverStore\FileRepository\nvmdui.inf_amd64_cf0ff083306d6565\nvldumdx.dll
0x00007ff93ea10000 - 0x00007ff93ea22000 	C:\Windows\SYSTEM32\msasn1.dll
0x00007ff938a00000 - 0x00007ff938a32000 	C:\Windows\SYSTEM32\cryptnet.dll
0x00007ff93f400000 - 0x00007ff93f567000 	C:\Windows\System32\CRYPT32.dll
0x00007ff9388a0000 - 0x00007ff9389f8000 	C:\Windows\SYSTEM32\drvstore.dll
0x00007ff93ea30000 - 0x00007ff93ea5c000 	C:\Windows\SYSTEM32\devobj.dll
0x00007ff93ea60000 - 0x00007ff93eaae000 	C:\Windows\SYSTEM32\cfgmgr32.dll
0x00007ff93e620000 - 0x00007ff93e668000 	C:\Windows\SYSTEM32\wldp.dll
0x00007ff93e590000 - 0x00007ff93e59c000 	C:\Windows\SYSTEM32\cryptbase.dll
0x00007ff93ed70000 - 0x00007ff93eddb000 	C:\Windows\System32\wintrust.dll
0x00007ff941830000 - 0x00007ff94184f000 	C:\Windows\System32\imagehlp.dll
0x00007ff93e570000 - 0x00007ff93e58b000 	C:\Windows\SYSTEM32\CRYPTSP.dll
0x00007ff93de00000 - 0x00007ff93de35000 	C:\Windows\system32\rsaenh.dll
0x00007ff92f410000 - 0x00007ff9315fd000 	C:\Windows\System32\DriverStore\FileRepository\nvmdui.inf_amd64_cf0ff083306d6565\nvgpucomp64.dll
0x00007ff8c3880000 - 0x00007ff8c6244000 	C:\Windows\System32\DriverStore\FileRepository\nvmdui.inf_amd64_cf0ff083306d6565\nvd3dumx.dll
0x00007ff939320000 - 0x00007ff93936a000 	C:\Windows\SYSTEM32\directxdatabasehelper.dll
0x00007ff921040000 - 0x00007ff921085000 	C:\java\javafx-sdk-22\bin\glass.dll
0x00007ff9414f0000 - 0x00007ff9415e9000 	C:\Windows\System32\COMDLG32.dll
0x00007ff9412f0000 - 0x00007ff941495000 	C:\Windows\System32\ole32.dll
0x00007ff93fd00000 - 0x00007ff93fe53000 	C:\Windows\System32\MSCTF.dll

dbghelp: loaded successfully - version: 4.0.5 - missing functions: none
symbol engine: initialized successfully - sym options: 0x614 - pdb path: .;C:\Program Files\Java\jdk-21\bin;C:\Windows\SYSTEM32;C:\Windows\WinSxS\amd64_microsoft.windows.common-controls_6595b64144ccf1df_6.0.22621.3235_none_270f74e173860f98;C:\Program Files\Java\jdk-21\bin\server;C:\java\javafx-sdk-22\bin;C:\Windows\System32\DriverStore\FileRepository\nvmdui.inf_amd64_cf0ff083306d6565

VM Arguments:
jvm_args: --module-path=C:\Users\User\Documents\NetBeansProjects\testJavaFX\target\classes;C:\Users\User\.m2\repository\mysql\mysql-connector-java\8.0.27\mysql-connector-java-8.0.27.jar;C:\Users\User\.m2\repository\net\sf\jasperreports\jasperreports\6.21.2\jasperreports-6.21.2.jar;C:\Users\User\.m2\repository\org\mockito\mockito-core\5.11.0\mockito-core-5.11.0.jar;C:\Users\User\.m2\repository\org\openjfx\javafx-base\21.0.3\javafx-base-21.0.3-win.jar;C:\Users\User\.m2\repository\org\openjfx\javafx-controls\21.0.3\javafx-controls-21.0.3-win.jar;C:\Users\User\.m2\repository\org\openjfx\javafx-fxml\21.0.3\javafx-fxml-21.0.3-win.jar;C:\Users\User\.m2\repository\org\openjfx\javafx-graphics\21.0.3\javafx-graphics-21.0.3-win.jar --add-modules=com.mycompany.testjavafx -Djdk.module.main=com.mycompany.testjavafx 
java_command: com.mycompany.testjavafx/com.mycompany.testjavafx.App
java_class_path (initial): C:\Users\User\.m2\repository\com\fasterxml\jackson\core\jackson-annotations\2.15.3\jackson-annotations-2.15.3.jar;C:\Users\User\.m2\repository\com\fasterxml\jackson\core\jackson-core\2.15.3\jackson-core-2.15.3.jar;C:\Users\User\.m2\repository\com\fasterxml\jackson\core\jackson-databind\2.15.3\jackson-databind-2.15.3.jar;C:\Users\User\.m2\repository\com\fasterxml\jackson\dataformat\jackson-dataformat-xml\2.15.3\jackson-dataformat-xml-2.15.3.jar;C:\Users\User\.m2\repository\com\fasterxml\woodstox\woodstox-core\6.5.1\woodstox-core-6.5.1.jar;C:\Users\User\.m2\repository\com\github\librepdf\openpdf\1.3.32\openpdf-1.3.32.jar;C:\Users\User\.m2\repository\com\google\protobuf\protobuf-java\3.11.4\protobuf-java-3.11.4.jar;C:\Users\User\.m2\repository\commons-beanutils\commons-beanutils\1.9.4\commons-beanutils-1.9.4.jar;C:\Users\User\.m2\repository\commons-collections\commons-collections\3.2.2\commons-collections-3.2.2.jar;C:\Users\User\.m2\repository\commons-digester\commons-digester\2.1\commons-digester-2.1.jar;C:\Users\User\.m2\repository\commons-logging\commons-logging\1.1.1\commons-logging-1.1.1.jar;C:\Users\User\.m2\repository\org\apache\commons\commons-collections4\4.2\commons-collections4-4.2.jar;C:\Users\User\.m2\repository\org\codehaus\woodstox\stax2-api\4.2.1\stax2-api-4.2.1.jar;C:\Users\User\.m2\repository\org\eclipse\jdt\ecj\3.21.0\ecj-3.21.0.jar;C:\Users\User\.m2\repository\org\jfree\jcommon\1.0.23\jcommon-1.0.23.jar;C:\Users\User\.m2\repository\org\jfree\jfreechart\1.0.19\jfreechart-1.0.19.jar;C:\Users\User\.m2\repository\org\objenesis\objenesis\3.3\objenesis-3.3.jar;C:\Users\User\.m2\repository\org\openjfx\javafx-graphics\21.0.3\javafx-graphics-21.0.3.jar
Launcher Type: SUN_STANDARD

[Global flags]
     intx CICompilerCount                          = 4                                         {product} {ergonomic}
     uint ConcGCThreads                            = 3                                         {product} {ergonomic}
     uint G1ConcRefinementThreads                  = 10                                        {product} {ergonomic}
   size_t G1HeapRegionSize                         = 2097152                                   {product} {ergonomic}
    uintx GCDrainStackTargetSize                   = 64                                        {product} {ergonomic}
   size_t InitialHeapSize                          = 268435456                                 {product} {ergonomic}
   size_t MarkStackSize                            = 4194304                                   {product} {ergonomic}
   size_t MaxHeapSize                              = 4267704320                                {product} {ergonomic}
   size_t MaxNewSize                               = 2560622592                                {product} {ergonomic}
   size_t MinHeapDeltaBytes                        = 2097152                                   {product} {ergonomic}
   size_t MinHeapSize                              = 8388608                                   {product} {ergonomic}
    uintx NonNMethodCodeHeapSize                   = 5839372                                {pd product} {ergonomic}
    uintx NonProfiledCodeHeapSize                  = 122909434                              {pd product} {ergonomic}
    uintx ProfiledCodeHeapSize                     = 122909434                              {pd product} {ergonomic}
    uintx ReservedCodeCacheSize                    = 251658240                              {pd product} {ergonomic}
     bool SegmentedCodeCache                       = true                                      {product} {ergonomic}
   size_t SoftMaxHeapSize                          = 4267704320                             {manageable} {ergonomic}
     bool UseCompressedOops                        = true                           {product lp64_product} {ergonomic}
     bool UseG1GC                                  = true                                      {product} {ergonomic}
     bool UseLargePagesIndividualAllocation        = false                                  {pd product} {ergonomic}

Logging:
Log output configuration:
 #0: stdout all=warning uptime,level,tags foldmultilines=false
 #1: stderr all=off uptime,level,tags foldmultilines=false

Environment Variables:
JAVA_HOME=C:\Program Files\Java\jdk-21
PATH=C:\Program Files\NVIDIA GPU Computing Toolkit\CUDA\v12.3\bin;C:\Program Files\NVIDIA GPU Computing Toolkit\CUDA\v12.3\libnvvp;C:\Program Files\Common Files\Oracle\Java\javapath;C:\Program Files\Eclipse Adoptium\jre-21.0.1.12-hotspot\bin;C:\Program Files\Eclipse Adoptium\jre-8.0.392.8-hotspot\bin;C:\Program Files\Eclipse Adoptium\jre-17.0.9.9-hotspot\bin;C:\Program Files\Eclipse Adoptium\jre-11.0.21.9-hotspot\bin;C:\Program Files (x86)\Eclipse Adoptium\jre-8.0.392.8-hotspot\bin;C:\Windows\system32;C:\Windows;C:\Windows\System32\Wbem;C:\Windows\System32\WindowsPowerShell\v1.0\;C:\Windows\System32\OpenSSH\;C:\Program Files (x86)\NVIDIA Corporation\PhysX\Common;C:\Program Files\NVIDIA Corporation\NVIDIA NvDLISR;C:\Program Files\PuTTY\;C:\Program Files\AutoFirma\AutoFirma;C:\Program Files (x86)\Microsoft SQL Server\80\Tools\Binn\;c:\Program Files (x86)\Microsoft SQL Server\100\Tools\Binn\;c:\Program Files (x86)\Microsoft SQL Server\100\DTS\Binn\;C:\Program Files (x86)\Microsoft SQL Server\160\DTS\Binn\;C:\Program Files\Azure Data Studio\bin;C:\Users\User\AppData\Local\Programs\Python\Python37\python.exe;C:\Program Files\NVIDIA Corporation\Nsight Compute 2023.3.1\;C:\java\javafx-sdk-22\bin\;C:\java\javafx-sdk-21.0.2\bin\;C:\Program Files\Git\cmd;C:\Users\User\AppData\Local\Programs\Python\Launcher\;C:\Users\User\AppData\Local\Microsoft\WindowsApps;;C:\Program Files\Azure Data Studio\bin;C:\Program Files\JetBrains\IntelliJ IDEA Community Edition 2024.1.1\bin;
USERNAME=User
OS=Windows_NT
PROCESSOR_IDENTIFIER=AMD64 Family 25 Model 80 Stepping 0, AuthenticAMD
TMP=C:\Users\User\AppData\Local\Temp
TEMP=C:\Users\User\AppData\Local\Temp




Periodic native trim disabled

---------------  S Y S T E M  ---------------

OS:
 Windows 11 , 64 bit Build 22621 (10.0.22621.3374)
OS uptime: 0 days 9:44 hours

CPU: total 12 (initial active 12) (12 cores per cpu, 2 threads per core) family 25 model 80 stepping 0 microcode 0x0, cx8, cmov, fxsr, ht, mmx, 3dnowpref, sse, sse2, sse3, ssse3, sse4a, sse4.1, sse4.2, popcnt, lzcnt, tsc, tscinvbit, avx, avx2, aes, erms, clmul, bmi1, bmi2, adx, sha, fma, vzeroupper, clflush, clflushopt, rdtscp, rdpid, fsrm, f16c, pku, cet_ss
Processor Information for all 12 processors :
  Max Mhz: 3600, Current Mhz: 3600, Mhz Limit: 3600

Memory: 4k page, system-wide physical 16273M (7699M free)
TotalPageFile size 43921M (AvailPageFile size 29311M)
current process WorkingSet (physical memory assigned to process): 75M, peak: 75M
current process commit charge ("private bytes"): 365M, peak: 365M

vm_info: Java HotSpot(TM) 64-Bit Server VM (21.0.1+12-LTS-29) for windows-amd64 JRE (21.0.1+12-LTS-29), built on 2023-10-05T13:27:09Z by "mach5one" with MS VC++ 17.1 (VS2022)

END.
